Final Result = 136.0/450.0
Automark = 50.333333333333336% (17.616666666666667 / 35), PS
1. Player Movement

Test 1-1: Test the player can move down
SUCCESS DONE

Test 1-2: Test the player can move up
SUCCESS DONE

Test 1-3: Test the player can move left
SUCCESS DONE

Test 1-4: Test the player can move right
SUCCESS DONE

2. Interface Methods

Test 2-1: Testing newGame interface method normal operation
SUCCESS DONE

Test 2-2: Testing newGame on a nonexistent dungeon
SUCCESS DONE

Test 2-3: Testing tick interface method normal operation
SUCCESS DONE

Test 2-4: Testing tick with an unusable item in the inventory
SUCCESS DONE

Test 2-5: Testing tick with an item that is not in the player's inventory
InterfaceTest > TickInterfaceTest > Testing tick with an item that is not in the player's inventory FAILED org.opentest4j.AssertionFailedError: Unexpected exception type thrown ==> expected: <dungeonmania.exceptions.InvalidActionException> but was: <java.lang.NullPointerException> at app//org.junit.jupiter.api.AssertThrows.assertThrows(AssertThrows.java:65) at app//org.junit.jupiter.api.AssertThrows.assertThrows(AssertThrows.java:37) at app//org.junit.jupiter.api.Assertions.assertThrows(Assertions.java:3082) at app//dungeonmania.automarking.InterfaceTest$TickInterfaceTest.testTickInterfaceItemNotInInventory(InterfaceTest.java:76) Caused by: java.lang.NullPointerException at dungeonmania.DungeonManiaController.tick(DungeonManiaController.java:120) at dungeonmania.automarking.InterfaceTest$TickInterfaceTest.lambda$testTickInterfaceItemNotInInventory$2(InterfaceTest.java:78) at org.junit.jupiter.api.AssertThrows.assertThrows(AssertThrows.java:55) ... 3 more FAILURE DONE 1 test completed, 1 failed FAILURE: Build failed with an exception. FRONTEND.md README.md SETUP.md assumptions.pdf build build.gradle config_template.json credits.md design.pdf extract_coverage.sh gradle gradlew gradlew.bat images planning.pdf setup src testing.pdf What went wrong: Execution failed for task ':test'. > There were failing tests. See the report at: file:///W15B_DONUT/build/reports/tests/test/index.html FRONTEND.md README.md SETUP.md assumptions.pdf build build.gradle config_template.json credits.md design.pdf extract_coverage.sh gradle gradlew gradlew.bat images planning.pdf setup src testing.pdf Try: > Run with --stacktrace option to get the stack trace. > Run with --info or --debug option to get more log output. > Run with --scan to get full insights. FRONTEND.md README.md SETUP.md assumptions.pdf build build.gradle config_template.json credits.md design.pdf extract_coverage.sh gradle gradlew gradlew.bat images planning.pdf setup src testing.pdf Get more help at https://help.gradle.org BUILD FAILED in 13s

3. Boulders

Test 3-1: Test pushing a boulder
SUCCESS DONE

Test 3-2: Test attempting to push a boulder into a wall
SUCCESS DONE

Test 3-3: Test the player is unable to push two boulders
SUCCESS DONE

4. Doors & Keys

Test 4-1: Test player cannot walk through a closed door
SUCCESS DONE

Test 4-2: Test player can pick up a key and add to inventory
SUCCESS DONE

Test 4-3: Test player can use a key to open and walk through a door
SUCCESS DONE

Test 4-4: Test player cannot pickup two keys at the same time
DoorsKeysTest > Test player cannot pickup two keys at the same time FAILED org.opentest4j.AssertionFailedError: expected: <1> but was: <2> at app//org.junit.jupiter.api.AssertionUtils.fail(AssertionUtils.java:55) at app//org.junit.jupiter.api.AssertionUtils.failNotEqual(AssertionUtils.java:62) at app//org.junit.jupiter.api.AssertEquals.assertEquals(AssertEquals.java:150) at app//org.junit.jupiter.api.AssertEquals.assertEquals(AssertEquals.java:145) at app//org.junit.jupiter.api.Assertions.assertEquals(Assertions.java:527) at app//dungeonmania.automarking.DoorsKeysTest.cannotPickupTwoKeys(DoorsKeysTest.java:84) FAILURE DONE 1 test completed, 1 failed FAILURE: Build failed with an exception. FRONTEND.md README.md SETUP.md assumptions.pdf build build.gradle config_template.json credits.md design.pdf extract_coverage.sh gradle gradlew gradlew.bat images planning.pdf setup src testing.pdf What went wrong: Execution failed for task ':test'. > There were failing tests. See the report at: file:///W15B_DONUT/build/reports/tests/test/index.html FRONTEND.md README.md SETUP.md assumptions.pdf build build.gradle config_template.json credits.md design.pdf extract_coverage.sh gradle gradlew gradlew.bat images planning.pdf setup src testing.pdf Try: > Run with --stacktrace option to get the stack trace. > Run with --info or --debug option to get more log output. > Run with --scan to get full insights. FRONTEND.md README.md SETUP.md assumptions.pdf build build.gradle config_template.json credits.md design.pdf extract_coverage.sh gradle gradlew gradlew.bat images planning.pdf setup src testing.pdf Get more help at https://help.gradle.org BUILD FAILED in 12s

Test 4-5: Test player can pick up a second key after using the first
SUCCESS DONE

Test 4-6: Test player cannot open a door with the wrong key
SUCCESS DONE

Test 4-7: Test doors remain open and the player can move through the door without a key
SUCCESS DONE

5. Buildable Entities

Test 5-1: Test IllegalArgumentException is raised when attempting to build an unknown entity - sword
SUCCESS DONE

Test 5-2: Test InvalidActionException is raised when the player does not have sufficient items to build a bow or shield
SUCCESS DONE

Test 5-3: Test building a bow
SUCCESS DONE

Test 5-4: Test building a shield with a key
SUCCESS DONE

Test 5-5: Test building a shield with treasure
SUCCESS DONE

Test 5-6: Test DungeonResponse buildables parameter is a list of buildable item types that the player can build with their current inventory
SUCCESS DONE

6. Potions

Test 6-1: Test invincibility potion can be picked up and consumed
SUCCESS DONE

Test 6-2: Test invisibility potion can be picked up and consumed
SUCCESS DONE

Test 6-3: Test the effects of the invincibility potion only last for a limited time
PotionsTest > Test the effects of the invincibility potion only last for a limited time FAILED org.opentest4j.AssertionFailedError: expected: <1> but was: <2> at app//org.junit.jupiter.api.AssertionUtils.fail(AssertionUtils.java:55) at app//org.junit.jupiter.api.AssertionUtils.failNotEqual(AssertionUtils.java:62) at app//org.junit.jupiter.api.AssertEquals.assertEquals(AssertEquals.java:150) at app//org.junit.jupiter.api.AssertEquals.assertEquals(AssertEquals.java:145) at app//org.junit.jupiter.api.Assertions.assertEquals(Assertions.java:527) at app//dungeonmania.automarking.PotionsTest.invincibilityDuration(PotionsTest.java:88) FAILURE DONE 1 test completed, 1 failed FAILURE: Build failed with an exception. FRONTEND.md README.md SETUP.md assumptions.pdf build build.gradle config_template.json credits.md design.pdf extract_coverage.sh gradle gradlew gradlew.bat images planning.pdf setup src testing.pdf What went wrong: Execution failed for task ':test'. > There were failing tests. See the report at: file:///W15B_DONUT/build/reports/tests/test/index.html FRONTEND.md README.md SETUP.md assumptions.pdf build build.gradle config_template.json credits.md design.pdf extract_coverage.sh gradle gradlew gradlew.bat images planning.pdf setup src testing.pdf Try: > Run with --stacktrace option to get the stack trace. > Run with --info or --debug option to get more log output. > Run with --scan to get full insights. FRONTEND.md README.md SETUP.md assumptions.pdf build build.gradle config_template.json credits.md design.pdf extract_coverage.sh gradle gradlew gradlew.bat images planning.pdf setup src testing.pdf Get more help at https://help.gradle.org BUILD FAILED in 12s

Test 6-4: Test the effects of the invisibility potion only last for a limited time
PotionsTest > Test the effects of the invisibility potion only last for a limited time FAILED org.opentest4j.AssertionFailedError: expected: <1> but was: <2> at app//org.junit.jupiter.api.AssertionUtils.fail(AssertionUtils.java:55) at app//org.junit.jupiter.api.AssertionUtils.failNotEqual(AssertionUtils.java:62) at app//org.junit.jupiter.api.AssertEquals.assertEquals(AssertEquals.java:150) at app//org.junit.jupiter.api.AssertEquals.assertEquals(AssertEquals.java:145) at app//org.junit.jupiter.api.Assertions.assertEquals(Assertions.java:527) at app//dungeonmania.automarking.PotionsTest.invisibilityDuration(PotionsTest.java:141) FAILURE DONE 1 test completed, 1 failed FAILURE: Build failed with an exception. FRONTEND.md README.md SETUP.md assumptions.pdf build build.gradle config_template.json credits.md design.pdf extract_coverage.sh gradle gradlew gradlew.bat images planning.pdf setup src testing.pdf What went wrong: Execution failed for task ':test'. > There were failing tests. See the report at: file:///W15B_DONUT/build/reports/tests/test/index.html FRONTEND.md README.md SETUP.md assumptions.pdf build build.gradle config_template.json credits.md design.pdf extract_coverage.sh gradle gradlew gradlew.bat images planning.pdf setup src testing.pdf Try: > Run with --stacktrace option to get the stack trace. > Run with --info or --debug option to get more log output. > Run with --scan to get full insights. FRONTEND.md README.md SETUP.md assumptions.pdf build build.gradle config_template.json credits.md design.pdf extract_coverage.sh gradle gradlew gradlew.bat images planning.pdf setup src testing.pdf Get more help at https://help.gradle.org BUILD FAILED in 12s

Test 6-5: Test invincibility potions do not change spider movement
PotionsTest > Test invincibility potions do not change spider movement FAILED org.opentest4j.AssertionFailedError: expected: <Position [x=6, y=5, z=0]> but was: <Position [x=6, y=4, z=0]> at app//org.junit.jupiter.api.AssertionUtils.fail(AssertionUtils.java:55) at app//org.junit.jupiter.api.AssertionUtils.failNotEqual(AssertionUtils.java:62) at app//org.junit.jupiter.api.AssertEquals.assertEquals(AssertEquals.java:182) at app//org.junit.jupiter.api.AssertEquals.assertEquals(AssertEquals.java:177) at app//org.junit.jupiter.api.Assertions.assertEquals(Assertions.java:1141) at app//dungeonmania.automarking.PotionsTest.invincibilitySpiderMovement(PotionsTest.java:176) FAILURE DONE 1 test completed, 1 failed FAILURE: Build failed with an exception. FRONTEND.md README.md SETUP.md assumptions.pdf build build.gradle config_template.json credits.md design.pdf extract_coverage.sh gradle gradlew gradlew.bat images planning.pdf setup src testing.pdf What went wrong: Execution failed for task ':test'. > There were failing tests. See the report at: file:///W15B_DONUT/build/reports/tests/test/index.html FRONTEND.md README.md SETUP.md assumptions.pdf build build.gradle config_template.json credits.md design.pdf extract_coverage.sh gradle gradlew gradlew.bat images planning.pdf setup src testing.pdf Try: > Run with --stacktrace option to get the stack trace. > Run with --info or --debug option to get more log output. > Run with --scan to get full insights. FRONTEND.md README.md SETUP.md assumptions.pdf build build.gradle config_template.json credits.md design.pdf extract_coverage.sh gradle gradlew gradlew.bat images planning.pdf setup src testing.pdf Get more help at https://help.gradle.org BUILD FAILED in 12s

Test 6-6: Test invincibility potions cause zombies to run away
SUCCESS DONE

Test 6-7: Test invincibility potions cause mercenaries to run away
PotionsTest > Test invincibility potions cause mercenaries to run away FAILED org.opentest4j.AssertionFailedError: expected: <1> but was: <0> at app//org.junit.jupiter.api.AssertionUtils.fail(AssertionUtils.java:55) at app//org.junit.jupiter.api.AssertionUtils.failNotEqual(AssertionUtils.java:62) at app//org.junit.jupiter.api.AssertEquals.assertEquals(AssertEquals.java:150) at app//org.junit.jupiter.api.AssertEquals.assertEquals(AssertEquals.java:145) at app//org.junit.jupiter.api.Assertions.assertEquals(Assertions.java:527) at app//dungeonmania.automarking.PotionsTest.invincibilityMercenaryMovement(PotionsTest.java:224) FAILURE DONE 1 test completed, 1 failed FAILURE: Build failed with an exception. FRONTEND.md README.md SETUP.md assumptions.pdf build build.gradle config_template.json credits.md design.pdf extract_coverage.sh gradle gradlew gradlew.bat images planning.pdf setup src testing.pdf What went wrong: Execution failed for task ':test'. > There were failing tests. See the report at: file:///W15B_DONUT/build/reports/tests/test/index.html FRONTEND.md README.md SETUP.md assumptions.pdf build build.gradle config_template.json credits.md design.pdf extract_coverage.sh gradle gradlew gradlew.bat images planning.pdf setup src testing.pdf Try: > Run with --stacktrace option to get the stack trace. > Run with --info or --debug option to get more log output. > Run with --scan to get full insights. FRONTEND.md README.md SETUP.md assumptions.pdf build build.gradle config_template.json credits.md design.pdf extract_coverage.sh gradle gradlew gradlew.bat images planning.pdf setup src testing.pdf Get more help at https://help.gradle.org BUILD FAILED in 12s

Test 6-8: Test when the effects of a second potion are 'queued' and will take place the tick following the previous potion wearing off
PotionsTest > Test when the effects of a second potion are 'queued' and will take place the tick following the previous potion wearing off FAILED org.opentest4j.AssertionFailedError: expected: <0> but was: <1> at app//org.junit.jupiter.api.AssertionUtils.fail(AssertionUtils.java:55) at app//org.junit.jupiter.api.AssertionUtils.failNotEqual(AssertionUtils.java:62) at app//org.junit.jupiter.api.AssertEquals.assertEquals(AssertEquals.java:150) at app//org.junit.jupiter.api.AssertEquals.assertEquals(AssertEquals.java:145) at app//org.junit.jupiter.api.Assertions.assertEquals(Assertions.java:527) at app//dungeonmania.automarking.PotionsTest.potionQueuing(PotionsTest.java:291) FAILURE DONE 1 test completed, 1 failed FAILURE: Build failed with an exception. FRONTEND.md README.md SETUP.md assumptions.pdf build build.gradle config_template.json credits.md design.pdf extract_coverage.sh gradle gradlew gradlew.bat images planning.pdf setup src testing.pdf What went wrong: Execution failed for task ':test'. > There were failing tests. See the report at: file:///W15B_DONUT/build/reports/tests/test/index.html FRONTEND.md README.md SETUP.md assumptions.pdf build build.gradle config_template.json credits.md design.pdf extract_coverage.sh gradle gradlew gradlew.bat images planning.pdf setup src testing.pdf Try: > Run with --stacktrace option to get the stack trace. > Run with --info or --debug option to get more log output. > Run with --scan to get full insights. FRONTEND.md README.md SETUP.md assumptions.pdf build build.gradle config_template.json credits.md design.pdf extract_coverage.sh gradle gradlew gradlew.bat images planning.pdf setup src testing.pdf Get more help at https://help.gradle.org BUILD FAILED in 12s

7. Portals

Test 7-1: Test portals work both ways
PortalsTest > Test portals work both ways FAILED org.opentest4j.AssertionFailedError: expected: <1> but was: <0> at app//org.junit.jupiter.api.AssertionUtils.fail(AssertionUtils.java:55) at app//org.junit.jupiter.api.AssertionUtils.failNotEqual(AssertionUtils.java:62) at app//org.junit.jupiter.api.AssertEquals.assertEquals(AssertEquals.java:150) at app//org.junit.jupiter.api.AssertEquals.assertEquals(AssertEquals.java:145) at app//org.junit.jupiter.api.Assertions.assertEquals(Assertions.java:527) at app//dungeonmania.automarking.PortalsTest.testTeleportationBothWays(PortalsTest.java:32) FAILURE DONE 1 test completed, 1 failed FAILURE: Build failed with an exception. FRONTEND.md README.md SETUP.md assumptions.pdf build build.gradle config_template.json credits.md design.pdf extract_coverage.sh gradle gradlew gradlew.bat images planning.pdf setup src testing.pdf What went wrong: Execution failed for task ':test'. > There were failing tests. See the report at: file:///W15B_DONUT/build/reports/tests/test/index.html FRONTEND.md README.md SETUP.md assumptions.pdf build build.gradle config_template.json credits.md design.pdf extract_coverage.sh gradle gradlew gradlew.bat images planning.pdf setup src testing.pdf Try: > Run with --stacktrace option to get the stack trace. > Run with --info or --debug option to get more log output. > Run with --scan to get full insights. FRONTEND.md README.md SETUP.md assumptions.pdf build build.gradle config_template.json credits.md design.pdf extract_coverage.sh gradle gradlew gradlew.bat images planning.pdf setup src testing.pdf Get more help at https://help.gradle.org BUILD FAILED in 11s

Test 7-2: Test player cannot teleport into a wall
SUCCESS DONE

Test 7-3: Test portal has no affect on spiders
SUCCESS DONE

Test 7-4: Test portal has no affect on zombies
SUCCESS DONE

Test 7-5: Test portal matching when there are multiple portals
PortalsTest > Test portal matching when there are multiple portals FAILED org.opentest4j.AssertionFailedError: expected: <1> but was: <0> at app//org.junit.jupiter.api.AssertionUtils.fail(AssertionUtils.java:55) at app//org.junit.jupiter.api.AssertionUtils.failNotEqual(AssertionUtils.java:62) at app//org.junit.jupiter.api.AssertEquals.assertEquals(AssertEquals.java:150) at app//org.junit.jupiter.api.AssertEquals.assertEquals(AssertEquals.java:145) at app//org.junit.jupiter.api.Assertions.assertEquals(Assertions.java:527) at app//dungeonmania.automarking.PortalsTest.testMultiplePortals(PortalsTest.java:113) FAILURE DONE 1 test completed, 1 failed FAILURE: Build failed with an exception. FRONTEND.md README.md SETUP.md assumptions.pdf build build.gradle config_template.json credits.md design.pdf extract_coverage.sh gradle gradlew gradlew.bat images planning.pdf setup src testing.pdf What went wrong: Execution failed for task ':test'. > There were failing tests. See the report at: file:///W15B_DONUT/build/reports/tests/test/index.html FRONTEND.md README.md SETUP.md assumptions.pdf build build.gradle config_template.json credits.md design.pdf extract_coverage.sh gradle gradlew gradlew.bat images planning.pdf setup src testing.pdf Try: > Run with --stacktrace option to get the stack trace. > Run with --info or --debug option to get more log output. > Run with --scan to get full insights. FRONTEND.md README.md SETUP.md assumptions.pdf build build.gradle config_template.json credits.md design.pdf extract_coverage.sh gradle gradlew gradlew.bat images planning.pdf setup src testing.pdf Get more help at https://help.gradle.org BUILD FAILED in 12s

Test 7-6: Test chain teleporting between multiple portals
PortalsTest > Test chain teleporting between multiple portals FAILED org.opentest4j.AssertionFailedError: expected: <true> but was: <false> at app//org.junit.jupiter.api.AssertionUtils.fail(AssertionUtils.java:55) at app//org.junit.jupiter.api.AssertTrue.assertTrue(AssertTrue.java:40) at app//org.junit.jupiter.api.AssertTrue.assertTrue(AssertTrue.java:35) at app//org.junit.jupiter.api.Assertions.assertTrue(Assertions.java:179) at app//dungeonmania.automarking.PortalsTest.testMultiplePortalsChain(PortalsTest.java:133) FAILURE DONE 1 test completed, 1 failed FAILURE: Build failed with an exception. FRONTEND.md README.md SETUP.md assumptions.pdf build build.gradle config_template.json credits.md design.pdf extract_coverage.sh gradle gradlew gradlew.bat images planning.pdf setup src testing.pdf What went wrong: Execution failed for task ':test'. > There were failing tests. See the report at: file:///W15B_DONUT/build/reports/tests/test/index.html FRONTEND.md README.md SETUP.md assumptions.pdf build build.gradle config_template.json credits.md design.pdf extract_coverage.sh gradle gradlew gradlew.bat images planning.pdf setup src testing.pdf Try: > Run with --stacktrace option to get the stack trace. > Run with --info or --debug option to get more log output. > Run with --scan to get full insights. FRONTEND.md README.md SETUP.md assumptions.pdf build build.gradle config_template.json credits.md design.pdf extract_coverage.sh gradle gradlew gradlew.bat images planning.pdf setup src testing.pdf Get more help at https://help.gradle.org BUILD FAILED in 12s

8. Bombs

Test 8-1: Test picking up a bomb removes the bomb from the map and adds the bomb to the inventory
SUCCESS DONE

Test 8-2: Test placing a bomb removes it from the inventory and places it on the map at the character's location
BombTest > Test placing a bomb removes it from the inventory and places it on the map at the character's location FAILED org.opentest4j.AssertionFailedError: expected: <0> but was: <1> at app//org.junit.jupiter.api.AssertionUtils.fail(AssertionUtils.java:55) at app//org.junit.jupiter.api.AssertionUtils.failNotEqual(AssertionUtils.java:62) at app//org.junit.jupiter.api.AssertEquals.assertEquals(AssertEquals.java:150) at app//org.junit.jupiter.api.AssertEquals.assertEquals(AssertEquals.java:145) at app//org.junit.jupiter.api.Assertions.assertEquals(Assertions.java:527) at app//dungeonmania.automarking.BombTest.place(BombTest.java:49) FAILURE DONE 1 test completed, 1 failed FAILURE: Build failed with an exception. FRONTEND.md README.md SETUP.md assumptions.pdf build build.gradle config_template.json credits.md design.pdf extract_coverage.sh gradle gradlew gradlew.bat images planning.pdf setup src testing.pdf What went wrong: Execution failed for task ':test'. > There were failing tests. See the report at: file:///W15B_DONUT/build/reports/tests/test/index.html FRONTEND.md README.md SETUP.md assumptions.pdf build build.gradle config_template.json credits.md design.pdf extract_coverage.sh gradle gradlew gradlew.bat images planning.pdf setup src testing.pdf Try: > Run with --stacktrace option to get the stack trace. > Run with --info or --debug option to get more log output. > Run with --scan to get full insights. FRONTEND.md README.md SETUP.md assumptions.pdf build build.gradle config_template.json credits.md design.pdf extract_coverage.sh gradle gradlew gradlew.bat images planning.pdf setup src testing.pdf Get more help at https://help.gradle.org BUILD FAILED in 11s

Test 8-3: Test placing a bomb on a map diagonally adjacent to an active switch will not cause the bomb to detonate
BombTest > Test placing a bomb on a map diagonally adjacent to an active switch will not cause the bomb to detonate FAILED org.opentest4j.AssertionFailedError: expected: <1> but was: <0> at app//org.junit.jupiter.api.AssertionUtils.fail(AssertionUtils.java:55) at app//org.junit.jupiter.api.AssertionUtils.failNotEqual(AssertionUtils.java:62) at app//org.junit.jupiter.api.AssertEquals.assertEquals(AssertEquals.java:150) at app//org.junit.jupiter.api.AssertEquals.assertEquals(AssertEquals.java:145) at app//org.junit.jupiter.api.Assertions.assertEquals(Assertions.java:527) at app//dungeonmania.automarking.BombTest.placeDiagonallyAdjacentActiveSwitch(BombTest.java:81) FAILURE DONE 1 test completed, 1 failed FAILURE: Build failed with an exception. FRONTEND.md README.md SETUP.md assumptions.pdf build build.gradle config_template.json credits.md design.pdf extract_coverage.sh gradle gradlew gradlew.bat images planning.pdf setup src testing.pdf What went wrong: Execution failed for task ':test'. > There were failing tests. See the report at: file:///W15B_DONUT/build/reports/tests/test/index.html FRONTEND.md README.md SETUP.md assumptions.pdf build build.gradle config_template.json credits.md design.pdf extract_coverage.sh gradle gradlew gradlew.bat images planning.pdf setup src testing.pdf Try: > Run with --stacktrace option to get the stack trace. > Run with --info or --debug option to get more log output. > Run with --scan to get full insights. FRONTEND.md README.md SETUP.md assumptions.pdf build build.gradle config_template.json credits.md design.pdf extract_coverage.sh gradle gradlew gradlew.bat images planning.pdf setup src testing.pdf Get more help at https://help.gradle.org BUILD FAILED in 12s

Test 8-4: Test placing a bomb on a map cardinally adjacent to an active switch causes the bomb to detonate removing surrounding entities except for the player
BombTest > Test placing a bomb on a map cardinally adjacent to an active switch causes the bomb to detonate, removing surrounding entities except for the player FAILED org.opentest4j.AssertionFailedError: expected: <0> but was: <1> at app//org.junit.jupiter.api.AssertionUtils.fail(AssertionUtils.java:55) at app//org.junit.jupiter.api.AssertionUtils.failNotEqual(AssertionUtils.java:62) at app//org.junit.jupiter.api.AssertEquals.assertEquals(AssertEquals.java:150) at app//org.junit.jupiter.api.AssertEquals.assertEquals(AssertEquals.java:145) at app//org.junit.jupiter.api.Assertions.assertEquals(Assertions.java:527) at app//dungeonmania.automarking.BombTest.placeCardinallyActive(BombTest.java:110) FAILURE DONE 1 test completed, 1 failed FAILURE: Build failed with an exception. FRONTEND.md README.md SETUP.md assumptions.pdf build build.gradle config_template.json credits.md design.pdf extract_coverage.sh gradle gradlew gradlew.bat images planning.pdf setup src testing.pdf What went wrong: Execution failed for task ':test'. > There were failing tests. See the report at: file:///W15B_DONUT/build/reports/tests/test/index.html FRONTEND.md README.md SETUP.md assumptions.pdf build build.gradle config_template.json credits.md design.pdf extract_coverage.sh gradle gradlew gradlew.bat images planning.pdf setup src testing.pdf Try: > Run with --stacktrace option to get the stack trace. > Run with --info or --debug option to get more log output. > Run with --scan to get full insights. FRONTEND.md README.md SETUP.md assumptions.pdf build build.gradle config_template.json credits.md design.pdf extract_coverage.sh gradle gradlew gradlew.bat images planning.pdf setup src testing.pdf Get more help at https://help.gradle.org BUILD FAILED in 12s

Test 8-5: Test placing a bomb on a map cardinally adjacent to an inactive switch and then activating the switch causes the bomb to detonate removing surrounding entities except for the player
BombTest > Test placing a bomb on a map cardinally adjacent to an inactive switch, and then activating the switch, causes the bomb to detonate, removing surrounding entities except for the player FAILED org.opentest4j.AssertionFailedError: expected: <0> but was: <1> at app//org.junit.jupiter.api.AssertionUtils.fail(AssertionUtils.java:55) at app//org.junit.jupiter.api.AssertionUtils.failNotEqual(AssertionUtils.java:62) at app//org.junit.jupiter.api.AssertEquals.assertEquals(AssertEquals.java:150) at app//org.junit.jupiter.api.AssertEquals.assertEquals(AssertEquals.java:145) at app//org.junit.jupiter.api.Assertions.assertEquals(Assertions.java:527) at app//dungeonmania.automarking.BombTest.placeCardinallyActivated(BombTest.java:140) FAILURE DONE 1 test completed, 1 failed FAILURE: Build failed with an exception. FRONTEND.md README.md SETUP.md assumptions.pdf build build.gradle config_template.json credits.md design.pdf extract_coverage.sh gradle gradlew gradlew.bat images planning.pdf setup src testing.pdf What went wrong: Execution failed for task ':test'. > There were failing tests. See the report at: file:///W15B_DONUT/build/reports/tests/test/index.html FRONTEND.md README.md SETUP.md assumptions.pdf build build.gradle config_template.json credits.md design.pdf extract_coverage.sh gradle gradlew gradlew.bat images planning.pdf setup src testing.pdf Try: > Run with --stacktrace option to get the stack trace. > Run with --info or --debug option to get more log output. > Run with --scan to get full insights. FRONTEND.md README.md SETUP.md assumptions.pdf build build.gradle config_template.json credits.md design.pdf extract_coverage.sh gradle gradlew gradlew.bat images planning.pdf setup src testing.pdf Get more help at https://help.gradle.org BUILD FAILED in 11s

Test 8-6: Test placing a bomb cardinally adjacent to an inactive switch does not cause the bomb to explode
BombTest > Test placing a bomb cardinally adjacent to an inactive switch does not cause the bomb to explode FAILED org.opentest4j.AssertionFailedError: expected: <1> but was: <0> at app//org.junit.jupiter.api.AssertionUtils.fail(AssertionUtils.java:55) at app//org.junit.jupiter.api.AssertionUtils.failNotEqual(AssertionUtils.java:62) at app//org.junit.jupiter.api.AssertEquals.assertEquals(AssertEquals.java:150) at app//org.junit.jupiter.api.AssertEquals.assertEquals(AssertEquals.java:145) at app//org.junit.jupiter.api.Assertions.assertEquals(Assertions.java:527) at app//dungeonmania.automarking.BombTest.placeCardinallyInactive(BombTest.java:165) FAILURE DONE 1 test completed, 1 failed FAILURE: Build failed with an exception. FRONTEND.md README.md SETUP.md assumptions.pdf build build.gradle config_template.json credits.md design.pdf extract_coverage.sh gradle gradlew gradlew.bat images planning.pdf setup src testing.pdf What went wrong: Execution failed for task ':test'. > There were failing tests. See the report at: file:///W15B_DONUT/build/reports/tests/test/index.html FRONTEND.md README.md SETUP.md assumptions.pdf build build.gradle config_template.json credits.md design.pdf extract_coverage.sh gradle gradlew gradlew.bat images planning.pdf setup src testing.pdf Try: > Run with --stacktrace option to get the stack trace. > Run with --info or --debug option to get more log output. > Run with --scan to get full insights. FRONTEND.md README.md SETUP.md assumptions.pdf build build.gradle config_template.json credits.md design.pdf extract_coverage.sh gradle gradlew gradlew.bat images planning.pdf setup src testing.pdf Get more help at https://help.gradle.org BUILD FAILED in 12s

Test 8-7: Test surrounding entities are removed when placing a bomb next to an active switch with config file bomb radius set to 2
BombTest > Test surrounding entities are removed when placing a bomb next to an active switch with config file bomb radius set to 2 FAILED org.opentest4j.AssertionFailedError: expected: <0> but was: <1> at app//org.junit.jupiter.api.AssertionUtils.fail(AssertionUtils.java:55) at app//org.junit.jupiter.api.AssertionUtils.failNotEqual(AssertionUtils.java:62) at app//org.junit.jupiter.api.AssertEquals.assertEquals(AssertEquals.java:150) at app//org.junit.jupiter.api.AssertEquals.assertEquals(AssertEquals.java:145) at app//org.junit.jupiter.api.Assertions.assertEquals(Assertions.java:527) at app//dungeonmania.automarking.BombTest.placeBombRadius2(BombTest.java:198) FAILURE DONE 1 test completed, 1 failed FAILURE: Build failed with an exception. FRONTEND.md README.md SETUP.md assumptions.pdf build build.gradle config_template.json credits.md design.pdf extract_coverage.sh gradle gradlew gradlew.bat images planning.pdf setup src testing.pdf What went wrong: Execution failed for task ':test'. > There were failing tests. See the report at: file:///W15B_DONUT/build/reports/tests/test/index.html FRONTEND.md README.md SETUP.md assumptions.pdf build build.gradle config_template.json credits.md design.pdf extract_coverage.sh gradle gradlew gradlew.bat images planning.pdf setup src testing.pdf Try: > Run with --stacktrace option to get the stack trace. > Run with --info or --debug option to get more log output. > Run with --scan to get full insights. FRONTEND.md README.md SETUP.md assumptions.pdf build build.gradle config_template.json credits.md design.pdf extract_coverage.sh gradle gradlew gradlew.bat images planning.pdf setup src testing.pdf Get more help at https://help.gradle.org BUILD FAILED in 12s

Test 8-8: Test surrounding entities are removed when placing a bomb next to an active switch with config file bomb radius set to 10
BombTest > Test surrounding entities are removed when placing a bomb next to an active switch with config file bomb radius set to 10 FAILED org.opentest4j.AssertionFailedError: expected: <0> but was: <1> at app//org.junit.jupiter.api.AssertionUtils.fail(AssertionUtils.java:55) at app//org.junit.jupiter.api.AssertionUtils.failNotEqual(AssertionUtils.java:62) at app//org.junit.jupiter.api.AssertEquals.assertEquals(AssertEquals.java:150) at app//org.junit.jupiter.api.AssertEquals.assertEquals(AssertEquals.java:145) at app//org.junit.jupiter.api.Assertions.assertEquals(Assertions.java:527) at app//dungeonmania.automarking.BombTest.placeBombRadius10(BombTest.java:228) FAILURE DONE 1 test completed, 1 failed FAILURE: Build failed with an exception. FRONTEND.md README.md SETUP.md assumptions.pdf build build.gradle config_template.json credits.md design.pdf extract_coverage.sh gradle gradlew gradlew.bat images planning.pdf setup src testing.pdf What went wrong: Execution failed for task ':test'. > There were failing tests. See the report at: file:///W15B_DONUT/build/reports/tests/test/index.html FRONTEND.md README.md SETUP.md assumptions.pdf build build.gradle config_template.json credits.md design.pdf extract_coverage.sh gradle gradlew gradlew.bat images planning.pdf setup src testing.pdf Try: > Run with --stacktrace option to get the stack trace. > Run with --info or --debug option to get more log output. > Run with --scan to get full insights. FRONTEND.md README.md SETUP.md assumptions.pdf build build.gradle config_template.json credits.md design.pdf extract_coverage.sh gradle gradlew gradlew.bat images planning.pdf setup src testing.pdf Get more help at https://help.gradle.org BUILD FAILED in 11s

9. Spiders

Test 9-1: Test basic movement of spiders
SUCCESS DONE

Test 9-2: Test spiders can traverse through walls
SUCCESS DONE

Test 9-3: Test spiders can traverse through switches doors and exits
SUCCESS DONE

Test 9-4: Test spiders cannot move through boulders and reverses direction
SUCCESS DONE

Test 9-5: Test spider_spawn_rate = 0 in config file
SUCCESS DONE

Test 9-6: Test spider_spawn_rate = 1 5 10 in config file
SUCCESS DONE

10. Zombies

Test 10-1: Testing zombies movement
SUCCESS DONE

Test 10-2: Testing zombies cannot move through doors and walls
SUCCESS DONE

Test 10-3: Testing zombie spawners spawn zombies every x ticks
SUCCESS DONE

Test 10-4: Testing that a dungeon with 2 spawners spawns 2 zombies at a time
SUCCESS DONE

Test 10-5: Testing zombie toast spawners spawn zombies in cardinally adjacent open squares
ZombieTest > Testing zombie toast spawners spawn zombies in cardinally adjacent open squares FAILED org.opentest4j.AssertionFailedError: expected: <true> but was: <false> at app//org.junit.jupiter.api.AssertionUtils.fail(AssertionUtils.java:55) at app//org.junit.jupiter.api.AssertTrue.assertTrue(AssertTrue.java:40) at app//org.junit.jupiter.api.AssertTrue.assertTrue(AssertTrue.java:35) at app//org.junit.jupiter.api.Assertions.assertTrue(Assertions.java:179) at app//dungeonmania.automarking.ZombieTest.toastSpawnCardinallyAdjacent(ZombieTest.java:117) FAILURE DONE 1 test completed, 1 failed FAILURE: Build failed with an exception. FRONTEND.md README.md SETUP.md assumptions.pdf build build.gradle config_template.json credits.md design.pdf extract_coverage.sh gradle gradlew gradlew.bat images planning.pdf setup src testing.pdf What went wrong: Execution failed for task ':test'. > There were failing tests. See the report at: file:///W15B_DONUT/build/reports/tests/test/index.html FRONTEND.md README.md SETUP.md assumptions.pdf build build.gradle config_template.json credits.md design.pdf extract_coverage.sh gradle gradlew gradlew.bat images planning.pdf setup src testing.pdf Try: > Run with --stacktrace option to get the stack trace. > Run with --info or --debug option to get more log output. > Run with --scan to get full insights. FRONTEND.md README.md SETUP.md assumptions.pdf build build.gradle config_template.json credits.md design.pdf extract_coverage.sh gradle gradlew gradlew.bat images planning.pdf setup src testing.pdf Get more help at https://help.gradle.org BUILD FAILED in 11s

Test 10-6: Testing zombie toast spawners won't spawn zombies if there are no cardinally adjacent open squares
ZombieTest > Testing zombie toast spawners won't spawn zombies if there are no cardinally adjacent open squares FAILED org.opentest4j.AssertionFailedError: expected: <0> but was: <1> at app//org.junit.jupiter.api.AssertionUtils.fail(AssertionUtils.java:55) at app//org.junit.jupiter.api.AssertionUtils.failNotEqual(AssertionUtils.java:62) at app//org.junit.jupiter.api.AssertEquals.assertEquals(AssertEquals.java:150) at app//org.junit.jupiter.api.AssertEquals.assertEquals(AssertEquals.java:145) at app//org.junit.jupiter.api.Assertions.assertEquals(Assertions.java:527) at app//dungeonmania.automarking.ZombieTest.toastCantSpawn(ZombieTest.java:135) FAILURE DONE 1 test completed, 1 failed FAILURE: Build failed with an exception. FRONTEND.md README.md SETUP.md assumptions.pdf build build.gradle config_template.json credits.md design.pdf extract_coverage.sh gradle gradlew gradlew.bat images planning.pdf setup src testing.pdf What went wrong: Execution failed for task ':test'. > There were failing tests. See the report at: file:///W15B_DONUT/build/reports/tests/test/index.html FRONTEND.md README.md SETUP.md assumptions.pdf build build.gradle config_template.json credits.md design.pdf extract_coverage.sh gradle gradlew gradlew.bat images planning.pdf setup src testing.pdf Try: > Run with --stacktrace option to get the stack trace. > Run with --info or --debug option to get more log output. > Run with --scan to get full insights. FRONTEND.md README.md SETUP.md assumptions.pdf build build.gradle config_template.json credits.md design.pdf extract_coverage.sh gradle gradlew gradlew.bat images planning.pdf setup src testing.pdf Get more help at https://help.gradle.org BUILD FAILED in 12s

Test 10-7: Testing destroying a zombie toast spawner
ZombieTest > Testing destroying a zombie toast spawner FAILED org.opentest4j.AssertionFailedError: Expected dungeonmania.exceptions.InvalidActionException to be thrown, but nothing was thrown. at app//org.junit.jupiter.api.AssertThrows.assertThrows(AssertThrows.java:71) at app//org.junit.jupiter.api.AssertThrows.assertThrows(AssertThrows.java:37) at app//org.junit.jupiter.api.Assertions.assertThrows(Assertions.java:3082) at app//dungeonmania.automarking.ZombieTest.toastDestruction(ZombieTest.java:150) FAILURE DONE 1 test completed, 1 failed FAILURE: Build failed with an exception. FRONTEND.md README.md SETUP.md assumptions.pdf build build.gradle config_template.json credits.md design.pdf extract_coverage.sh gradle gradlew gradlew.bat images planning.pdf setup src testing.pdf What went wrong: Execution failed for task ':test'. > There were failing tests. See the report at: file:///W15B_DONUT/build/reports/tests/test/index.html FRONTEND.md README.md SETUP.md assumptions.pdf build build.gradle config_template.json credits.md design.pdf extract_coverage.sh gradle gradlew gradlew.bat images planning.pdf setup src testing.pdf Try: > Run with --stacktrace option to get the stack trace. > Run with --info or --debug option to get more log output. > Run with --scan to get full insights. FRONTEND.md README.md SETUP.md assumptions.pdf build build.gradle config_template.json credits.md design.pdf extract_coverage.sh gradle gradlew gradlew.bat images planning.pdf setup src testing.pdf Get more help at https://help.gradle.org BUILD FAILED in 12s

11. Battles

Test 11-1: Test player battles spider and player dies
SUCCESS DONE

Test 11-2: Test player battles spider and spider dies
SUCCESS DONE

Test 11-3: Test player battles zombie and player dies
SUCCESS DONE

Test 11-4: Test player battles zombie and zombie dies
SUCCESS DONE

Test 11-5: Test player battles mercenary and player dies
BattleTest > Test player battles mercenary and player dies FAILED org.opentest4j.AssertionFailedError: expected: <1> but was: <0> at app//org.junit.jupiter.api.AssertionUtils.fail(AssertionUtils.java:55) at app//org.junit.jupiter.api.AssertionUtils.failNotEqual(AssertionUtils.java:62) at app//org.junit.jupiter.api.AssertEquals.assertEquals(AssertEquals.java:150) at app//org.junit.jupiter.api.AssertEquals.assertEquals(AssertEquals.java:145) at app//org.junit.jupiter.api.Assertions.assertEquals(Assertions.java:527) at app//dungeonmania.automarking.Utils.genericMercenarySequence(Utils.java:99) at app//dungeonmania.automarking.BattleTest.testPlayerDiesWhenBattleMercenary(BattleTest.java:102) FAILURE DONE 1 test completed, 1 failed FAILURE: Build failed with an exception. FRONTEND.md README.md SETUP.md assumptions.pdf build build.gradle config_template.json credits.md design.pdf extract_coverage.sh gradle gradlew gradlew.bat images planning.pdf setup src testing.pdf What went wrong: Execution failed for task ':test'. > There were failing tests. See the report at: file:///W15B_DONUT/build/reports/tests/test/index.html FRONTEND.md README.md SETUP.md assumptions.pdf build build.gradle config_template.json credits.md design.pdf extract_coverage.sh gradle gradlew gradlew.bat images planning.pdf setup src testing.pdf Try: > Run with --stacktrace option to get the stack trace. > Run with --info or --debug option to get more log output. > Run with --scan to get full insights. FRONTEND.md README.md SETUP.md assumptions.pdf build build.gradle config_template.json credits.md design.pdf extract_coverage.sh gradle gradlew gradlew.bat images planning.pdf setup src testing.pdf Get more help at https://help.gradle.org BUILD FAILED in 12s

Test 11-6: Test player battles mercenary and mercenary dies
BattleTest > Test player battles mercenary and mercenary dies FAILED org.opentest4j.AssertionFailedError: expected: <1> but was: <0> at app//org.junit.jupiter.api.AssertionUtils.fail(AssertionUtils.java:55) at app//org.junit.jupiter.api.AssertionUtils.failNotEqual(AssertionUtils.java:62) at app//org.junit.jupiter.api.AssertEquals.assertEquals(AssertEquals.java:150) at app//org.junit.jupiter.api.AssertEquals.assertEquals(AssertEquals.java:145) at app//org.junit.jupiter.api.Assertions.assertEquals(Assertions.java:527) at app//dungeonmania.automarking.Utils.genericMercenarySequence(Utils.java:99) at app//dungeonmania.automarking.BattleTest.testMercenariyDiesWhenBattle(BattleTest.java:115) FAILURE DONE 1 test completed, 1 failed FAILURE: Build failed with an exception. FRONTEND.md README.md SETUP.md assumptions.pdf build build.gradle config_template.json credits.md design.pdf extract_coverage.sh gradle gradlew gradlew.bat images planning.pdf setup src testing.pdf What went wrong: Execution failed for task ':test'. > There were failing tests. See the report at: file:///W15B_DONUT/build/reports/tests/test/index.html FRONTEND.md README.md SETUP.md assumptions.pdf build build.gradle config_template.json credits.md design.pdf extract_coverage.sh gradle gradlew gradlew.bat images planning.pdf setup src testing.pdf Try: > Run with --stacktrace option to get the stack trace. > Run with --info or --debug option to get more log output. > Run with --scan to get full insights. FRONTEND.md README.md SETUP.md assumptions.pdf build build.gradle config_template.json credits.md design.pdf extract_coverage.sh gradle gradlew gradlew.bat images planning.pdf setup src testing.pdf Get more help at https://help.gradle.org BUILD FAILED in 15s

Test 11-7: Test player wins a battle against a spider with an invinicibility potion
BattleTest > Test player wins a battle against a spider with an invinicibility potion FAILED org.opentest4j.AssertionFailedError: expected: <0> but was: <1> at app//org.junit.jupiter.api.AssertionUtils.fail(AssertionUtils.java:55) at app//org.junit.jupiter.api.AssertionUtils.failNotEqual(AssertionUtils.java:62) at app//org.junit.jupiter.api.AssertEquals.assertEquals(AssertEquals.java:150) at app//org.junit.jupiter.api.AssertEquals.assertEquals(AssertEquals.java:145) at app//org.junit.jupiter.api.Assertions.assertEquals(Assertions.java:527) at app//dungeonmania.automarking.BattleTest.testPlayerWinsSpiderBattleWithInvincibilityPotion(BattleTest.java:145) FAILURE DONE 1 test completed, 1 failed FAILURE: Build failed with an exception. FRONTEND.md README.md SETUP.md assumptions.pdf build build.gradle config_template.json credits.md design.pdf extract_coverage.sh gradle gradlew gradlew.bat images planning.pdf setup src testing.pdf What went wrong: Execution failed for task ':test'. > There were failing tests. See the report at: file:///W15B_DONUT/build/reports/tests/test/index.html FRONTEND.md README.md SETUP.md assumptions.pdf build build.gradle config_template.json credits.md design.pdf extract_coverage.sh gradle gradlew gradlew.bat images planning.pdf setup src testing.pdf Try: > Run with --stacktrace option to get the stack trace. > Run with --info or --debug option to get more log output. > Run with --scan to get full insights. FRONTEND.md README.md SETUP.md assumptions.pdf build build.gradle config_template.json credits.md design.pdf extract_coverage.sh gradle gradlew gradlew.bat images planning.pdf setup src testing.pdf Get more help at https://help.gradle.org BUILD FAILED in 13s

Test 11-8: Test player wins a battle against a zombie with an invincibility potion
BattleTest > Test player wins a battle against a zombie with an invincibility potion FAILED org.opentest4j.AssertionFailedError: expected: <0> but was: <1> at app//org.junit.jupiter.api.AssertionUtils.fail(AssertionUtils.java:55) at app//org.junit.jupiter.api.AssertionUtils.failNotEqual(AssertionUtils.java:62) at app//org.junit.jupiter.api.AssertEquals.assertEquals(AssertEquals.java:150) at app//org.junit.jupiter.api.AssertEquals.assertEquals(AssertEquals.java:145) at app//org.junit.jupiter.api.Assertions.assertEquals(Assertions.java:527) at app//dungeonmania.automarking.BattleTest.testPlayerWinsZombieBattleWithInvincibilityPotion(BattleTest.java:177) FAILURE DONE 1 test completed, 1 failed FAILURE: Build failed with an exception. FRONTEND.md README.md SETUP.md assumptions.pdf build build.gradle config_template.json credits.md design.pdf extract_coverage.sh gradle gradlew gradlew.bat images planning.pdf setup src testing.pdf What went wrong: Execution failed for task ':test'. > There were failing tests. See the report at: file:///W15B_DONUT/build/reports/tests/test/index.html FRONTEND.md README.md SETUP.md assumptions.pdf build build.gradle config_template.json credits.md design.pdf extract_coverage.sh gradle gradlew gradlew.bat images planning.pdf setup src testing.pdf Try: > Run with --stacktrace option to get the stack trace. > Run with --info or --debug option to get more log output. > Run with --scan to get full insights. FRONTEND.md README.md SETUP.md assumptions.pdf build build.gradle config_template.json credits.md design.pdf extract_coverage.sh gradle gradlew gradlew.bat images planning.pdf setup src testing.pdf Get more help at https://help.gradle.org BUILD FAILED in 12s

Test 11-9: Test a player wins a battle against a mercenary with an invincibility potion
BattleTest > Test a player wins a battle against a mercenary with an invincibility potion FAILED java.lang.IndexOutOfBoundsException: Index 0 out of bounds for length 0 at java.base/jdk.internal.util.Preconditions.outOfBounds(Preconditions.java:64) at java.base/jdk.internal.util.Preconditions.outOfBoundsCheckIndex(Preconditions.java:70) at java.base/jdk.internal.util.Preconditions.checkIndex(Preconditions.java:248) at java.base/java.util.Objects.checkIndex(Objects.java:372) at java.base/java.util.ArrayList.get(ArrayList.java:459) at dungeonmania.automarking.BattleTest.testPlayerWinsMercenaryBattleWithInvincibilityPotion(BattleTest.java:207) FAILURE DONE 1 test completed, 1 failed FAILURE: Build failed with an exception. FRONTEND.md README.md SETUP.md assumptions.pdf build build.gradle config_template.json credits.md design.pdf extract_coverage.sh gradle gradlew gradlew.bat images planning.pdf setup src testing.pdf What went wrong: Execution failed for task ':test'. > There were failing tests. See the report at: file:///W15B_DONUT/build/reports/tests/test/index.html FRONTEND.md README.md SETUP.md assumptions.pdf build build.gradle config_template.json credits.md design.pdf extract_coverage.sh gradle gradlew gradlew.bat images planning.pdf setup src testing.pdf Try: > Run with --stacktrace option to get the stack trace. > Run with --info or --debug option to get more log output. > Run with --scan to get full insights. FRONTEND.md README.md SETUP.md assumptions.pdf build build.gradle config_template.json credits.md design.pdf extract_coverage.sh gradle gradlew gradlew.bat images planning.pdf setup src testing.pdf Get more help at https://help.gradle.org BUILD FAILED in 12s

Test 11-10: Test the player battles three enemies consecutively and defeats them
BattleTest > Test the player battles three enemies consecutively and defeats them FAILED org.opentest4j.AssertionFailedError: expected: <1> but was: <0> at app//org.junit.jupiter.api.AssertionUtils.fail(AssertionUtils.java:55) at app//org.junit.jupiter.api.AssertionUtils.failNotEqual(AssertionUtils.java:62) at app//org.junit.jupiter.api.AssertEquals.assertEquals(AssertEquals.java:150) at app//org.junit.jupiter.api.AssertEquals.assertEquals(AssertEquals.java:145) at app//org.junit.jupiter.api.Assertions.assertEquals(Assertions.java:527) at app//dungeonmania.automarking.BattleTest.testPlayerBattlingEnemiesConsecutivelyDefeatsThem(BattleTest.java:235) FAILURE DONE 1 test completed, 1 failed FAILURE: Build failed with an exception. FRONTEND.md README.md SETUP.md assumptions.pdf build build.gradle config_template.json credits.md design.pdf extract_coverage.sh gradle gradlew gradlew.bat images planning.pdf setup src testing.pdf What went wrong: Execution failed for task ':test'. > There were failing tests. See the report at: file:///W15B_DONUT/build/reports/tests/test/index.html FRONTEND.md README.md SETUP.md assumptions.pdf build build.gradle config_template.json credits.md design.pdf extract_coverage.sh gradle gradlew gradlew.bat images planning.pdf setup src testing.pdf Try: > Run with --stacktrace option to get the stack trace. > Run with --info or --debug option to get more log output. > Run with --scan to get full insights. FRONTEND.md README.md SETUP.md assumptions.pdf build build.gradle config_template.json credits.md design.pdf extract_coverage.sh gradle gradlew gradlew.bat images planning.pdf setup src testing.pdf Get more help at https://help.gradle.org BUILD FAILED in 12s

Test 11-11: Test basic health calculations spider - player wins
SUCCESS DONE

Test 11-12: Test basic health calculations zombie - player wins
SUCCESS DONE

Test 11-13: Test basic health calculations mercenary - player wins
BattleTest > Test basic health calculations mercenary - player wins FAILED org.opentest4j.AssertionFailedError: expected: <1> but was: <0> at app//org.junit.jupiter.api.AssertionUtils.fail(AssertionUtils.java:55) at app//org.junit.jupiter.api.AssertionUtils.failNotEqual(AssertionUtils.java:62) at app//org.junit.jupiter.api.AssertEquals.assertEquals(AssertEquals.java:150) at app//org.junit.jupiter.api.AssertEquals.assertEquals(AssertEquals.java:145) at app//org.junit.jupiter.api.Assertions.assertEquals(Assertions.java:527) at app//dungeonmania.automarking.Utils.genericMercenarySequence(Utils.java:99) at app//dungeonmania.automarking.BattleTest.testRoundCalculationsMercenary(BattleTest.java:282) FAILURE DONE 1 test completed, 1 failed FAILURE: Build failed with an exception. FRONTEND.md README.md SETUP.md assumptions.pdf build build.gradle config_template.json credits.md design.pdf extract_coverage.sh gradle gradlew gradlew.bat images planning.pdf setup src testing.pdf What went wrong: Execution failed for task ':test'. > There were failing tests. See the report at: file:///W15B_DONUT/build/reports/tests/test/index.html FRONTEND.md README.md SETUP.md assumptions.pdf build build.gradle config_template.json credits.md design.pdf extract_coverage.sh gradle gradlew gradlew.bat images planning.pdf setup src testing.pdf Try: > Run with --stacktrace option to get the stack trace. > Run with --info or --debug option to get more log output. > Run with --scan to get full insights. FRONTEND.md README.md SETUP.md assumptions.pdf build build.gradle config_template.json credits.md design.pdf extract_coverage.sh gradle gradlew gradlew.bat images planning.pdf setup src testing.pdf Get more help at https://help.gradle.org BUILD FAILED in 11s

Test 11-14: Test basic health calculations spider - player loses
BattleTest > Test basic health calculations spider - player loses FAILED java.lang.IndexOutOfBoundsException: Index 0 out of bounds for length 0 at java.base/jdk.internal.util.Preconditions.outOfBounds(Preconditions.java:64) at java.base/jdk.internal.util.Preconditions.outOfBoundsCheckIndex(Preconditions.java:70) at java.base/jdk.internal.util.Preconditions.checkIndex(Preconditions.java:248) at java.base/java.util.Objects.checkIndex(Objects.java:372) at java.base/java.util.ArrayList.get(ArrayList.java:459) at dungeonmania.automarking.BattleTest.testHealthBelowZeroSpider(BattleTest.java:294) FAILURE DONE 1 test completed, 1 failed FAILURE: Build failed with an exception. FRONTEND.md README.md SETUP.md assumptions.pdf build build.gradle config_template.json credits.md design.pdf extract_coverage.sh gradle gradlew gradlew.bat images planning.pdf setup src testing.pdf What went wrong: Execution failed for task ':test'. > There were failing tests. See the report at: file:///W15B_DONUT/build/reports/tests/test/index.html FRONTEND.md README.md SETUP.md assumptions.pdf build build.gradle config_template.json credits.md design.pdf extract_coverage.sh gradle gradlew gradlew.bat images planning.pdf setup src testing.pdf Try: > Run with --stacktrace option to get the stack trace. > Run with --info or --debug option to get more log output. > Run with --scan to get full insights. FRONTEND.md README.md SETUP.md assumptions.pdf build build.gradle config_template.json credits.md design.pdf extract_coverage.sh gradle gradlew gradlew.bat images planning.pdf setup src testing.pdf Get more help at https://help.gradle.org BUILD FAILED in 11s

Test 11-15: Test basic health calculations zombie - player loses
BattleTest > Test basic health calculations zombie - player loses FAILED java.lang.IndexOutOfBoundsException: Index 0 out of bounds for length 0 at java.base/jdk.internal.util.Preconditions.outOfBounds(Preconditions.java:64) at java.base/jdk.internal.util.Preconditions.outOfBoundsCheckIndex(Preconditions.java:70) at java.base/jdk.internal.util.Preconditions.checkIndex(Preconditions.java:248) at java.base/java.util.Objects.checkIndex(Objects.java:372) at java.base/java.util.ArrayList.get(ArrayList.java:459) at dungeonmania.automarking.BattleTest.testHealthBelowZeroZombie(BattleTest.java:304) FAILURE DONE 1 test completed, 1 failed FAILURE: Build failed with an exception. FRONTEND.md README.md SETUP.md assumptions.pdf build build.gradle config_template.json credits.md design.pdf extract_coverage.sh gradle gradlew gradlew.bat images planning.pdf setup src testing.pdf What went wrong: Execution failed for task ':test'. > There were failing tests. See the report at: file:///W15B_DONUT/build/reports/tests/test/index.html FRONTEND.md README.md SETUP.md assumptions.pdf build build.gradle config_template.json credits.md design.pdf extract_coverage.sh gradle gradlew gradlew.bat images planning.pdf setup src testing.pdf Try: > Run with --stacktrace option to get the stack trace. > Run with --info or --debug option to get more log output. > Run with --scan to get full insights. FRONTEND.md README.md SETUP.md assumptions.pdf build build.gradle config_template.json credits.md design.pdf extract_coverage.sh gradle gradlew gradlew.bat images planning.pdf setup src testing.pdf Get more help at https://help.gradle.org BUILD FAILED in 10s

Test 11-16: Test basic health calculations mercenary - player loses
BattleTest > Test basic health calculations mercenary - player loses FAILED org.opentest4j.AssertionFailedError: expected: <1> but was: <0> at app//org.junit.jupiter.api.AssertionUtils.fail(AssertionUtils.java:55) at app//org.junit.jupiter.api.AssertionUtils.failNotEqual(AssertionUtils.java:62) at app//org.junit.jupiter.api.AssertEquals.assertEquals(AssertEquals.java:150) at app//org.junit.jupiter.api.AssertEquals.assertEquals(AssertEquals.java:145) at app//org.junit.jupiter.api.Assertions.assertEquals(Assertions.java:527) at app//dungeonmania.automarking.Utils.genericMercenarySequence(Utils.java:99) at app//dungeonmania.automarking.BattleTest.testHealthBelowZeroMercenary(BattleTest.java:313) FAILURE DONE 1 test completed, 1 failed FAILURE: Build failed with an exception. FRONTEND.md README.md SETUP.md assumptions.pdf build build.gradle config_template.json credits.md design.pdf extract_coverage.sh gradle gradlew gradlew.bat images planning.pdf setup src testing.pdf What went wrong: Execution failed for task ':test'. > There were failing tests. See the report at: file:///W15B_DONUT/build/reports/tests/test/index.html FRONTEND.md README.md SETUP.md assumptions.pdf build build.gradle config_template.json credits.md design.pdf extract_coverage.sh gradle gradlew gradlew.bat images planning.pdf setup src testing.pdf Try: > Run with --stacktrace option to get the stack trace. > Run with --info or --debug option to get more log output. > Run with --scan to get full insights. FRONTEND.md README.md SETUP.md assumptions.pdf build build.gradle config_template.json credits.md design.pdf extract_coverage.sh gradle gradlew gradlew.bat images planning.pdf setup src testing.pdf Get more help at https://help.gradle.org BUILD FAILED in 11s

Test 11-17: Test attack twice with bow - spider
SUCCESS DONE

Test 11-18: Test shield reduces enemy attack
SUCCESS DONE

Test 11-19: Test bow durability
SUCCESS DONE

Test 11-20: Test shield durability
SUCCESS DONE

Test 11-21: Test sword increases attack damage
BattleTest > Test sword increases attack damage FAILED org.opentest4j.AssertionFailedError: expected: <3.0> but was: <2.2> at app//org.junit.jupiter.api.AssertionUtils.fail(AssertionUtils.java:55) at app//org.junit.jupiter.api.AssertionUtils.failNotEqual(AssertionUtils.java:62) at app//org.junit.jupiter.api.AssertEquals.assertEquals(AssertEquals.java:86) at app//org.junit.jupiter.api.AssertEquals.assertEquals(AssertEquals.java:81) at app//org.junit.jupiter.api.Assertions.assertEquals(Assertions.java:1010) at app//dungeonmania.automarking.BattleTest.testSwordIncreasesAttackDamage(BattleTest.java:516) FAILURE DONE 1 test completed, 1 failed FAILURE: Build failed with an exception. FRONTEND.md README.md SETUP.md assumptions.pdf build build.gradle config_template.json credits.md design.pdf extract_coverage.sh gradle gradlew gradlew.bat images planning.pdf setup src testing.pdf What went wrong: Execution failed for task ':test'. > There were failing tests. See the report at: file:///W15B_DONUT/build/reports/tests/test/index.html FRONTEND.md README.md SETUP.md assumptions.pdf build build.gradle config_template.json credits.md design.pdf extract_coverage.sh gradle gradlew gradlew.bat images planning.pdf setup src testing.pdf Try: > Run with --stacktrace option to get the stack trace. > Run with --info or --debug option to get more log output. > Run with --scan to get full insights. FRONTEND.md README.md SETUP.md assumptions.pdf build build.gradle config_template.json credits.md design.pdf extract_coverage.sh gradle gradlew gradlew.bat images planning.pdf setup src testing.pdf Get more help at https://help.gradle.org BUILD FAILED in 13s

Test 11-22: Test sword durability
SUCCESS DONE

12. Mercenaries

Test 12-1: Test mercenary in line with Player moves towards them
MercenaryTest > Test mercenary in line with Player moves towards them FAILED java.lang.IndexOutOfBoundsException: Index 0 out of bounds for length 0 at java.base/jdk.internal.util.Preconditions.outOfBounds(Preconditions.java:64) at java.base/jdk.internal.util.Preconditions.outOfBoundsCheckIndex(Preconditions.java:70) at java.base/jdk.internal.util.Preconditions.checkIndex(Preconditions.java:248) at java.base/java.util.Objects.checkIndex(Objects.java:372) at java.base/java.util.ArrayList.get(ArrayList.java:459) at dungeonmania.automarking.MercenaryTest.getMercPos(MercenaryTest.java:230) at dungeonmania.automarking.MercenaryTest.simpleMovement(MercenaryTest.java:26) FAILURE DONE 1 test completed, 1 failed FAILURE: Build failed with an exception. FRONTEND.md README.md SETUP.md assumptions.pdf build build.gradle config_template.json credits.md design.pdf extract_coverage.sh gradle gradlew gradlew.bat images planning.pdf setup src testing.pdf What went wrong: Execution failed for task ':test'. > There were failing tests. See the report at: file:///W15B_DONUT/build/reports/tests/test/index.html FRONTEND.md README.md SETUP.md assumptions.pdf build build.gradle config_template.json credits.md design.pdf extract_coverage.sh gradle gradlew gradlew.bat images planning.pdf setup src testing.pdf Try: > Run with --stacktrace option to get the stack trace. > Run with --info or --debug option to get more log output. > Run with --scan to get full insights. FRONTEND.md README.md SETUP.md assumptions.pdf build build.gradle config_template.json credits.md design.pdf extract_coverage.sh gradle gradlew gradlew.bat images planning.pdf setup src testing.pdf Get more help at https://help.gradle.org BUILD FAILED in 11s

Test 12-2: Test mercenary stops if they cannot move any closer to the player
MercenaryTest > Test mercenary stops if they cannot move any closer to the player FAILED java.lang.IndexOutOfBoundsException: Index 0 out of bounds for length 0 at java.base/jdk.internal.util.Preconditions.outOfBounds(Preconditions.java:64) at java.base/jdk.internal.util.Preconditions.outOfBoundsCheckIndex(Preconditions.java:70) at java.base/jdk.internal.util.Preconditions.checkIndex(Preconditions.java:248) at java.base/java.util.Objects.checkIndex(Objects.java:372) at java.base/java.util.ArrayList.get(ArrayList.java:459) at dungeonmania.automarking.MercenaryTest.getMercPos(MercenaryTest.java:230) at dungeonmania.automarking.MercenaryTest.stopMovement(MercenaryTest.java:45) FAILURE DONE 1 test completed, 1 failed FAILURE: Build failed with an exception. FRONTEND.md README.md SETUP.md assumptions.pdf build build.gradle config_template.json credits.md design.pdf extract_coverage.sh gradle gradlew gradlew.bat images planning.pdf setup src testing.pdf What went wrong: Execution failed for task ':test'. > There were failing tests. See the report at: file:///W15B_DONUT/build/reports/tests/test/index.html FRONTEND.md README.md SETUP.md assumptions.pdf build build.gradle config_template.json credits.md design.pdf extract_coverage.sh gradle gradlew gradlew.bat images planning.pdf setup src testing.pdf Try: > Run with --stacktrace option to get the stack trace. > Run with --info or --debug option to get more log output. > Run with --scan to get full insights. FRONTEND.md README.md SETUP.md assumptions.pdf build build.gradle config_template.json credits.md design.pdf extract_coverage.sh gradle gradlew gradlew.bat images planning.pdf setup src testing.pdf Get more help at https://help.gradle.org BUILD FAILED in 11s

Test 12-3: Test mercenaries can not move through closed doors
MercenaryTest > Test mercenaries can not move through closed doors FAILED java.lang.IndexOutOfBoundsException: Index 0 out of bounds for length 0 at java.base/jdk.internal.util.Preconditions.outOfBounds(Preconditions.java:64) at java.base/jdk.internal.util.Preconditions.outOfBoundsCheckIndex(Preconditions.java:70) at java.base/jdk.internal.util.Preconditions.checkIndex(Preconditions.java:248) at java.base/java.util.Objects.checkIndex(Objects.java:372) at java.base/java.util.ArrayList.get(ArrayList.java:459) at dungeonmania.automarking.MercenaryTest.getMercPos(MercenaryTest.java:230) at dungeonmania.automarking.MercenaryTest.doorMovement(MercenaryTest.java:60) FAILURE DONE 1 test completed, 1 failed FAILURE: Build failed with an exception. FRONTEND.md README.md SETUP.md assumptions.pdf build build.gradle config_template.json credits.md design.pdf extract_coverage.sh gradle gradlew gradlew.bat images planning.pdf setup src testing.pdf What went wrong: Execution failed for task ':test'. > There were failing tests. See the report at: file:///W15B_DONUT/build/reports/tests/test/index.html FRONTEND.md README.md SETUP.md assumptions.pdf build build.gradle config_template.json credits.md design.pdf extract_coverage.sh gradle gradlew gradlew.bat images planning.pdf setup src testing.pdf Try: > Run with --stacktrace option to get the stack trace. > Run with --info or --debug option to get more log output. > Run with --scan to get full insights. FRONTEND.md README.md SETUP.md assumptions.pdf build build.gradle config_template.json credits.md design.pdf extract_coverage.sh gradle gradlew gradlew.bat images planning.pdf setup src testing.pdf Get more help at https://help.gradle.org BUILD FAILED in 11s

Test 12-4: Test mercenary moves around a wall to get to the player
MercenaryTest > Test mercenary moves around a wall to get to the player FAILED java.lang.IndexOutOfBoundsException: Index 0 out of bounds for length 0 at java.base/jdk.internal.util.Preconditions.outOfBounds(Preconditions.java:64) at java.base/jdk.internal.util.Preconditions.outOfBoundsCheckIndex(Preconditions.java:70) at java.base/jdk.internal.util.Preconditions.checkIndex(Preconditions.java:248) at java.base/java.util.Objects.checkIndex(Objects.java:372) at java.base/java.util.ArrayList.get(ArrayList.java:459) at dungeonmania.automarking.MercenaryTest.getMercPos(MercenaryTest.java:230) at dungeonmania.automarking.MercenaryTest.evadeWall(MercenaryTest.java:76) FAILURE DONE 1 test completed, 1 failed FAILURE: Build failed with an exception. FRONTEND.md README.md SETUP.md assumptions.pdf build build.gradle config_template.json credits.md design.pdf extract_coverage.sh gradle gradlew gradlew.bat images planning.pdf setup src testing.pdf What went wrong: Execution failed for task ':test'. > There were failing tests. See the report at: file:///W15B_DONUT/build/reports/tests/test/index.html FRONTEND.md README.md SETUP.md assumptions.pdf build build.gradle config_template.json credits.md design.pdf extract_coverage.sh gradle gradlew gradlew.bat images planning.pdf setup src testing.pdf Try: > Run with --stacktrace option to get the stack trace. > Run with --info or --debug option to get more log output. > Run with --scan to get full insights. FRONTEND.md README.md SETUP.md assumptions.pdf build build.gradle config_template.json credits.md design.pdf extract_coverage.sh gradle gradlew gradlew.bat images planning.pdf setup src testing.pdf Get more help at https://help.gradle.org BUILD FAILED in 12s

Test 12-5: Testing a mercenary can be bribed with a certain amount
MercenaryTest > Testing a mercenary can be bribed with a certain amount FAILED java.util.NoSuchElementException: No value present at java.base/java.util.Optional.get(Optional.java:148) at dungeonmania.automarking.MercenaryTest.bribeAmount(MercenaryTest.java:90) FAILURE DONE 1 test completed, 1 failed FAILURE: Build failed with an exception. FRONTEND.md README.md SETUP.md assumptions.pdf build build.gradle config_template.json credits.md design.pdf extract_coverage.sh gradle gradlew gradlew.bat images planning.pdf setup src testing.pdf What went wrong: Execution failed for task ':test'. > There were failing tests. See the report at: file:///W15B_DONUT/build/reports/tests/test/index.html FRONTEND.md README.md SETUP.md assumptions.pdf build build.gradle config_template.json credits.md design.pdf extract_coverage.sh gradle gradlew gradlew.bat images planning.pdf setup src testing.pdf Try: > Run with --stacktrace option to get the stack trace. > Run with --info or --debug option to get more log output. > Run with --scan to get full insights. FRONTEND.md README.md SETUP.md assumptions.pdf build build.gradle config_template.json credits.md design.pdf extract_coverage.sh gradle gradlew gradlew.bat images planning.pdf setup src testing.pdf Get more help at https://help.gradle.org BUILD FAILED in 11s

Test 12-6: Testing a mercenary can be bribed within a radius
MercenaryTest > Testing a mercenary can be bribed within a radius FAILED java.util.NoSuchElementException: No value present at java.base/java.util.Optional.get(Optional.java:148) at dungeonmania.automarking.MercenaryTest.bribeRadius(MercenaryTest.java:134) FAILURE DONE 1 test completed, 1 failed FAILURE: Build failed with an exception. FRONTEND.md README.md SETUP.md assumptions.pdf build build.gradle config_template.json credits.md design.pdf extract_coverage.sh gradle gradlew gradlew.bat images planning.pdf setup src testing.pdf What went wrong: Execution failed for task ':test'. > There were failing tests. See the report at: file:///W15B_DONUT/build/reports/tests/test/index.html FRONTEND.md README.md SETUP.md assumptions.pdf build build.gradle config_template.json credits.md design.pdf extract_coverage.sh gradle gradlew gradlew.bat images planning.pdf setup src testing.pdf Try: > Run with --stacktrace option to get the stack trace. > Run with --info or --debug option to get more log output. > Run with --scan to get full insights. FRONTEND.md README.md SETUP.md assumptions.pdf build build.gradle config_template.json credits.md design.pdf extract_coverage.sh gradle gradlew gradlew.bat images planning.pdf setup src testing.pdf Get more help at https://help.gradle.org BUILD FAILED in 11s

Test 12-7: Testing an allied mercenary does not battle the player
MercenaryTest > Testing an allied mercenary does not battle the player FAILED java.util.NoSuchElementException: No value present at java.base/java.util.Optional.get(Optional.java:148) at dungeonmania.automarking.MercenaryTest.allyBattle(MercenaryTest.java:176) FAILURE DONE 1 test completed, 1 failed FAILURE: Build failed with an exception. FRONTEND.md README.md SETUP.md assumptions.pdf build build.gradle config_template.json credits.md design.pdf extract_coverage.sh gradle gradlew gradlew.bat images planning.pdf setup src testing.pdf What went wrong: Execution failed for task ':test'. > There were failing tests. See the report at: file:///W15B_DONUT/build/reports/tests/test/index.html FRONTEND.md README.md SETUP.md assumptions.pdf build build.gradle config_template.json credits.md design.pdf extract_coverage.sh gradle gradlew gradlew.bat images planning.pdf setup src testing.pdf Try: > Run with --stacktrace option to get the stack trace. > Run with --info or --debug option to get more log output. > Run with --scan to get full insights. FRONTEND.md README.md SETUP.md assumptions.pdf build build.gradle config_template.json credits.md design.pdf extract_coverage.sh gradle gradlew gradlew.bat images planning.pdf setup src testing.pdf Get more help at https://help.gradle.org BUILD FAILED in 29m 54s

Test 12-8: Testing an allied mercenary follows the Player around occupying the square the player was previously in
MercenaryTest > Testing an allied mercenary follows the Player around, occupying the square the player was previously in FAILED java.util.NoSuchElementException: No value present at java.base/java.util.Optional.get(Optional.java:148) at dungeonmania.automarking.MercenaryTest.allyMovement(MercenaryTest.java:201) FAILURE DONE 1 test completed, 1 failed FAILURE: Build failed with an exception. FRONTEND.md README.md SETUP.md assumptions.pdf build build.gradle config_template.json credits.md design.pdf extract_coverage.sh gradle gradlew gradlew.bat images planning.pdf setup src testing.pdf What went wrong: Execution failed for task ':test'. > There were failing tests. See the report at: file:///W15B_DONUT/build/reports/tests/test/index.html FRONTEND.md README.md SETUP.md assumptions.pdf build build.gradle config_template.json credits.md design.pdf extract_coverage.sh gradle gradlew gradlew.bat images planning.pdf setup src testing.pdf Try: > Run with --stacktrace option to get the stack trace. > Run with --info or --debug option to get more log output. > Run with --scan to get full insights. FRONTEND.md README.md SETUP.md assumptions.pdf build build.gradle config_template.json credits.md design.pdf extract_coverage.sh gradle gradlew gradlew.bat images planning.pdf setup src testing.pdf Get more help at https://help.gradle.org BUILD FAILED in 5s

13. Basic Goals

Test 13-1: Test achieving a basic exit goal
SUCCESS DONE

Test 13-2: Test achieving a basic enemy goal
BasicGoalsTest > Test achieving a basic enemy goal FAILED org.opentest4j.AssertionFailedError: expected: <> but was: <:enemies> at app//org.junit.jupiter.api.AssertionUtils.fail(AssertionUtils.java:55) at app//org.junit.jupiter.api.AssertionUtils.failNotEqual(AssertionUtils.java:62) at app//org.junit.jupiter.api.AssertEquals.assertEquals(AssertEquals.java:182) at app//org.junit.jupiter.api.AssertEquals.assertEquals(AssertEquals.java:177) at app//org.junit.jupiter.api.Assertions.assertEquals(Assertions.java:1141) at app//dungeonmania.automarking.BasicGoalsTest.enemy(BasicGoalsTest.java:55) FAILURE DONE 1 test completed, 1 failed FAILURE: Build failed with an exception. FRONTEND.md README.md SETUP.md assumptions.pdf build build.gradle config_template.json credits.md design.pdf extract_coverage.sh gradle gradlew gradlew.bat images planning.pdf setup src testing.pdf What went wrong: Execution failed for task ':test'. > There were failing tests. See the report at: file:///W15B_DONUT/build/reports/tests/test/index.html FRONTEND.md README.md SETUP.md assumptions.pdf build build.gradle config_template.json credits.md design.pdf extract_coverage.sh gradle gradlew gradlew.bat images planning.pdf setup src testing.pdf Try: > Run with --stacktrace option to get the stack trace. > Run with --info or --debug option to get more log output. > Run with --scan to get full insights. FRONTEND.md README.md SETUP.md assumptions.pdf build build.gradle config_template.json credits.md design.pdf extract_coverage.sh gradle gradlew gradlew.bat images planning.pdf setup src testing.pdf Get more help at https://help.gradle.org BUILD FAILED in 12s

Test 13-3: Test achieving a basic enemy goal with spawners
BasicGoalsTest > Test achieving a basic enemy goal with spawners FAILED org.opentest4j.AssertionFailedError: expected: <true> but was: <false> at app//org.junit.jupiter.api.AssertionUtils.fail(AssertionUtils.java:55) at app//org.junit.jupiter.api.AssertTrue.assertTrue(AssertTrue.java:40) at app//org.junit.jupiter.api.AssertTrue.assertTrue(AssertTrue.java:35) at app//org.junit.jupiter.api.Assertions.assertTrue(Assertions.java:179) at app//dungeonmania.automarking.BasicGoalsTest.spawner(BasicGoalsTest.java:77) FAILURE DONE 1 test completed, 1 failed FAILURE: Build failed with an exception. FRONTEND.md README.md SETUP.md assumptions.pdf build build.gradle config_template.json credits.md design.pdf extract_coverage.sh gradle gradlew gradlew.bat images planning.pdf setup src testing.pdf What went wrong: Execution failed for task ':test'. > There were failing tests. See the report at: file:///W15B_DONUT/build/reports/tests/test/index.html FRONTEND.md README.md SETUP.md assumptions.pdf build build.gradle config_template.json credits.md design.pdf extract_coverage.sh gradle gradlew gradlew.bat images planning.pdf setup src testing.pdf Try: > Run with --stacktrace option to get the stack trace. > Run with --info or --debug option to get more log output. > Run with --scan to get full insights. FRONTEND.md README.md SETUP.md assumptions.pdf build build.gradle config_template.json credits.md design.pdf extract_coverage.sh gradle gradlew gradlew.bat images planning.pdf setup src testing.pdf Get more help at https://help.gradle.org BUILD FAILED in 13s

Test 13-4: Test achieving a basic boulders goal
BasicGoalsTest > Test achieving a basic boulders goal FAILED org.opentest4j.AssertionFailedError: expected: <true> but was: <false> at app//org.junit.jupiter.api.AssertionUtils.fail(AssertionUtils.java:55) at app//org.junit.jupiter.api.AssertTrue.assertTrue(AssertTrue.java:40) at app//org.junit.jupiter.api.AssertTrue.assertTrue(AssertTrue.java:35) at app//org.junit.jupiter.api.Assertions.assertTrue(Assertions.java:179) at app//dungeonmania.automarking.BasicGoalsTest.oneSwitch(BasicGoalsTest.java:102) FAILURE DONE 1 test completed, 1 failed FAILURE: Build failed with an exception. FRONTEND.md README.md SETUP.md assumptions.pdf build build.gradle config_template.json credits.md design.pdf extract_coverage.sh gradle gradlew gradlew.bat images planning.pdf setup src testing.pdf What went wrong: Execution failed for task ':test'. > There were failing tests. See the report at: file:///W15B_DONUT/build/reports/tests/test/index.html FRONTEND.md README.md SETUP.md assumptions.pdf build build.gradle config_template.json credits.md design.pdf extract_coverage.sh gradle gradlew gradlew.bat images planning.pdf setup src testing.pdf Try: > Run with --stacktrace option to get the stack trace. > Run with --info or --debug option to get more log output. > Run with --scan to get full insights. FRONTEND.md README.md SETUP.md assumptions.pdf build build.gradle config_template.json credits.md design.pdf extract_coverage.sh gradle gradlew gradlew.bat images planning.pdf setup src testing.pdf Get more help at https://help.gradle.org BUILD FAILED in 12s

Test 13-5: Test achieving a boulders goal where there are five switches
BasicGoalsTest > Test achieving a boulders goal where there are five switches FAILED org.opentest4j.AssertionFailedError: expected: <true> but was: <false> at app//org.junit.jupiter.api.AssertionUtils.fail(AssertionUtils.java:55) at app//org.junit.jupiter.api.AssertTrue.assertTrue(AssertTrue.java:40) at app//org.junit.jupiter.api.AssertTrue.assertTrue(AssertTrue.java:35) at app//org.junit.jupiter.api.Assertions.assertTrue(Assertions.java:179) at app//dungeonmania.automarking.BasicGoalsTest.fiveSwitches(BasicGoalsTest.java:137) FAILURE DONE 1 test completed, 1 failed FAILURE: Build failed with an exception. FRONTEND.md README.md SETUP.md assumptions.pdf build build.gradle config_template.json credits.md design.pdf extract_coverage.sh gradle gradlew gradlew.bat images planning.pdf setup src testing.pdf What went wrong: Execution failed for task ':test'. > There were failing tests. See the report at: file:///W15B_DONUT/build/reports/tests/test/index.html FRONTEND.md README.md SETUP.md assumptions.pdf build build.gradle config_template.json credits.md design.pdf extract_coverage.sh gradle gradlew gradlew.bat images planning.pdf setup src testing.pdf Try: > Run with --stacktrace option to get the stack trace. > Run with --info or --debug option to get more log output. > Run with --scan to get full insights. FRONTEND.md README.md SETUP.md assumptions.pdf build build.gradle config_template.json credits.md design.pdf extract_coverage.sh gradle gradlew gradlew.bat images planning.pdf setup src testing.pdf Get more help at https://help.gradle.org BUILD FAILED in 12s

Test 13-6: Test achieving a basic treasure goal
BasicGoalsTest > Test achieving a basic treasure goal FAILED org.opentest4j.AssertionFailedError: expected: <true> but was: <false> at app//org.junit.jupiter.api.AssertionUtils.fail(AssertionUtils.java:55) at app//org.junit.jupiter.api.AssertTrue.assertTrue(AssertTrue.java:40) at app//org.junit.jupiter.api.AssertTrue.assertTrue(AssertTrue.java:35) at app//org.junit.jupiter.api.Assertions.assertTrue(Assertions.java:179) at app//dungeonmania.automarking.BasicGoalsTest.treasure(BasicGoalsTest.java:159) FAILURE DONE 1 test completed, 1 failed FAILURE: Build failed with an exception. FRONTEND.md README.md SETUP.md assumptions.pdf build build.gradle config_template.json credits.md design.pdf extract_coverage.sh gradle gradlew gradlew.bat images planning.pdf setup src testing.pdf What went wrong: Execution failed for task ':test'. > There were failing tests. See the report at: file:///W15B_DONUT/build/reports/tests/test/index.html FRONTEND.md README.md SETUP.md assumptions.pdf build build.gradle config_template.json credits.md design.pdf extract_coverage.sh gradle gradlew gradlew.bat images planning.pdf setup src testing.pdf Try: > Run with --stacktrace option to get the stack trace. > Run with --info or --debug option to get more log output. > Run with --scan to get full insights. FRONTEND.md README.md SETUP.md assumptions.pdf build build.gradle config_template.json credits.md design.pdf extract_coverage.sh gradle gradlew gradlew.bat images planning.pdf setup src testing.pdf Get more help at https://help.gradle.org BUILD FAILED in 11s

14. Complex Goals

Test 14-1: Testing a map with 4 conjunction goal
SUCCESS DONE

Test 14-2: Testing a map with 4 disjunction goal
ComplexGoalsTest > Testing a map with 4 disjunction goal FAILED org.opentest4j.AssertionFailedError: expected: <> but was: <(:exit OR :treasure) OR ( OR :enemies)> at app//org.junit.jupiter.api.AssertionUtils.fail(AssertionUtils.java:55) at app//org.junit.jupiter.api.AssertionUtils.failNotEqual(AssertionUtils.java:62) at app//org.junit.jupiter.api.AssertEquals.assertEquals(AssertEquals.java:182) at app//org.junit.jupiter.api.AssertEquals.assertEquals(AssertEquals.java:177) at app//org.junit.jupiter.api.Assertions.assertEquals(Assertions.java:1141) at app//dungeonmania.automarking.ComplexGoalsTest.orAll(ComplexGoalsTest.java:70) FAILURE DONE 1 test completed, 1 failed FAILURE: Build failed with an exception. FRONTEND.md README.md SETUP.md assumptions.pdf build build.gradle config_template.json credits.md design.pdf extract_coverage.sh gradle gradlew gradlew.bat images planning.pdf setup src testing.pdf What went wrong: Execution failed for task ':test'. > There were failing tests. See the report at: file:///W15B_DONUT/build/reports/tests/test/index.html FRONTEND.md README.md SETUP.md assumptions.pdf build build.gradle config_template.json credits.md design.pdf extract_coverage.sh gradle gradlew gradlew.bat images planning.pdf setup src testing.pdf Try: > Run with --stacktrace option to get the stack trace. > Run with --info or --debug option to get more log output. > Run with --scan to get full insights. FRONTEND.md README.md SETUP.md assumptions.pdf build build.gradle config_template.json credits.md design.pdf extract_coverage.sh gradle gradlew gradlew.bat images planning.pdf setup src testing.pdf Get more help at https://help.gradle.org BUILD FAILED in 11s

Test 14-3: Testing a map with mixed conjunction/disjunction goal
ComplexGoalsTest > Testing a map with mixed conjunction/disjunction goal FAILED org.opentest4j.AssertionFailedError: expected: <false> but was: <true> at app//org.junit.jupiter.api.AssertionUtils.fail(AssertionUtils.java:55) at app//org.junit.jupiter.api.AssertFalse.assertFalse(AssertFalse.java:40) at app//org.junit.jupiter.api.AssertFalse.assertFalse(AssertFalse.java:35) at app//org.junit.jupiter.api.Assertions.assertFalse(Assertions.java:227) at app//dungeonmania.automarking.ComplexGoalsTest.orAndAll(ComplexGoalsTest.java:91) FAILURE DONE 1 test completed, 1 failed FAILURE: Build failed with an exception. FRONTEND.md README.md SETUP.md assumptions.pdf build build.gradle config_template.json credits.md design.pdf extract_coverage.sh gradle gradlew gradlew.bat images planning.pdf setup src testing.pdf What went wrong: Execution failed for task ':test'. > There were failing tests. See the report at: file:///W15B_DONUT/build/reports/tests/test/index.html FRONTEND.md README.md SETUP.md assumptions.pdf build build.gradle config_template.json credits.md design.pdf extract_coverage.sh gradle gradlew gradlew.bat images planning.pdf setup src testing.pdf Try: > Run with --stacktrace option to get the stack trace. > Run with --info or --debug option to get more log output. > Run with --scan to get full insights. FRONTEND.md README.md SETUP.md assumptions.pdf build build.gradle config_template.json credits.md design.pdf extract_coverage.sh gradle gradlew gradlew.bat images planning.pdf setup src testing.pdf Get more help at https://help.gradle.org BUILD FAILED in 12s

Test 14-4: Testing that the exit goal must be achieved last in EXIT and TREASURE
ComplexGoalsTest > Testing that the exit goal must be achieved last in EXIT and TREASURE FAILED org.opentest4j.AssertionFailedError: expected: <true> but was: <false> at app//org.junit.jupiter.api.AssertionUtils.fail(AssertionUtils.java:55) at app//org.junit.jupiter.api.AssertTrue.assertTrue(AssertTrue.java:40) at app//org.junit.jupiter.api.AssertTrue.assertTrue(AssertTrue.java:35) at app//org.junit.jupiter.api.Assertions.assertTrue(Assertions.java:179) at app//dungeonmania.automarking.ComplexGoalsTest.exitAndTreasureOrder(ComplexGoalsTest.java:114) FAILURE DONE 1 test completed, 1 failed FAILURE: Build failed with an exception. FRONTEND.md README.md SETUP.md assumptions.pdf build build.gradle config_template.json credits.md design.pdf extract_coverage.sh gradle gradlew gradlew.bat images planning.pdf setup src testing.pdf What went wrong: Execution failed for task ':test'. > There were failing tests. See the report at: file:///W15B_DONUT/build/reports/tests/test/index.html FRONTEND.md README.md SETUP.md assumptions.pdf build build.gradle config_template.json credits.md design.pdf extract_coverage.sh gradle gradlew gradlew.bat images planning.pdf setup src testing.pdf Try: > Run with --stacktrace option to get the stack trace. > Run with --info or --debug option to get more log output. > Run with --scan to get full insights. FRONTEND.md README.md SETUP.md assumptions.pdf build build.gradle config_template.json credits.md design.pdf extract_coverage.sh gradle gradlew gradlew.bat images planning.pdf setup src testing.pdf Get more help at https://help.gradle.org BUILD FAILED in 12s

Test 14-5: Testing that the exit goal must be achieved last in ENEMIES and EXIT and TREASURE
ComplexGoalsTest > Testing that the exit goal must be achieved last in ENEMIES and EXIT and TREASURE FAILED org.opentest4j.AssertionFailedError: expected: <true> but was: <false> at app//org.junit.jupiter.api.AssertionUtils.fail(AssertionUtils.java:55) at app//org.junit.jupiter.api.AssertTrue.assertTrue(AssertTrue.java:40) at app//org.junit.jupiter.api.AssertTrue.assertTrue(AssertTrue.java:35) at app//org.junit.jupiter.api.Assertions.assertTrue(Assertions.java:179) at app//dungeonmania.automarking.ComplexGoalsTest.exitAndBouldersAndTreasureOrder(ComplexGoalsTest.java:147) FAILURE DONE 1 test completed, 1 failed FAILURE: Build failed with an exception. FRONTEND.md README.md SETUP.md assumptions.pdf build build.gradle config_template.json credits.md design.pdf extract_coverage.sh gradle gradlew gradlew.bat images planning.pdf setup src testing.pdf What went wrong: Execution failed for task ':test'. > There were failing tests. See the report at: file:///W15B_DONUT/build/reports/tests/test/index.html FRONTEND.md README.md SETUP.md assumptions.pdf build build.gradle config_template.json credits.md design.pdf extract_coverage.sh gradle gradlew gradlew.bat images planning.pdf setup src testing.pdf Try: > Run with --stacktrace option to get the stack trace. > Run with --info or --debug option to get more log output. > Run with --scan to get full insights. FRONTEND.md README.md SETUP.md assumptions.pdf build build.gradle config_template.json credits.md design.pdf extract_coverage.sh gradle gradlew gradlew.bat images planning.pdf setup src testing.pdf Get more help at https://help.gradle.org BUILD FAILED in 11s

Test 14-6: Testing a switch goal can be achieved and then become unachieved
ComplexGoalsTest > Testing a switch goal can be achieved and then become unachieved FAILED org.opentest4j.AssertionFailedError: expected: <true> but was: <false> at app//org.junit.jupiter.api.AssertionUtils.fail(AssertionUtils.java:55) at app//org.junit.jupiter.api.AssertTrue.assertTrue(AssertTrue.java:40) at app//org.junit.jupiter.api.AssertTrue.assertTrue(AssertTrue.java:35) at app//org.junit.jupiter.api.Assertions.assertTrue(Assertions.java:179) at app//dungeonmania.automarking.ComplexGoalsTest.switchUnachieved(ComplexGoalsTest.java:194) FAILURE DONE 1 test completed, 1 failed FAILURE: Build failed with an exception. FRONTEND.md README.md SETUP.md assumptions.pdf build build.gradle config_template.json credits.md design.pdf extract_coverage.sh gradle gradlew gradlew.bat images planning.pdf setup src testing.pdf What went wrong: Execution failed for task ':test'. > There were failing tests. See the report at: file:///W15B_DONUT/build/reports/tests/test/index.html FRONTEND.md README.md SETUP.md assumptions.pdf build build.gradle config_template.json credits.md design.pdf extract_coverage.sh gradle gradlew gradlew.bat images planning.pdf setup src testing.pdf Try: > Run with --stacktrace option to get the stack trace. > Run with --info or --debug option to get more log output. > Run with --scan to get full insights. FRONTEND.md README.md SETUP.md assumptions.pdf build build.gradle config_template.json credits.md design.pdf extract_coverage.sh gradle gradlew gradlew.bat images planning.pdf setup src testing.pdf Get more help at https://help.gradle.org BUILD FAILED in 11s

15. Bosses

Test 15-1: Testing an assassin in line with Player moves towards them
BossTest > Testing an assassin in line with Player moves towards them FAILED java.lang.IndexOutOfBoundsException: Index 0 out of bounds for length 0 at java.base/jdk.internal.util.Preconditions.outOfBounds(Preconditions.java:64) at java.base/jdk.internal.util.Preconditions.outOfBoundsCheckIndex(Preconditions.java:70) at java.base/jdk.internal.util.Preconditions.checkIndex(Preconditions.java:248) at java.base/java.util.Objects.checkIndex(Objects.java:372) at java.base/java.util.ArrayList.get(ArrayList.java:459) at dungeonmania.automarkingM3.BossTest.getAssassinPos(BossTest.java:284) at dungeonmania.automarkingM3.BossTest.assassinMovement(BossTest.java:30) FAILURE DONE 1 test completed, 1 failed FAILURE: Build failed with an exception. FRONTEND.md README.md SETUP.md assumptions.pdf build build.gradle config_template.json credits.md design.pdf extract_coverage.sh gradle gradlew gradlew.bat images planning.pdf setup src testing.pdf What went wrong: Execution failed for task ':test'. > There were failing tests. See the report at: file:///W15B_DONUT/build/reports/tests/test/index.html FRONTEND.md README.md SETUP.md assumptions.pdf build build.gradle config_template.json credits.md design.pdf extract_coverage.sh gradle gradlew gradlew.bat images planning.pdf setup src testing.pdf Try: > Run with --stacktrace option to get the stack trace. > Run with --info or --debug option to get more log output. > Run with --scan to get full insights. FRONTEND.md README.md SETUP.md assumptions.pdf build build.gradle config_template.json credits.md design.pdf extract_coverage.sh gradle gradlew gradlew.bat images planning.pdf setup src testing.pdf Get more help at https://help.gradle.org BUILD FAILED in 11s

Test 15-2: Test assassins can not move through walls and closed doors
BossTest > Test assassins can not move through walls and closed doors FAILED java.lang.IndexOutOfBoundsException: Index 0 out of bounds for length 0 at java.base/jdk.internal.util.Preconditions.outOfBounds(Preconditions.java:64) at java.base/jdk.internal.util.Preconditions.outOfBoundsCheckIndex(Preconditions.java:70) at java.base/jdk.internal.util.Preconditions.checkIndex(Preconditions.java:248) at java.base/java.util.Objects.checkIndex(Objects.java:372) at java.base/java.util.ArrayList.get(ArrayList.java:459) at dungeonmania.automarkingM3.BossTest.getAssassinPos(BossTest.java:284) at dungeonmania.automarkingM3.BossTest.assassinDoorsAndWalls(BossTest.java:50) FAILURE DONE 1 test completed, 1 failed FAILURE: Build failed with an exception. FRONTEND.md README.md SETUP.md assumptions.pdf build build.gradle config_template.json credits.md design.pdf extract_coverage.sh gradle gradlew gradlew.bat images planning.pdf setup src testing.pdf What went wrong: Execution failed for task ':test'. > There were failing tests. See the report at: file:///W15B_DONUT/build/reports/tests/test/index.html FRONTEND.md README.md SETUP.md assumptions.pdf build build.gradle config_template.json credits.md design.pdf extract_coverage.sh gradle gradlew gradlew.bat images planning.pdf setup src testing.pdf Try: > Run with --stacktrace option to get the stack trace. > Run with --info or --debug option to get more log output. > Run with --scan to get full insights. FRONTEND.md README.md SETUP.md assumptions.pdf build build.gradle config_template.json credits.md design.pdf extract_coverage.sh gradle gradlew gradlew.bat images planning.pdf setup src testing.pdf Get more help at https://help.gradle.org BUILD FAILED in 12s

Test 15-3: Testing bribing an assassin with 0 fail rate
BossTest > Testing bribing an assassin with 0 fail rate FAILED java.util.NoSuchElementException: No value present at java.base/java.util.Optional.get(Optional.java:148) at dungeonmania.automarkingM3.BossTest.testAssassinBribeSuccess(BossTest.java:66) FAILURE DONE 1 test completed, 1 failed FAILURE: Build failed with an exception. FRONTEND.md README.md SETUP.md assumptions.pdf build build.gradle config_template.json credits.md design.pdf extract_coverage.sh gradle gradlew gradlew.bat images planning.pdf setup src testing.pdf What went wrong: Execution failed for task ':test'. > There were failing tests. See the report at: file:///W15B_DONUT/build/reports/tests/test/index.html FRONTEND.md README.md SETUP.md assumptions.pdf build build.gradle config_template.json credits.md design.pdf extract_coverage.sh gradle gradlew gradlew.bat images planning.pdf setup src testing.pdf Try: > Run with --stacktrace option to get the stack trace. > Run with --info or --debug option to get more log output. > Run with --scan to get full insights. FRONTEND.md README.md SETUP.md assumptions.pdf build build.gradle config_template.json credits.md design.pdf extract_coverage.sh gradle gradlew gradlew.bat images planning.pdf setup src testing.pdf Get more help at https://help.gradle.org BUILD FAILED in 11s

Test 15-4: Testing bribing an assassin with 100% fail rate
BossTest > Testing bribing an assassin with 100% fail rate FAILED java.util.NoSuchElementException: No value present at java.base/java.util.Optional.get(Optional.java:148) at dungeonmania.automarkingM3.BossTest.testAssassinBribeFail(BossTest.java:97) FAILURE DONE 1 test completed, 1 failed FAILURE: Build failed with an exception. FRONTEND.md README.md SETUP.md assumptions.pdf build build.gradle config_template.json credits.md design.pdf extract_coverage.sh gradle gradlew gradlew.bat images planning.pdf setup src testing.pdf What went wrong: Execution failed for task ':test'. > There were failing tests. See the report at: file:///W15B_DONUT/build/reports/tests/test/index.html FRONTEND.md README.md SETUP.md assumptions.pdf build build.gradle config_template.json credits.md design.pdf extract_coverage.sh gradle gradlew gradlew.bat images planning.pdf setup src testing.pdf Try: > Run with --stacktrace option to get the stack trace. > Run with --info or --debug option to get more log output. > Run with --scan to get full insights. FRONTEND.md README.md SETUP.md assumptions.pdf build build.gradle config_template.json credits.md design.pdf extract_coverage.sh gradle gradlew gradlew.bat images planning.pdf setup src testing.pdf Get more help at https://help.gradle.org BUILD FAILED in 11s

Test 15-5: Testing fail to bribe an assassin and no refund
BossTest > Testing fail to bribe an assassin, and no refund FAILED java.util.NoSuchElementException: No value present at java.base/java.util.Optional.get(Optional.java:148) at dungeonmania.automarkingM3.BossTest.testAssassinBribeFailNoRefund(BossTest.java:125) FAILURE DONE 1 test completed, 1 failed FAILURE: Build failed with an exception. FRONTEND.md README.md SETUP.md assumptions.pdf build build.gradle config_template.json credits.md design.pdf extract_coverage.sh gradle gradlew gradlew.bat images planning.pdf setup src testing.pdf What went wrong: Execution failed for task ':test'. > There were failing tests. See the report at: file:///W15B_DONUT/build/reports/tests/test/index.html FRONTEND.md README.md SETUP.md assumptions.pdf build build.gradle config_template.json credits.md design.pdf extract_coverage.sh gradle gradlew gradlew.bat images planning.pdf setup src testing.pdf Try: > Run with --stacktrace option to get the stack trace. > Run with --info or --debug option to get more log output. > Run with --scan to get full insights. FRONTEND.md README.md SETUP.md assumptions.pdf build build.gradle config_template.json credits.md design.pdf extract_coverage.sh gradle gradlew gradlew.bat images planning.pdf setup src testing.pdf Get more help at https://help.gradle.org BUILD FAILED in 11s

Test 15-6: Testing assassin will keep moving to the player in its recon radius
BossTest > Testing assassin will keep moving to the player in its recon radius FAILED org.opentest4j.AssertionFailedError: expected: <1> but was: <0> at app//org.junit.jupiter.api.AssertionUtils.fail(AssertionUtils.java:55) at app//org.junit.jupiter.api.AssertionUtils.failNotEqual(AssertionUtils.java:62) at app//org.junit.jupiter.api.AssertEquals.assertEquals(AssertEquals.java:150) at app//org.junit.jupiter.api.AssertEquals.assertEquals(AssertEquals.java:145) at app//org.junit.jupiter.api.Assertions.assertEquals(Assertions.java:527) at app//dungeonmania.automarkingM3.BossTest.testAssassinMovesTowardsInvisiblePlayer(BossTest.java:162) FAILURE DONE 1 test completed, 1 failed FAILURE: Build failed with an exception. FRONTEND.md README.md SETUP.md assumptions.pdf build build.gradle config_template.json credits.md design.pdf extract_coverage.sh gradle gradlew gradlew.bat images planning.pdf setup src testing.pdf What went wrong: Execution failed for task ':test'. > There were failing tests. See the report at: file:///W15B_DONUT/build/reports/tests/test/index.html FRONTEND.md README.md SETUP.md assumptions.pdf build build.gradle config_template.json credits.md design.pdf extract_coverage.sh gradle gradlew gradlew.bat images planning.pdf setup src testing.pdf Try: > Run with --stacktrace option to get the stack trace. > Run with --info or --debug option to get more log output. > Run with --scan to get full insights. FRONTEND.md README.md SETUP.md assumptions.pdf build build.gradle config_template.json credits.md design.pdf extract_coverage.sh gradle gradlew gradlew.bat images planning.pdf setup src testing.pdf Get more help at https://help.gradle.org BUILD FAILED in 12s

Test 15-7: Testing basic movement for hydra
BossTest > Testing basic movement for hydra FAILED org.opentest4j.AssertionFailedError: expected: <1> but was: <0> at app//org.junit.jupiter.api.AssertionUtils.fail(AssertionUtils.java:55) at app//org.junit.jupiter.api.AssertionUtils.failNotEqual(AssertionUtils.java:62) at app//org.junit.jupiter.api.AssertEquals.assertEquals(AssertEquals.java:150) at app//org.junit.jupiter.api.AssertEquals.assertEquals(AssertEquals.java:145) at app//org.junit.jupiter.api.Assertions.assertEquals(Assertions.java:527) at app//dungeonmania.automarkingM3.BossTest.hydraMovement(BossTest.java:196) FAILURE DONE 1 test completed, 1 failed FAILURE: Build failed with an exception. FRONTEND.md README.md SETUP.md assumptions.pdf build build.gradle config_template.json credits.md design.pdf extract_coverage.sh gradle gradlew gradlew.bat images planning.pdf setup src testing.pdf What went wrong: Execution failed for task ':test'. > There were failing tests. See the report at: file:///W15B_DONUT/build/reports/tests/test/index.html FRONTEND.md README.md SETUP.md assumptions.pdf build build.gradle config_template.json credits.md design.pdf extract_coverage.sh gradle gradlew gradlew.bat images planning.pdf setup src testing.pdf Try: > Run with --stacktrace option to get the stack trace. > Run with --info or --debug option to get more log output. > Run with --scan to get full insights. FRONTEND.md README.md SETUP.md assumptions.pdf build build.gradle config_template.json credits.md design.pdf extract_coverage.sh gradle gradlew gradlew.bat images planning.pdf setup src testing.pdf Get more help at https://help.gradle.org BUILD FAILED in 14s

Test 15-8: Testing hydra cannot move through closed doors and walls
BossTest > Testing hydras cannot move through closed doors and walls FAILED org.opentest4j.AssertionFailedError: expected: <1> but was: <0> at app//org.junit.jupiter.api.AssertionUtils.fail(AssertionUtils.java:55) at app//org.junit.jupiter.api.AssertionUtils.failNotEqual(AssertionUtils.java:62) at app//org.junit.jupiter.api.AssertEquals.assertEquals(AssertEquals.java:150) at app//org.junit.jupiter.api.AssertEquals.assertEquals(AssertEquals.java:145) at app//org.junit.jupiter.api.Assertions.assertEquals(Assertions.java:527) at app//dungeonmania.automarkingM3.BossTest.hydraDoorsAndWalls(BossTest.java:222) FAILURE DONE 1 test completed, 1 failed FAILURE: Build failed with an exception. FRONTEND.md README.md SETUP.md assumptions.pdf build build.gradle config_template.json credits.md design.pdf extract_coverage.sh gradle gradlew gradlew.bat images planning.pdf setup src testing.pdf What went wrong: Execution failed for task ':test'. > There were failing tests. See the report at: file:///W15B_DONUT/build/reports/tests/test/index.html FRONTEND.md README.md SETUP.md assumptions.pdf build build.gradle config_template.json credits.md design.pdf extract_coverage.sh gradle gradlew gradlew.bat images planning.pdf setup src testing.pdf Try: > Run with --stacktrace option to get the stack trace. > Run with --info or --debug option to get more log output. > Run with --scan to get full insights. FRONTEND.md README.md SETUP.md assumptions.pdf build build.gradle config_template.json credits.md design.pdf extract_coverage.sh gradle gradlew gradlew.bat images planning.pdf setup src testing.pdf Get more help at https://help.gradle.org BUILD FAILED in 13s

Test 15-9: Test player wins a battle against hydra when hydra does not increase health when taking damage
SUCCESS DONE

Test 15-10: Test the hydra must increase health when taking damage - player loses
BossTest > Test the hydra must increase health when taking damage - player loses FAILED org.opentest4j.AssertionFailedError: expected: <true> but was: <false> at app//org.junit.jupiter.api.AssertionUtils.fail(AssertionUtils.java:55) at app//org.junit.jupiter.api.AssertTrue.assertTrue(AssertTrue.java:40) at app//org.junit.jupiter.api.AssertTrue.assertTrue(AssertTrue.java:35) at app//org.junit.jupiter.api.Assertions.assertTrue(Assertions.java:179) at app//dungeonmania.automarkingM3.BossTest.testHydraIncreasesHealth(BossTest.java:272) FAILURE DONE 1 test completed, 1 failed FAILURE: Build failed with an exception. FRONTEND.md README.md SETUP.md assumptions.pdf build build.gradle config_template.json credits.md design.pdf extract_coverage.sh gradle gradlew gradlew.bat images planning.pdf setup src testing.pdf What went wrong: Execution failed for task ':test'. > There were failing tests. See the report at: file:///W15B_DONUT/build/reports/tests/test/index.html FRONTEND.md README.md SETUP.md assumptions.pdf build build.gradle config_template.json credits.md design.pdf extract_coverage.sh gradle gradlew gradlew.bat images planning.pdf setup src testing.pdf Try: > Run with --stacktrace option to get the stack trace. > Run with --info or --debug option to get more log output. > Run with --scan to get full insights. FRONTEND.md README.md SETUP.md assumptions.pdf build build.gradle config_template.json credits.md design.pdf extract_coverage.sh gradle gradlew gradlew.bat images planning.pdf setup src testing.pdf Get more help at https://help.gradle.org BUILD FAILED in 49s

16. Swamp Tiles & Pathfinding

Test 16-1: Testing mercenary gets stuck in swamp
SwampTileTest > Testing mercenary gets stuck in swamp FAILED org.json.JSONException: JSONObject["movement_factor"] not found. at app//org.json.JSONObject.get(JSONObject.java:572) at app//org.json.JSONObject.getInt(JSONObject.java:744) at app//dungeonmania.entities.Dungeon.populate(Dungeon.java:269) at app//dungeonmania.entities.Dungeon.<init>(Dungeon.java:38) at app//dungeonmania.DungeonManiaController.newGame(DungeonManiaController.java:56) at app//dungeonmania.automarkingM3.SwampTileTest.slowMercenary(SwampTileTest.java:30) FAILURE DONE 1 test completed, 1 failed FAILURE: Build failed with an exception. FRONTEND.md README.md SETUP.md assumptions.pdf build build.gradle config_template.json credits.md design.pdf extract_coverage.sh gradle gradlew gradlew.bat images planning.pdf setup src testing.pdf What went wrong: Execution failed for task ':test'. > There were failing tests. See the report at: file:///W15B_DONUT/build/reports/tests/test/index.html FRONTEND.md README.md SETUP.md assumptions.pdf build build.gradle config_template.json credits.md design.pdf extract_coverage.sh gradle gradlew gradlew.bat images planning.pdf setup src testing.pdf Try: > Run with --stacktrace option to get the stack trace. > Run with --info or --debug option to get more log output. > Run with --scan to get full insights. FRONTEND.md README.md SETUP.md assumptions.pdf build build.gradle config_template.json credits.md design.pdf extract_coverage.sh gradle gradlew gradlew.bat images planning.pdf setup src testing.pdf Get more help at https://help.gradle.org BUILD FAILED in 11s

Test 16-2: Testing Assassin gets stuck in swamp
SwampTileTest > slowAssassin() FAILED org.json.JSONException: JSONObject["movement_factor"] not found. at app//org.json.JSONObject.get(JSONObject.java:572) at app//org.json.JSONObject.getInt(JSONObject.java:744) at app//dungeonmania.entities.Dungeon.populate(Dungeon.java:269) at app//dungeonmania.entities.Dungeon.<init>(Dungeon.java:38) at app//dungeonmania.DungeonManiaController.newGame(DungeonManiaController.java:56) at app//dungeonmania.automarkingM3.SwampTileTest.slowAssassin(SwampTileTest.java:53) FAILURE DONE 1 test completed, 1 failed FAILURE: Build failed with an exception. FRONTEND.md README.md SETUP.md assumptions.pdf build build.gradle config_template.json credits.md design.pdf extract_coverage.sh gradle gradlew gradlew.bat images planning.pdf setup src testing.pdf What went wrong: Execution failed for task ':test'. > There were failing tests. See the report at: file:///W15B_DONUT/build/reports/tests/test/index.html FRONTEND.md README.md SETUP.md assumptions.pdf build build.gradle config_template.json credits.md design.pdf extract_coverage.sh gradle gradlew gradlew.bat images planning.pdf setup src testing.pdf Try: > Run with --stacktrace option to get the stack trace. > Run with --info or --debug option to get more log output. > Run with --scan to get full insights. FRONTEND.md README.md SETUP.md assumptions.pdf build build.gradle config_template.json credits.md design.pdf extract_coverage.sh gradle gradlew gradlew.bat images planning.pdf setup src testing.pdf Get more help at https://help.gradle.org BUILD FAILED in 12s

Test 16-3: Testing if mercenaries take into account movement factor when pathfinding
SwampTileTest > Testing if mercenaries take into account movement factor when pathfinding FAILED org.json.JSONException: JSONObject["movement_factor"] not found. at app//org.json.JSONObject.get(JSONObject.java:572) at app//org.json.JSONObject.getInt(JSONObject.java:744) at app//dungeonmania.entities.Dungeon.populate(Dungeon.java:269) at app//dungeonmania.entities.Dungeon.<init>(Dungeon.java:38) at app//dungeonmania.DungeonManiaController.newGame(DungeonManiaController.java:56) at app//dungeonmania.automarkingM3.SwampTileTest.mercPathfindWithSwampTile(SwampTileTest.java:77) FAILURE DONE 1 test completed, 1 failed FAILURE: Build failed with an exception. FRONTEND.md README.md SETUP.md assumptions.pdf build build.gradle config_template.json credits.md design.pdf extract_coverage.sh gradle gradlew gradlew.bat images planning.pdf setup src testing.pdf What went wrong: Execution failed for task ':test'. > There were failing tests. See the report at: file:///W15B_DONUT/build/reports/tests/test/index.html FRONTEND.md README.md SETUP.md assumptions.pdf build build.gradle config_template.json credits.md design.pdf extract_coverage.sh gradle gradlew gradlew.bat images planning.pdf setup src testing.pdf Try: > Run with --stacktrace option to get the stack trace. > Run with --info or --debug option to get more log output. > Run with --scan to get full insights. FRONTEND.md README.md SETUP.md assumptions.pdf build build.gradle config_template.json credits.md design.pdf extract_coverage.sh gradle gradlew gradlew.bat images planning.pdf setup src testing.pdf Get more help at https://help.gradle.org BUILD FAILED in 11s

Test 16-4: Testing player does not get slowed by swamp tile
SwampTileTest > Testing player does not get slowed by swamp tile FAILED org.json.JSONException: JSONObject["movement_factor"] not found. at app//org.json.JSONObject.get(JSONObject.java:572) at app//org.json.JSONObject.getInt(JSONObject.java:744) at app//dungeonmania.entities.Dungeon.populate(Dungeon.java:269) at app//dungeonmania.entities.Dungeon.<init>(Dungeon.java:38) at app//dungeonmania.DungeonManiaController.newGame(DungeonManiaController.java:56) at app//dungeonmania.automarkingM3.SwampTileTest.testPlayerNotSlowedBySwamp(SwampTileTest.java:104) FAILURE DONE 1 test completed, 1 failed FAILURE: Build failed with an exception. FRONTEND.md README.md SETUP.md assumptions.pdf build build.gradle config_template.json credits.md design.pdf extract_coverage.sh gradle gradlew gradlew.bat images planning.pdf setup src testing.pdf What went wrong: Execution failed for task ':test'. > There were failing tests. See the report at: file:///W15B_DONUT/build/reports/tests/test/index.html FRONTEND.md README.md SETUP.md assumptions.pdf build build.gradle config_template.json credits.md design.pdf extract_coverage.sh gradle gradlew gradlew.bat images planning.pdf setup src testing.pdf Try: > Run with --stacktrace option to get the stack trace. > Run with --info or --debug option to get more log output. > Run with --scan to get full insights. FRONTEND.md README.md SETUP.md assumptions.pdf build build.gradle config_template.json credits.md design.pdf extract_coverage.sh gradle gradlew gradlew.bat images planning.pdf setup src testing.pdf Get more help at https://help.gradle.org BUILD FAILED in 12s

Test 16-5: Testing spider is slowed by swamp tile and that movement is still circling
SwampTileTest > Testing spider is slowed by swamp tile and that movement is still circling FAILED org.json.JSONException: JSONObject["movement_factor"] not found. at app//org.json.JSONObject.get(JSONObject.java:572) at app//org.json.JSONObject.getInt(JSONObject.java:744) at app//dungeonmania.entities.Dungeon.populate(Dungeon.java:269) at app//dungeonmania.entities.Dungeon.<init>(Dungeon.java:38) at app//dungeonmania.DungeonManiaController.newGame(DungeonManiaController.java:56) at app//dungeonmania.automarkingM3.SwampTileTest.testSpiderSlowedBySwamp(SwampTileTest.java:121) FAILURE DONE 1 test completed, 1 failed FAILURE: Build failed with an exception. FRONTEND.md README.md SETUP.md assumptions.pdf build build.gradle config_template.json credits.md design.pdf extract_coverage.sh gradle gradlew gradlew.bat images planning.pdf setup src testing.pdf What went wrong: Execution failed for task ':test'. > There were failing tests. See the report at: file:///W15B_DONUT/build/reports/tests/test/index.html FRONTEND.md README.md SETUP.md assumptions.pdf build build.gradle config_template.json credits.md design.pdf extract_coverage.sh gradle gradlew gradlew.bat images planning.pdf setup src testing.pdf Try: > Run with --stacktrace option to get the stack trace. > Run with --info or --debug option to get more log output. > Run with --scan to get full insights. FRONTEND.md README.md SETUP.md assumptions.pdf build build.gradle config_template.json credits.md design.pdf extract_coverage.sh gradle gradlew gradlew.bat images planning.pdf setup src testing.pdf Get more help at https://help.gradle.org BUILD FAILED in 11s

Test 16-6: Testing multiple swamp tiles all slow
SwampTileTest > Testing multiple swamp tiles all slow FAILED org.json.JSONException: JSONObject["movement_factor"] not found. at app//org.json.JSONObject.get(JSONObject.java:572) at app//org.json.JSONObject.getInt(JSONObject.java:744) at app//dungeonmania.entities.Dungeon.populate(Dungeon.java:269) at app//dungeonmania.entities.Dungeon.<init>(Dungeon.java:38) at app//dungeonmania.DungeonManiaController.newGame(DungeonManiaController.java:56) at app//dungeonmania.automarkingM3.SwampTileTest.testMultiSwamp(SwampTileTest.java:143) FAILURE DONE 1 test completed, 1 failed FAILURE: Build failed with an exception. FRONTEND.md README.md SETUP.md assumptions.pdf build build.gradle config_template.json credits.md design.pdf extract_coverage.sh gradle gradlew gradlew.bat images planning.pdf setup src testing.pdf What went wrong: Execution failed for task ':test'. > There were failing tests. See the report at: file:///W15B_DONUT/build/reports/tests/test/index.html FRONTEND.md README.md SETUP.md assumptions.pdf build build.gradle config_template.json credits.md design.pdf extract_coverage.sh gradle gradlew gradlew.bat images planning.pdf setup src testing.pdf Try: > Run with --stacktrace option to get the stack trace. > Run with --info or --debug option to get more log output. > Run with --scan to get full insights. FRONTEND.md README.md SETUP.md assumptions.pdf build build.gradle config_template.json credits.md design.pdf extract_coverage.sh gradle gradlew gradlew.bat images planning.pdf setup src testing.pdf Get more help at https://help.gradle.org BUILD FAILED in 13s

Test 16-7: Testing a battle on a swamp tile is successful - mercenary dies
SwampTileTest > Testing a battle on a swamp tile is successful - mercenary dies FAILED org.json.JSONException: JSONObject["movement_factor"] not found. at app//org.json.JSONObject.get(JSONObject.java:572) at app//org.json.JSONObject.getInt(JSONObject.java:744) at app//dungeonmania.entities.Dungeon.populate(Dungeon.java:269) at app//dungeonmania.entities.Dungeon.<init>(Dungeon.java:38) at app//dungeonmania.DungeonManiaController.newGame(DungeonManiaController.java:56) at app//dungeonmania.automarkingM3.SwampTileTest.testBattleOnSwamp(SwampTileTest.java:171) FAILURE DONE 1 test completed, 1 failed FAILURE: Build failed with an exception. FRONTEND.md README.md SETUP.md assumptions.pdf build build.gradle config_template.json credits.md design.pdf extract_coverage.sh gradle gradlew gradlew.bat images planning.pdf setup src testing.pdf What went wrong: Execution failed for task ':test'. > There were failing tests. See the report at: file:///W15B_DONUT/build/reports/tests/test/index.html FRONTEND.md README.md SETUP.md assumptions.pdf build build.gradle config_template.json credits.md design.pdf extract_coverage.sh gradle gradlew gradlew.bat images planning.pdf setup src testing.pdf Try: > Run with --stacktrace option to get the stack trace. > Run with --info or --debug option to get more log output. > Run with --scan to get full insights. FRONTEND.md README.md SETUP.md assumptions.pdf build build.gradle config_template.json credits.md design.pdf extract_coverage.sh gradle gradlew gradlew.bat images planning.pdf setup src testing.pdf Get more help at https://help.gradle.org BUILD FAILED in 12s

Test 16-8: Test mercenary moves towards the player following the shortest path
DijkstraMovementTest > Test mercenary moves towards the player following the shortest path FAILED java.lang.IndexOutOfBoundsException: Index 0 out of bounds for length 0 at java.base/jdk.internal.util.Preconditions.outOfBounds(Preconditions.java:64) at java.base/jdk.internal.util.Preconditions.outOfBoundsCheckIndex(Preconditions.java:70) at java.base/jdk.internal.util.Preconditions.checkIndex(Preconditions.java:248) at java.base/java.util.Objects.checkIndex(Objects.java:372) at java.base/java.util.ArrayList.get(ArrayList.java:459) at dungeonmania.automarking.Utils.getEntityPos(Utils.java:133) at dungeonmania.automarkingM3.DijkstraMovementTest.getMercPos(DijkstraMovementTest.java:204) at dungeonmania.automarkingM3.DijkstraMovementTest.simpleMercMovement(DijkstraMovementTest.java:32) FAILURE DONE 1 test completed, 1 failed FAILURE: Build failed with an exception. FRONTEND.md README.md SETUP.md assumptions.pdf build build.gradle config_template.json credits.md design.pdf extract_coverage.sh gradle gradlew gradlew.bat images planning.pdf setup src testing.pdf What went wrong: Execution failed for task ':test'. > There were failing tests. See the report at: file:///W15B_DONUT/build/reports/tests/test/index.html FRONTEND.md README.md SETUP.md assumptions.pdf build build.gradle config_template.json credits.md design.pdf extract_coverage.sh gradle gradlew gradlew.bat images planning.pdf setup src testing.pdf Try: > Run with --stacktrace option to get the stack trace. > Run with --info or --debug option to get more log output. > Run with --scan to get full insights. FRONTEND.md README.md SETUP.md assumptions.pdf build build.gradle config_template.json credits.md design.pdf extract_coverage.sh gradle gradlew gradlew.bat images planning.pdf setup src testing.pdf Get more help at https://help.gradle.org BUILD FAILED in 13s

Test 16-9: Test mercenary moves towards the player using portals
DijkstraMovementTest > Test mercenary moves towards the player using portals FAILED java.lang.IndexOutOfBoundsException: Index 0 out of bounds for length 0 at java.base/jdk.internal.util.Preconditions.outOfBounds(Preconditions.java:64) at java.base/jdk.internal.util.Preconditions.outOfBoundsCheckIndex(Preconditions.java:70) at java.base/jdk.internal.util.Preconditions.checkIndex(Preconditions.java:248) at java.base/java.util.Objects.checkIndex(Objects.java:372) at java.base/java.util.ArrayList.get(ArrayList.java:459) at dungeonmania.automarking.Utils.getEntityPos(Utils.java:133) at dungeonmania.automarkingM3.DijkstraMovementTest.getMercPos(DijkstraMovementTest.java:204) at dungeonmania.automarkingM3.DijkstraMovementTest.mercWithPortals(DijkstraMovementTest.java:60) FAILURE DONE 1 test completed, 1 failed FAILURE: Build failed with an exception. FRONTEND.md README.md SETUP.md assumptions.pdf build build.gradle config_template.json credits.md design.pdf extract_coverage.sh gradle gradlew gradlew.bat images planning.pdf setup src testing.pdf What went wrong: Execution failed for task ':test'. > There were failing tests. See the report at: file:///W15B_DONUT/build/reports/tests/test/index.html FRONTEND.md README.md SETUP.md assumptions.pdf build build.gradle config_template.json credits.md design.pdf extract_coverage.sh gradle gradlew gradlew.bat images planning.pdf setup src testing.pdf Try: > Run with --stacktrace option to get the stack trace. > Run with --info or --debug option to get more log output. > Run with --scan to get full insights. FRONTEND.md README.md SETUP.md assumptions.pdf build build.gradle config_template.json credits.md design.pdf extract_coverage.sh gradle gradlew gradlew.bat images planning.pdf setup src testing.pdf Get more help at https://help.gradle.org BUILD FAILED in 12s

Test 16-10: Test mercenary moves towards the player using swamp tiles
DijkstraMovementTest > Test mercenary moves towards the player using swamp tiles FAILED org.json.JSONException: JSONObject["movement_factor"] not found. at app//org.json.JSONObject.get(JSONObject.java:572) at app//org.json.JSONObject.getInt(JSONObject.java:744) at app//dungeonmania.entities.Dungeon.populate(Dungeon.java:269) at app//dungeonmania.entities.Dungeon.<init>(Dungeon.java:38) at app//dungeonmania.DungeonManiaController.newGame(DungeonManiaController.java:56) at app//dungeonmania.automarkingM3.DijkstraMovementTest.mercWithSwampTiles(DijkstraMovementTest.java:85) FAILURE DONE 1 test completed, 1 failed FAILURE: Build failed with an exception. FRONTEND.md README.md SETUP.md assumptions.pdf build build.gradle config_template.json credits.md design.pdf extract_coverage.sh gradle gradlew gradlew.bat images planning.pdf setup src testing.pdf What went wrong: Execution failed for task ':test'. > There were failing tests. See the report at: file:///W15B_DONUT/build/reports/tests/test/index.html FRONTEND.md README.md SETUP.md assumptions.pdf build build.gradle config_template.json credits.md design.pdf extract_coverage.sh gradle gradlew gradlew.bat images planning.pdf setup src testing.pdf Try: > Run with --stacktrace option to get the stack trace. > Run with --info or --debug option to get more log output. > Run with --scan to get full insights. FRONTEND.md README.md SETUP.md assumptions.pdf build build.gradle config_template.json credits.md design.pdf extract_coverage.sh gradle gradlew gradlew.bat images planning.pdf setup src testing.pdf Get more help at https://help.gradle.org BUILD FAILED in 12s

Test 16-11: Test assassin moves towards the player following the shortest path
DijkstraMovementTest > Test assassin moves towards the player following the shortest path FAILED java.lang.IndexOutOfBoundsException: Index 0 out of bounds for length 0 at java.base/jdk.internal.util.Preconditions.outOfBounds(Preconditions.java:64) at java.base/jdk.internal.util.Preconditions.outOfBoundsCheckIndex(Preconditions.java:70) at java.base/jdk.internal.util.Preconditions.checkIndex(Preconditions.java:248) at java.base/java.util.Objects.checkIndex(Objects.java:372) at java.base/java.util.ArrayList.get(ArrayList.java:459) at dungeonmania.automarking.Utils.getEntityPos(Utils.java:133) at dungeonmania.automarkingM3.DijkstraMovementTest.getAssassinPos(DijkstraMovementTest.java:208) at dungeonmania.automarkingM3.DijkstraMovementTest.simpleAssassinMovement(DijkstraMovementTest.java:125) FAILURE DONE 1 test completed, 1 failed FAILURE: Build failed with an exception. FRONTEND.md README.md SETUP.md assumptions.pdf build build.gradle config_template.json credits.md design.pdf extract_coverage.sh gradle gradlew gradlew.bat images planning.pdf setup src testing.pdf What went wrong: Execution failed for task ':test'. > There were failing tests. See the report at: file:///W15B_DONUT/build/reports/tests/test/index.html FRONTEND.md README.md SETUP.md assumptions.pdf build build.gradle config_template.json credits.md design.pdf extract_coverage.sh gradle gradlew gradlew.bat images planning.pdf setup src testing.pdf Try: > Run with --stacktrace option to get the stack trace. > Run with --info or --debug option to get more log output. > Run with --scan to get full insights. FRONTEND.md README.md SETUP.md assumptions.pdf build build.gradle config_template.json credits.md design.pdf extract_coverage.sh gradle gradlew gradlew.bat images planning.pdf setup src testing.pdf Get more help at https://help.gradle.org BUILD FAILED in 13s

Test 16-12: Test assassin moves towards the player using portals
DijkstraMovementTest > Test assassin moves towards the player using portals FAILED java.lang.IndexOutOfBoundsException: Index 0 out of bounds for length 0 at java.base/jdk.internal.util.Preconditions.outOfBounds(Preconditions.java:64) at java.base/jdk.internal.util.Preconditions.outOfBoundsCheckIndex(Preconditions.java:70) at java.base/jdk.internal.util.Preconditions.checkIndex(Preconditions.java:248) at java.base/java.util.Objects.checkIndex(Objects.java:372) at java.base/java.util.ArrayList.get(ArrayList.java:459) at dungeonmania.automarking.Utils.getEntityPos(Utils.java:133) at dungeonmania.automarkingM3.DijkstraMovementTest.getAssassinPos(DijkstraMovementTest.java:208) at dungeonmania.automarkingM3.DijkstraMovementTest.assassinWithPortals(DijkstraMovementTest.java:153) FAILURE DONE 1 test completed, 1 failed FAILURE: Build failed with an exception. FRONTEND.md README.md SETUP.md assumptions.pdf build build.gradle config_template.json credits.md design.pdf extract_coverage.sh gradle gradlew gradlew.bat images planning.pdf setup src testing.pdf What went wrong: Execution failed for task ':test'. > There were failing tests. See the report at: file:///W15B_DONUT/build/reports/tests/test/index.html FRONTEND.md README.md SETUP.md assumptions.pdf build build.gradle config_template.json credits.md design.pdf extract_coverage.sh gradle gradlew gradlew.bat images planning.pdf setup src testing.pdf Try: > Run with --stacktrace option to get the stack trace. > Run with --info or --debug option to get more log output. > Run with --scan to get full insights. FRONTEND.md README.md SETUP.md assumptions.pdf build build.gradle config_template.json credits.md design.pdf extract_coverage.sh gradle gradlew gradlew.bat images planning.pdf setup src testing.pdf Get more help at https://help.gradle.org BUILD FAILED in 11s

Test 16-13: Test assassin moves towards the player using swamp tiles
DijkstraMovementTest > Test assassin moves towards the player using swamp tiles FAILED org.json.JSONException: JSONObject["movement_factor"] not found. at app//org.json.JSONObject.get(JSONObject.java:572) at app//org.json.JSONObject.getInt(JSONObject.java:744) at app//dungeonmania.entities.Dungeon.populate(Dungeon.java:269) at app//dungeonmania.entities.Dungeon.<init>(Dungeon.java:38) at app//dungeonmania.DungeonManiaController.newGame(DungeonManiaController.java:56) at app//dungeonmania.automarkingM3.DijkstraMovementTest.assassinWithSwampTiles(DijkstraMovementTest.java:178) FAILURE DONE 1 test completed, 1 failed FAILURE: Build failed with an exception. FRONTEND.md README.md SETUP.md assumptions.pdf build build.gradle config_template.json credits.md design.pdf extract_coverage.sh gradle gradlew gradlew.bat images planning.pdf setup src testing.pdf What went wrong: Execution failed for task ':test'. > There were failing tests. See the report at: file:///W15B_DONUT/build/reports/tests/test/index.html FRONTEND.md README.md SETUP.md assumptions.pdf build build.gradle config_template.json credits.md design.pdf extract_coverage.sh gradle gradlew gradlew.bat images planning.pdf setup src testing.pdf Try: > Run with --stacktrace option to get the stack trace. > Run with --info or --debug option to get more log output. > Run with --scan to get full insights. FRONTEND.md README.md SETUP.md assumptions.pdf build build.gradle config_template.json credits.md design.pdf extract_coverage.sh gradle gradlew gradlew.bat images planning.pdf setup src testing.pdf Get more help at https://help.gradle.org BUILD FAILED in 11s

17. Milestone 3 Buildables

Test 17-1: (arrows x2) + (key x1) + (sun stone x1) => (sceptre x1)
BuildablesM3Test > (arrows x2) + (key x1) + (sun stone x1) => (sceptre x1) FAILED org.opentest4j.AssertionFailedError: Unexpected exception thrown: java.lang.IllegalArgumentException at app//org.junit.jupiter.api.AssertDoesNotThrow.createAssertionFailedError(AssertDoesNotThrow.java:83) at app//org.junit.jupiter.api.AssertDoesNotThrow.assertDoesNotThrow(AssertDoesNotThrow.java:54) at app//org.junit.jupiter.api.AssertDoesNotThrow.assertDoesNotThrow(AssertDoesNotThrow.java:37) at app//org.junit.jupiter.api.Assertions.assertDoesNotThrow(Assertions.java:3135) at app//dungeonmania.automarkingM3.BuildablesM3Test.testBuildSceptre1(BuildablesM3Test.java:50) Caused by: java.lang.IllegalArgumentException at dungeonmania.DungeonManiaController.build(DungeonManiaController.java:167) at dungeonmania.automarkingM3.BuildablesM3Test.lambda$testBuildSceptre1$0(BuildablesM3Test.java:51) at org.junit.jupiter.api.AssertDoesNotThrow.assertDoesNotThrow(AssertDoesNotThrow.java:50) ... 3 more FAILURE DONE 2 tests completed, 1 failed, 1 skipped FAILURE: Build failed with an exception. FRONTEND.md README.md SETUP.md assumptions.pdf build build.gradle config_template.json credits.md design.pdf extract_coverage.sh gradle gradlew gradlew.bat images planning.pdf setup src testing.pdf What went wrong: Execution failed for task ':test'. > There were failing tests. See the report at: file:///W15B_DONUT/build/reports/tests/test/index.html FRONTEND.md README.md SETUP.md assumptions.pdf build build.gradle config_template.json credits.md design.pdf extract_coverage.sh gradle gradlew gradlew.bat images planning.pdf setup src testing.pdf Try: > Run with --stacktrace option to get the stack trace. > Run with --info or --debug option to get more log output. > Run with --scan to get full insights. FRONTEND.md README.md SETUP.md assumptions.pdf build build.gradle config_template.json credits.md design.pdf extract_coverage.sh gradle gradlew gradlew.bat images planning.pdf setup src testing.pdf Get more help at https://help.gradle.org BUILD FAILED in 11s

Test 17-2: (wood x1) + (treasure x1) + (sun stone x1) => (sceptre x1)
BuildablesM3Test > (wood x1) + (treasure x1) + (sun stone x1) => (sceptre x1) FAILED org.opentest4j.AssertionFailedError: Unexpected exception thrown: java.lang.IllegalArgumentException at app//org.junit.jupiter.api.AssertDoesNotThrow.createAssertionFailedError(AssertDoesNotThrow.java:83) at app//org.junit.jupiter.api.AssertDoesNotThrow.assertDoesNotThrow(AssertDoesNotThrow.java:54) at app//org.junit.jupiter.api.AssertDoesNotThrow.assertDoesNotThrow(AssertDoesNotThrow.java:37) at app//org.junit.jupiter.api.Assertions.assertDoesNotThrow(Assertions.java:3135) at app//dungeonmania.automarkingM3.BuildablesM3Test.testBuildSceptre2(BuildablesM3Test.java:100) Caused by: java.lang.IllegalArgumentException at dungeonmania.DungeonManiaController.build(DungeonManiaController.java:167) at dungeonmania.automarkingM3.BuildablesM3Test.lambda$testBuildSceptre2$1(BuildablesM3Test.java:101) at org.junit.jupiter.api.AssertDoesNotThrow.assertDoesNotThrow(AssertDoesNotThrow.java:50) ... 3 more FAILURE DONE 2 tests completed, 1 failed, 1 skipped FAILURE: Build failed with an exception. FRONTEND.md README.md SETUP.md assumptions.pdf build build.gradle config_template.json credits.md design.pdf extract_coverage.sh gradle gradlew gradlew.bat images planning.pdf setup src testing.pdf What went wrong: Execution failed for task ':test'. > There were failing tests. See the report at: file:///W15B_DONUT/build/reports/tests/test/index.html FRONTEND.md README.md SETUP.md assumptions.pdf build build.gradle config_template.json credits.md design.pdf extract_coverage.sh gradle gradlew gradlew.bat images planning.pdf setup src testing.pdf Try: > Run with --stacktrace option to get the stack trace. > Run with --info or --debug option to get more log output. > Run with --scan to get full insights. FRONTEND.md README.md SETUP.md assumptions.pdf build build.gradle config_template.json credits.md design.pdf extract_coverage.sh gradle gradlew gradlew.bat images planning.pdf setup src testing.pdf Get more help at https://help.gradle.org BUILD FAILED in 11s

Test 17-3: (wood x1) + (key x1) => (sceptre x0) + InvalidActionException
BuildablesM3Test > (wood x1) + (key x1) => (sceptre x0) + InvalidActionException FAILED org.opentest4j.AssertionFailedError: Unexpected exception type thrown ==> expected: <dungeonmania.exceptions.InvalidActionException> but was: <java.lang.IllegalArgumentException> at app//org.junit.jupiter.api.AssertThrows.assertThrows(AssertThrows.java:65) at app//org.junit.jupiter.api.AssertThrows.assertThrows(AssertThrows.java:37) at app//org.junit.jupiter.api.Assertions.assertThrows(Assertions.java:3082) at app//dungeonmania.automarkingM3.BuildablesM3Test.testBuildSceptreInsufficientItems1(BuildablesM3Test.java:149) Caused by: java.lang.IllegalArgumentException at dungeonmania.DungeonManiaController.build(DungeonManiaController.java:167) at dungeonmania.automarkingM3.BuildablesM3Test.lambda$testBuildSceptreInsufficientItems1$2(BuildablesM3Test.java:150) at org.junit.jupiter.api.AssertThrows.assertThrows(AssertThrows.java:55) ... 3 more FAILURE DONE 2 tests completed, 1 failed, 1 skipped FAILURE: Build failed with an exception. FRONTEND.md README.md SETUP.md assumptions.pdf build build.gradle config_template.json credits.md design.pdf extract_coverage.sh gradle gradlew gradlew.bat images planning.pdf setup src testing.pdf What went wrong: Execution failed for task ':test'. > There were failing tests. See the report at: file:///W15B_DONUT/build/reports/tests/test/index.html FRONTEND.md README.md SETUP.md assumptions.pdf build build.gradle config_template.json credits.md design.pdf extract_coverage.sh gradle gradlew gradlew.bat images planning.pdf setup src testing.pdf Try: > Run with --stacktrace option to get the stack trace. > Run with --info or --debug option to get more log output. > Run with --scan to get full insights. FRONTEND.md README.md SETUP.md assumptions.pdf build build.gradle config_template.json credits.md design.pdf extract_coverage.sh gradle gradlew gradlew.bat images planning.pdf setup src testing.pdf Get more help at https://help.gradle.org BUILD FAILED in 12s

Test 17-4: (arrows x2) + (treasure x1) => (sceptre x0) + InvalidActionException
BuildablesM3Test > (arrows x2) + (treasure x1) => (sceptre x0) + InvalidActionException FAILED org.opentest4j.AssertionFailedError: Unexpected exception type thrown ==> expected: <dungeonmania.exceptions.InvalidActionException> but was: <java.lang.IllegalArgumentException> at app//org.junit.jupiter.api.AssertThrows.assertThrows(AssertThrows.java:65) at app//org.junit.jupiter.api.AssertThrows.assertThrows(AssertThrows.java:37) at app//org.junit.jupiter.api.Assertions.assertThrows(Assertions.java:3082) at app//dungeonmania.automarkingM3.BuildablesM3Test.testBuildSceptreInsufficientItems2(BuildablesM3Test.java:198) Caused by: java.lang.IllegalArgumentException at dungeonmania.DungeonManiaController.build(DungeonManiaController.java:167) at dungeonmania.automarkingM3.BuildablesM3Test.lambda$testBuildSceptreInsufficientItems2$3(BuildablesM3Test.java:199) at org.junit.jupiter.api.AssertThrows.assertThrows(AssertThrows.java:55) ... 3 more FAILURE DONE 2 tests completed, 1 failed, 1 skipped FAILURE: Build failed with an exception. FRONTEND.md README.md SETUP.md assumptions.pdf build build.gradle config_template.json credits.md design.pdf extract_coverage.sh gradle gradlew gradlew.bat images planning.pdf setup src testing.pdf What went wrong: Execution failed for task ':test'. > There were failing tests. See the report at: file:///W15B_DONUT/build/reports/tests/test/index.html FRONTEND.md README.md SETUP.md assumptions.pdf build build.gradle config_template.json credits.md design.pdf extract_coverage.sh gradle gradlew gradlew.bat images planning.pdf setup src testing.pdf Try: > Run with --stacktrace option to get the stack trace. > Run with --info or --debug option to get more log output. > Run with --scan to get full insights. FRONTEND.md README.md SETUP.md assumptions.pdf build build.gradle config_template.json credits.md design.pdf extract_coverage.sh gradle gradlew gradlew.bat images planning.pdf setup src testing.pdf Get more help at https://help.gradle.org BUILD FAILED in 12s

Test 17-5: (sword x1) + (sun stone x1) + (zombie x0) => (midnight armour x1)
BuildablesM3Test > (sword x1) + (sun stone x1) + (zombie x0) => (midnight armour x1) FAILED org.opentest4j.AssertionFailedError: Unexpected exception thrown: java.lang.IllegalArgumentException at app//org.junit.jupiter.api.AssertDoesNotThrow.createAssertionFailedError(AssertDoesNotThrow.java:83) at app//org.junit.jupiter.api.AssertDoesNotThrow.assertDoesNotThrow(AssertDoesNotThrow.java:54) at app//org.junit.jupiter.api.AssertDoesNotThrow.assertDoesNotThrow(AssertDoesNotThrow.java:37) at app//org.junit.jupiter.api.Assertions.assertDoesNotThrow(Assertions.java:3135) at app//dungeonmania.automarkingM3.BuildablesM3Test.testBuildMidnightArmourNoZombies(BuildablesM3Test.java:240) Caused by: java.lang.IllegalArgumentException at dungeonmania.DungeonManiaController.build(DungeonManiaController.java:167) at dungeonmania.automarkingM3.BuildablesM3Test.lambda$testBuildMidnightArmourNoZombies$4(BuildablesM3Test.java:241) at org.junit.jupiter.api.AssertDoesNotThrow.assertDoesNotThrow(AssertDoesNotThrow.java:50) ... 3 more FAILURE DONE 2 tests completed, 1 failed, 1 skipped FAILURE: Build failed with an exception. FRONTEND.md README.md SETUP.md assumptions.pdf build build.gradle config_template.json credits.md design.pdf extract_coverage.sh gradle gradlew gradlew.bat images planning.pdf setup src testing.pdf What went wrong: Execution failed for task ':test'. > There were failing tests. See the report at: file:///W15B_DONUT/build/reports/tests/test/index.html FRONTEND.md README.md SETUP.md assumptions.pdf build build.gradle config_template.json credits.md design.pdf extract_coverage.sh gradle gradlew gradlew.bat images planning.pdf setup src testing.pdf Try: > Run with --stacktrace option to get the stack trace. > Run with --info or --debug option to get more log output. > Run with --scan to get full insights. FRONTEND.md README.md SETUP.md assumptions.pdf build build.gradle config_template.json credits.md design.pdf extract_coverage.sh gradle gradlew gradlew.bat images planning.pdf setup src testing.pdf Get more help at https://help.gradle.org BUILD FAILED in 49s

Test 17-6: (sword x1) + (sun stone x1) + (zombie x1) => (midnight armour x0) + InvalidActionException
BuildablesM3Test > (sword x1) + (sun stone x1) + (zombie x1) => (midnight armour x0) + InvalidActionException FAILED org.opentest4j.AssertionFailedError: Unexpected exception type thrown ==> expected: <dungeonmania.exceptions.InvalidActionException> but was: <java.lang.IllegalArgumentException> at app//org.junit.jupiter.api.AssertThrows.assertThrows(AssertThrows.java:65) at app//org.junit.jupiter.api.AssertThrows.assertThrows(AssertThrows.java:37) at app//org.junit.jupiter.api.Assertions.assertThrows(Assertions.java:3082) at app//dungeonmania.automarkingM3.BuildablesM3Test.testBuildMidnightArmourWithZombies(BuildablesM3Test.java:279) Caused by: java.lang.IllegalArgumentException at dungeonmania.DungeonManiaController.build(DungeonManiaController.java:167) at dungeonmania.automarkingM3.BuildablesM3Test.lambda$testBuildMidnightArmourWithZombies$5(BuildablesM3Test.java:280) at org.junit.jupiter.api.AssertThrows.assertThrows(AssertThrows.java:55) ... 3 more FAILURE DONE 1 test completed, 1 failed FAILURE: Build failed with an exception. FRONTEND.md README.md SETUP.md assumptions.pdf build build.gradle config_template.json credits.md design.pdf extract_coverage.sh gradle gradlew gradlew.bat images planning.pdf setup src testing.pdf What went wrong: Execution failed for task ':test'. > There were failing tests. See the report at: file:///W15B_DONUT/build/reports/tests/test/index.html FRONTEND.md README.md SETUP.md assumptions.pdf build build.gradle config_template.json credits.md design.pdf extract_coverage.sh gradle gradlew gradlew.bat images planning.pdf setup src testing.pdf Try: > Run with --stacktrace option to get the stack trace. > Run with --info or --debug option to get more log output. > Run with --scan to get full insights. FRONTEND.md README.md SETUP.md assumptions.pdf build build.gradle config_template.json credits.md design.pdf extract_coverage.sh gradle gradlew gradlew.bat images planning.pdf setup src testing.pdf Get more help at https://help.gradle.org BUILD FAILED in 11s

Test 17-7: (sun stone x1) + (zombie x0) => (midnight armour x0) + InvalidActionException
BuildablesM3Test > (sun stone x1) + (zombie x0) => (midnight armour x0) + InvalidActionException FAILED org.opentest4j.AssertionFailedError: Unexpected exception type thrown ==> expected: <dungeonmania.exceptions.InvalidActionException> but was: <java.lang.IllegalArgumentException> at app//org.junit.jupiter.api.AssertThrows.assertThrows(AssertThrows.java:65) at app//org.junit.jupiter.api.AssertThrows.assertThrows(AssertThrows.java:37) at app//org.junit.jupiter.api.Assertions.assertThrows(Assertions.java:3082) at app//dungeonmania.automarkingM3.BuildablesM3Test.testBuildMidnightInsufficientItems(BuildablesM3Test.java:317) Caused by: java.lang.IllegalArgumentException at dungeonmania.DungeonManiaController.build(DungeonManiaController.java:167) at dungeonmania.automarkingM3.BuildablesM3Test.lambda$testBuildMidnightInsufficientItems$6(BuildablesM3Test.java:318) at org.junit.jupiter.api.AssertThrows.assertThrows(AssertThrows.java:55) ... 3 more FAILURE DONE 1 test completed, 1 failed FAILURE: Build failed with an exception. FRONTEND.md README.md SETUP.md assumptions.pdf build build.gradle config_template.json credits.md design.pdf extract_coverage.sh gradle gradlew gradlew.bat images planning.pdf setup src testing.pdf What went wrong: Execution failed for task ':test'. > There were failing tests. See the report at: file:///W15B_DONUT/build/reports/tests/test/index.html FRONTEND.md README.md SETUP.md assumptions.pdf build build.gradle config_template.json credits.md design.pdf extract_coverage.sh gradle gradlew gradlew.bat images planning.pdf setup src testing.pdf Try: > Run with --stacktrace option to get the stack trace. > Run with --info or --debug option to get more log output. > Run with --scan to get full insights. FRONTEND.md README.md SETUP.md assumptions.pdf build build.gradle config_template.json credits.md design.pdf extract_coverage.sh gradle gradlew gradlew.bat images planning.pdf setup src testing.pdf Get more help at https://help.gradle.org BUILD FAILED in 48s

Test 17-8: Using sceptre to mind control a mercenary
BuildablesM3Test > Using sceptre to mind control a mercenary FAILED java.util.NoSuchElementException: No value present at java.base/java.util.Optional.get(Optional.java:148) at dungeonmania.automarkingM3.BuildablesM3Test.testSceptreMindControlMercenary(BuildablesM3Test.java:340) FAILURE DONE 1 test completed, 1 failed FAILURE: Build failed with an exception. FRONTEND.md README.md SETUP.md assumptions.pdf build build.gradle config_template.json credits.md design.pdf extract_coverage.sh gradle gradlew gradlew.bat images planning.pdf setup src testing.pdf What went wrong: Execution failed for task ':test'. > There were failing tests. See the report at: file:///W15B_DONUT/build/reports/tests/test/index.html FRONTEND.md README.md SETUP.md assumptions.pdf build build.gradle config_template.json credits.md design.pdf extract_coverage.sh gradle gradlew gradlew.bat images planning.pdf setup src testing.pdf Try: > Run with --stacktrace option to get the stack trace. > Run with --info or --debug option to get more log output. > Run with --scan to get full insights. FRONTEND.md README.md SETUP.md assumptions.pdf build build.gradle config_template.json credits.md design.pdf extract_coverage.sh gradle gradlew gradlew.bat images planning.pdf setup src testing.pdf Get more help at https://help.gradle.org BUILD FAILED in 12s

Test 17-9: Using sceptre to mind control an assassin
BuildablesM3Test > Using sceptre to mind control an assassin FAILED java.util.NoSuchElementException: No value present at java.base/java.util.Optional.get(Optional.java:148) at dungeonmania.automarkingM3.BuildablesM3Test.testSceptreMindControlAssassin(BuildablesM3Test.java:385) FAILURE DONE 1 test completed, 1 failed FAILURE: Build failed with an exception. FRONTEND.md README.md SETUP.md assumptions.pdf build build.gradle config_template.json credits.md design.pdf extract_coverage.sh gradle gradlew gradlew.bat images planning.pdf setup src testing.pdf What went wrong: Execution failed for task ':test'. > There were failing tests. See the report at: file:///W15B_DONUT/build/reports/tests/test/index.html FRONTEND.md README.md SETUP.md assumptions.pdf build build.gradle config_template.json credits.md design.pdf extract_coverage.sh gradle gradlew gradlew.bat images planning.pdf setup src testing.pdf Try: > Run with --stacktrace option to get the stack trace. > Run with --info or --debug option to get more log output. > Run with --scan to get full insights. FRONTEND.md README.md SETUP.md assumptions.pdf build build.gradle config_template.json credits.md design.pdf extract_coverage.sh gradle gradlew gradlew.bat images planning.pdf setup src testing.pdf Get more help at https://help.gradle.org BUILD FAILED in 11s

Test 17-10: Test for mind control duration
BuildablesM3Test > Test for mind control duration FAILED java.util.NoSuchElementException: No value present at java.base/java.util.Optional.get(Optional.java:148) at dungeonmania.automarkingM3.BuildablesM3Test.testSceptreMindControlDuration(BuildablesM3Test.java:430) FAILURE DONE 1 test completed, 1 failed FAILURE: Build failed with an exception. FRONTEND.md README.md SETUP.md assumptions.pdf build build.gradle config_template.json credits.md design.pdf extract_coverage.sh gradle gradlew gradlew.bat images planning.pdf setup src testing.pdf What went wrong: Execution failed for task ':test'. > There were failing tests. See the report at: file:///W15B_DONUT/build/reports/tests/test/index.html FRONTEND.md README.md SETUP.md assumptions.pdf build build.gradle config_template.json credits.md design.pdf extract_coverage.sh gradle gradlew gradlew.bat images planning.pdf setup src testing.pdf Try: > Run with --stacktrace option to get the stack trace. > Run with --info or --debug option to get more log output. > Run with --scan to get full insights. FRONTEND.md README.md SETUP.md assumptions.pdf build build.gradle config_template.json credits.md design.pdf extract_coverage.sh gradle gradlew gradlew.bat images planning.pdf setup src testing.pdf Get more help at https://help.gradle.org BUILD FAILED in 11s

Test 17-11: Use midnight armour to attack - player battles for less rounds to win
BuildablesM3Test > Use midnight armour to attack - player battles for less rounds to win FAILED org.opentest4j.AssertionFailedError: Unexpected exception thrown: java.lang.IllegalArgumentException at app//org.junit.jupiter.api.AssertDoesNotThrow.createAssertionFailedError(AssertDoesNotThrow.java:83) at app//org.junit.jupiter.api.AssertDoesNotThrow.assertDoesNotThrow(AssertDoesNotThrow.java:54) at app//org.junit.jupiter.api.AssertDoesNotThrow.assertDoesNotThrow(AssertDoesNotThrow.java:37) at app//org.junit.jupiter.api.Assertions.assertDoesNotThrow(Assertions.java:3135) at app//dungeonmania.automarkingM3.BuildablesM3Test.testMidnightArmourAttack(BuildablesM3Test.java:496) Caused by: java.lang.IllegalArgumentException at dungeonmania.DungeonManiaController.build(DungeonManiaController.java:167) at dungeonmania.automarkingM3.BuildablesM3Test.lambda$testMidnightArmourAttack$13(BuildablesM3Test.java:497) at org.junit.jupiter.api.AssertDoesNotThrow.assertDoesNotThrow(AssertDoesNotThrow.java:50) ... 3 more FAILURE DONE 1 test completed, 1 failed FAILURE: Build failed with an exception. FRONTEND.md README.md SETUP.md assumptions.pdf build build.gradle config_template.json credits.md design.pdf extract_coverage.sh gradle gradlew gradlew.bat images planning.pdf setup src testing.pdf What went wrong: Execution failed for task ':test'. > There were failing tests. See the report at: file:///W15B_DONUT/build/reports/tests/test/index.html FRONTEND.md README.md SETUP.md assumptions.pdf build build.gradle config_template.json credits.md design.pdf extract_coverage.sh gradle gradlew gradlew.bat images planning.pdf setup src testing.pdf Try: > Run with --stacktrace option to get the stack trace. > Run with --info or --debug option to get more log output. > Run with --scan to get full insights. FRONTEND.md README.md SETUP.md assumptions.pdf build build.gradle config_template.json credits.md design.pdf extract_coverage.sh gradle gradlew gradlew.bat images planning.pdf setup src testing.pdf Get more help at https://help.gradle.org BUILD FAILED in 12s

Test 17-12: Use midnight armour to defence - player battles for more rounds but still dies
BuildablesM3Test > Use midnight armour to defence - player battles for more rounds but still dies FAILED org.opentest4j.AssertionFailedError: Unexpected exception thrown: java.lang.IllegalArgumentException at app//org.junit.jupiter.api.AssertDoesNotThrow.createAssertionFailedError(AssertDoesNotThrow.java:83) at app//org.junit.jupiter.api.AssertDoesNotThrow.assertDoesNotThrow(AssertDoesNotThrow.java:54) at app//org.junit.jupiter.api.AssertDoesNotThrow.assertDoesNotThrow(AssertDoesNotThrow.java:37) at app//org.junit.jupiter.api.Assertions.assertDoesNotThrow(Assertions.java:3135) at app//dungeonmania.automarkingM3.BuildablesM3Test.testMidnightArmourDefence(BuildablesM3Test.java:542) Caused by: java.lang.IllegalArgumentException at dungeonmania.DungeonManiaController.build(DungeonManiaController.java:167) at dungeonmania.automarkingM3.BuildablesM3Test.lambda$testMidnightArmourDefence$14(BuildablesM3Test.java:543) at org.junit.jupiter.api.AssertDoesNotThrow.assertDoesNotThrow(AssertDoesNotThrow.java:50) ... 3 more FAILURE DONE 1 test completed, 1 failed FAILURE: Build failed with an exception. FRONTEND.md README.md SETUP.md assumptions.pdf build build.gradle config_template.json credits.md design.pdf extract_coverage.sh gradle gradlew gradlew.bat images planning.pdf setup src testing.pdf What went wrong: Execution failed for task ':test'. > There were failing tests. See the report at: file:///W15B_DONUT/build/reports/tests/test/index.html FRONTEND.md README.md SETUP.md assumptions.pdf build build.gradle config_template.json credits.md design.pdf extract_coverage.sh gradle gradlew gradlew.bat images planning.pdf setup src testing.pdf Try: > Run with --stacktrace option to get the stack trace. > Run with --info or --debug option to get more log output. > Run with --scan to get full insights. FRONTEND.md README.md SETUP.md assumptions.pdf build build.gradle config_template.json credits.md design.pdf extract_coverage.sh gradle gradlew gradlew.bat images planning.pdf setup src testing.pdf Get more help at https://help.gradle.org BUILD FAILED in 11s

18. Persistence

Test 18-1: Test saving and loading a simple maze map
SaveLoadTest > Test saving and loading a simple maze map FAILED java.lang.NullPointerException at dungeonmania.automarking.ControllerTestUtil.dungeonResponseEqual(ControllerTestUtil.java:49) at dungeonmania.automarkingM3.SaveLoadTest.testMazeSave(SaveLoadTest.java:40) FAILURE DONE 1 test completed, 1 failed FAILURE: Build failed with an exception. FRONTEND.md README.md SETUP.md assumptions.pdf build build.gradle config_template.json credits.md design.pdf extract_coverage.sh gradle gradlew gradlew.bat images planning.pdf setup src testing.pdf What went wrong: Execution failed for task ':test'. > There were failing tests. See the report at: file:///W15B_DONUT/build/reports/tests/test/index.html FRONTEND.md README.md SETUP.md assumptions.pdf build build.gradle config_template.json credits.md design.pdf extract_coverage.sh gradle gradlew gradlew.bat images planning.pdf setup src testing.pdf Try: > Run with --stacktrace option to get the stack trace. > Run with --info or --debug option to get more log output. > Run with --scan to get full insights. FRONTEND.md README.md SETUP.md assumptions.pdf build build.gradle config_template.json credits.md design.pdf extract_coverage.sh gradle gradlew gradlew.bat images planning.pdf setup src testing.pdf Get more help at https://help.gradle.org BUILD FAILED in 12s

Test 18-2: Test saving and loading a map with boulders
SaveLoadTest > Test saving and loading a map with boulders FAILED java.lang.NullPointerException at dungeonmania.automarking.TestHelpers.getEntitiesStream(TestHelpers.java:36) at dungeonmania.automarking.Utils.entityAtPosition(Utils.java:47) at dungeonmania.automarkingM3.SaveLoadTest.testBouldersSave(SaveLoadTest.java:60) FAILURE DONE 1 test completed, 1 failed FAILURE: Build failed with an exception. FRONTEND.md README.md SETUP.md assumptions.pdf build build.gradle config_template.json credits.md design.pdf extract_coverage.sh gradle gradlew gradlew.bat images planning.pdf setup src testing.pdf What went wrong: Execution failed for task ':test'. > There were failing tests. See the report at: file:///W15B_DONUT/build/reports/tests/test/index.html FRONTEND.md README.md SETUP.md assumptions.pdf build build.gradle config_template.json credits.md design.pdf extract_coverage.sh gradle gradlew gradlew.bat images planning.pdf setup src testing.pdf Try: > Run with --stacktrace option to get the stack trace. > Run with --info or --debug option to get more log output. > Run with --scan to get full insights. FRONTEND.md README.md SETUP.md assumptions.pdf build build.gradle config_template.json credits.md design.pdf extract_coverage.sh gradle gradlew gradlew.bat images planning.pdf setup src testing.pdf Get more help at https://help.gradle.org BUILD FAILED in 12s

Test 18-3: Test saving and loading a map with enemies and collectables
SaveLoadTest > Test saving and loading a map with enemies and collectables FAILED java.lang.NullPointerException at dungeonmania.automarking.ControllerTestUtil.dungeonResponseEqual(ControllerTestUtil.java:49) at dungeonmania.automarkingM3.SaveLoadTest.testAdvancedSave(SaveLoadTest.java:76) FAILURE DONE 1 test completed, 1 failed FAILURE: Build failed with an exception. FRONTEND.md README.md SETUP.md assumptions.pdf build build.gradle config_template.json credits.md design.pdf extract_coverage.sh gradle gradlew gradlew.bat images planning.pdf setup src testing.pdf What went wrong: Execution failed for task ':test'. > There were failing tests. See the report at: file:///W15B_DONUT/build/reports/tests/test/index.html FRONTEND.md README.md SETUP.md assumptions.pdf build build.gradle config_template.json credits.md design.pdf extract_coverage.sh gradle gradlew gradlew.bat images planning.pdf setup src testing.pdf Try: > Run with --stacktrace option to get the stack trace. > Run with --info or --debug option to get more log output. > Run with --scan to get full insights. FRONTEND.md README.md SETUP.md assumptions.pdf build build.gradle config_template.json credits.md design.pdf extract_coverage.sh gradle gradlew gradlew.bat images planning.pdf setup src testing.pdf Get more help at https://help.gradle.org BUILD FAILED in 11s

Test 18-4: Test saving on a map containing all types of entities
SaveLoadTest > Test saving on a map containing all types of entities FAILED java.lang.NullPointerException at dungeonmania.automarking.ControllerTestUtil.dungeonResponseEqual(ControllerTestUtil.java:49) at dungeonmania.automarkingM3.SaveLoadTest.testSaveAllEntities(SaveLoadTest.java:90) FAILURE DONE 1 test completed, 1 failed FAILURE: Build failed with an exception. FRONTEND.md README.md SETUP.md assumptions.pdf build build.gradle config_template.json credits.md design.pdf extract_coverage.sh gradle gradlew gradlew.bat images planning.pdf setup src testing.pdf What went wrong: Execution failed for task ':test'. > There were failing tests. See the report at: file:///W15B_DONUT/build/reports/tests/test/index.html FRONTEND.md README.md SETUP.md assumptions.pdf build build.gradle config_template.json credits.md design.pdf extract_coverage.sh gradle gradlew gradlew.bat images planning.pdf setup src testing.pdf Try: > Run with --stacktrace option to get the stack trace. > Run with --info or --debug option to get more log output. > Run with --scan to get full insights. FRONTEND.md README.md SETUP.md assumptions.pdf build build.gradle config_template.json credits.md design.pdf extract_coverage.sh gradle gradlew gradlew.bat images planning.pdf setup src testing.pdf Get more help at https://help.gradle.org BUILD FAILED in 12s

Test 18-5: Test saving on a map containing all types of M3 entities
SaveLoadTest > Test saving on a map containing all types of M3 entities FAILED org.opentest4j.AssertionFailedError: expected: <true> but was: <false> at app//org.junit.jupiter.api.AssertionUtils.fail(AssertionUtils.java:55) at app//org.junit.jupiter.api.AssertTrue.assertTrue(AssertTrue.java:40) at app//org.junit.jupiter.api.AssertTrue.assertTrue(AssertTrue.java:35) at app//org.junit.jupiter.api.Assertions.assertTrue(Assertions.java:179) at app//dungeonmania.automarkingM3.SaveLoadTest.testSaveAllEntitiesM3(SaveLoadTest.java:101) FAILURE DONE 1 test completed, 1 failed FAILURE: Build failed with an exception. FRONTEND.md README.md SETUP.md assumptions.pdf build build.gradle config_template.json credits.md design.pdf extract_coverage.sh gradle gradlew gradlew.bat images planning.pdf setup src testing.pdf What went wrong: Execution failed for task ':test'. > There were failing tests. See the report at: file:///W15B_DONUT/build/reports/tests/test/index.html FRONTEND.md README.md SETUP.md assumptions.pdf build build.gradle config_template.json credits.md design.pdf extract_coverage.sh gradle gradlew gradlew.bat images planning.pdf setup src testing.pdf Try: > Run with --stacktrace option to get the stack trace. > Run with --info or --debug option to get more log output. > Run with --scan to get full insights. FRONTEND.md README.md SETUP.md assumptions.pdf build build.gradle config_template.json credits.md design.pdf extract_coverage.sh gradle gradlew gradlew.bat images planning.pdf setup src testing.pdf Get more help at https://help.gradle.org BUILD FAILED in 12s

Test 18-6: Test saving with Swamp Tiles
SaveLoadTest > Test saving with Swamp Tiles FAILED org.json.JSONException: JSONObject["movement_factor"] not found. at app//org.json.JSONObject.get(JSONObject.java:572) at app//org.json.JSONObject.getInt(JSONObject.java:744) at app//dungeonmania.entities.Dungeon.populate(Dungeon.java:269) at app//dungeonmania.entities.Dungeon.<init>(Dungeon.java:38) at app//dungeonmania.DungeonManiaController.newGame(DungeonManiaController.java:56) at app//dungeonmania.automarkingM3.SaveLoadTest.testSaveSwampTiles(SaveLoadTest.java:117) FAILURE DONE 1 test completed, 1 failed FAILURE: Build failed with an exception. FRONTEND.md README.md SETUP.md assumptions.pdf build build.gradle config_template.json credits.md design.pdf extract_coverage.sh gradle gradlew gradlew.bat images planning.pdf setup src testing.pdf What went wrong: Execution failed for task ':test'. > There were failing tests. See the report at: file:///W15B_DONUT/build/reports/tests/test/index.html FRONTEND.md README.md SETUP.md assumptions.pdf build build.gradle config_template.json credits.md design.pdf extract_coverage.sh gradle gradlew gradlew.bat images planning.pdf setup src testing.pdf Try: > Run with --stacktrace option to get the stack trace. > Run with --info or --debug option to get more log output. > Run with --scan to get full insights. FRONTEND.md README.md SETUP.md assumptions.pdf build build.gradle config_template.json credits.md design.pdf extract_coverage.sh gradle gradlew gradlew.bat images planning.pdf setup src testing.pdf Get more help at https://help.gradle.org BUILD FAILED in 12s

Test 18-7: Test saving then reloading a map twice consecutively
SaveLoadTest > Test saving, then reloading a map twice, consecutively FAILED java.lang.NullPointerException at dungeonmania.automarking.ControllerTestUtil.dungeonResponseEqual(ControllerTestUtil.java:49) at dungeonmania.automarkingM3.SaveLoadTest.testConsecutiveSaveLoads(SaveLoadTest.java:167) FAILURE DONE 1 test completed, 1 failed FAILURE: Build failed with an exception. FRONTEND.md README.md SETUP.md assumptions.pdf build build.gradle config_template.json credits.md design.pdf extract_coverage.sh gradle gradlew gradlew.bat images planning.pdf setup src testing.pdf What went wrong: Execution failed for task ':test'. > There were failing tests. See the report at: file:///W15B_DONUT/build/reports/tests/test/index.html FRONTEND.md README.md SETUP.md assumptions.pdf build build.gradle config_template.json credits.md design.pdf extract_coverage.sh gradle gradlew gradlew.bat images planning.pdf setup src testing.pdf Try: > Run with --stacktrace option to get the stack trace. > Run with --info or --debug option to get more log output. > Run with --scan to get full insights. FRONTEND.md README.md SETUP.md assumptions.pdf build build.gradle config_template.json credits.md design.pdf extract_coverage.sh gradle gradlew gradlew.bat images planning.pdf setup src testing.pdf Get more help at https://help.gradle.org BUILD FAILED in 11s

Test 18-8: Test that invincibility state is persistent across a save/load
SaveLoadTest > Test that invincibility state is persistent across a save/load FAILED java.util.NoSuchElementException: No value present at java.base/java.util.Optional.get(Optional.java:148) at dungeonmania.automarkingM3.SaveLoadTest.testInvincibilityAcrossSaveLoad(SaveLoadTest.java:186) FAILURE DONE 1 test completed, 1 failed FAILURE: Build failed with an exception. FRONTEND.md README.md SETUP.md assumptions.pdf build build.gradle config_template.json credits.md design.pdf extract_coverage.sh gradle gradlew gradlew.bat images planning.pdf setup src testing.pdf What went wrong: Execution failed for task ':test'. > There were failing tests. See the report at: file:///W15B_DONUT/build/reports/tests/test/index.html FRONTEND.md README.md SETUP.md assumptions.pdf build build.gradle config_template.json credits.md design.pdf extract_coverage.sh gradle gradlew gradlew.bat images planning.pdf setup src testing.pdf Try: > Run with --stacktrace option to get the stack trace. > Run with --info or --debug option to get more log output. > Run with --scan to get full insights. FRONTEND.md README.md SETUP.md assumptions.pdf build build.gradle config_template.json credits.md design.pdf extract_coverage.sh gradle gradlew gradlew.bat images planning.pdf setup src testing.pdf Get more help at https://help.gradle.org BUILD FAILED in 12s

Test 18-9: Test inventory remains consistent when saving and loading
SaveLoadTest > Test inventory remains consistent when saving and loading FAILED java.lang.NullPointerException at dungeonmania.automarkingM3.SaveLoadTest.testInventorySave(SaveLoadTest.java:223) FAILURE DONE 1 test completed, 1 failed FAILURE: Build failed with an exception. FRONTEND.md README.md SETUP.md assumptions.pdf build build.gradle config_template.json credits.md design.pdf extract_coverage.sh gradle gradlew gradlew.bat images planning.pdf setup src testing.pdf What went wrong: Execution failed for task ':test'. > There were failing tests. See the report at: file:///W15B_DONUT/build/reports/tests/test/index.html FRONTEND.md README.md SETUP.md assumptions.pdf build build.gradle config_template.json credits.md design.pdf extract_coverage.sh gradle gradlew gradlew.bat images planning.pdf setup src testing.pdf Try: > Run with --stacktrace option to get the stack trace. > Run with --info or --debug option to get more log output. > Run with --scan to get full insights. FRONTEND.md README.md SETUP.md assumptions.pdf build build.gradle config_template.json credits.md design.pdf extract_coverage.sh gradle gradlew gradlew.bat images planning.pdf setup src testing.pdf Get more help at https://help.gradle.org BUILD FAILED in 10s

Test 18-10: Test that invisibility state is persistent across a save/load
SaveLoadTest > Test that invisibility state is persistent across a save/load FAILED java.lang.NullPointerException at dungeonmania.DungeonManiaController.tick(DungeonManiaController.java:142) at dungeonmania.automarkingM3.SaveLoadTest.testInvisibilityAcrossSaveLoad(SaveLoadTest.java:349) FAILURE DONE 1 test completed, 1 failed FAILURE: Build failed with an exception. FRONTEND.md README.md SETUP.md assumptions.pdf build build.gradle config_template.json credits.md design.pdf extract_coverage.sh gradle gradlew gradlew.bat images planning.pdf setup src testing.pdf What went wrong: Execution failed for task ':test'. > There were failing tests. See the report at: file:///W15B_DONUT/build/reports/tests/test/index.html FRONTEND.md README.md SETUP.md assumptions.pdf build build.gradle config_template.json credits.md design.pdf extract_coverage.sh gradle gradlew gradlew.bat images planning.pdf setup src testing.pdf Try: > Run with --stacktrace option to get the stack trace. > Run with --info or --debug option to get more log output. > Run with --scan to get full insights. FRONTEND.md README.md SETUP.md assumptions.pdf build build.gradle config_template.json credits.md design.pdf extract_coverage.sh gradle gradlew gradlew.bat images planning.pdf setup src testing.pdf Get more help at https://help.gradle.org BUILD FAILED in 15s

Test 18-11: Test saving and loading with bribing mercenary
SaveLoadTest > Test saving and loading with bribing mercenary FAILED java.util.NoSuchElementException: No value present at java.base/java.util.Optional.get(Optional.java:148) at dungeonmania.automarkingM3.SaveLoadTest.bribingIsPersistent(SaveLoadTest.java:368) at dungeonmania.automarkingM3.SaveLoadTest.testSavingLoadingWithBribingMerc(SaveLoadTest.java:407) FAILURE DONE 1 test completed, 1 failed FAILURE: Build failed with an exception. FRONTEND.md README.md SETUP.md assumptions.pdf build build.gradle config_template.json credits.md design.pdf extract_coverage.sh gradle gradlew gradlew.bat images planning.pdf setup src testing.pdf What went wrong: Execution failed for task ':test'. > There were failing tests. See the report at: file:///W15B_DONUT/build/reports/tests/test/index.html FRONTEND.md README.md SETUP.md assumptions.pdf build build.gradle config_template.json credits.md design.pdf extract_coverage.sh gradle gradlew gradlew.bat images planning.pdf setup src testing.pdf Try: > Run with --stacktrace option to get the stack trace. > Run with --info or --debug option to get more log output. > Run with --scan to get full insights. FRONTEND.md README.md SETUP.md assumptions.pdf build build.gradle config_template.json credits.md design.pdf extract_coverage.sh gradle gradlew gradlew.bat images planning.pdf setup src testing.pdf Get more help at https://help.gradle.org BUILD FAILED in 15s

Test 18-12: Test saving and loading with bribing assassin
SaveLoadTest > Test saving and loading with bribing assassin FAILED java.util.NoSuchElementException: No value present at java.base/java.util.Optional.get(Optional.java:148) at dungeonmania.automarkingM3.SaveLoadTest.bribingIsPersistent(SaveLoadTest.java:368) at dungeonmania.automarkingM3.SaveLoadTest.testSavingLoadingWithBribingAssassin(SaveLoadTest.java:414) FAILURE DONE 1 test completed, 1 failed FAILURE: Build failed with an exception. FRONTEND.md README.md SETUP.md assumptions.pdf build build.gradle config_template.json credits.md design.pdf extract_coverage.sh gradle gradlew gradlew.bat images planning.pdf setup src testing.pdf What went wrong: Execution failed for task ':test'. > There were failing tests. See the report at: file:///W15B_DONUT/build/reports/tests/test/index.html FRONTEND.md README.md SETUP.md assumptions.pdf build build.gradle config_template.json credits.md design.pdf extract_coverage.sh gradle gradlew gradlew.bat images planning.pdf setup src testing.pdf Try: > Run with --stacktrace option to get the stack trace. > Run with --info or --debug option to get more log output. > Run with --scan to get full insights. FRONTEND.md README.md SETUP.md assumptions.pdf build build.gradle config_template.json credits.md design.pdf extract_coverage.sh gradle gradlew gradlew.bat images planning.pdf setup src testing.pdf Get more help at https://help.gradle.org BUILD FAILED in 14s

Test 18-13: Test key door relationship is maintained after saving
SaveLoadTest > Test key door relationship is maintained after saving FAILED java.lang.NullPointerException at dungeonmania.DungeonManiaController.tick(DungeonManiaController.java:142) at dungeonmania.automarkingM3.SaveLoadTest.testKeyDoorRelationshipAfterSaving(SaveLoadTest.java:442) FAILURE DONE 1 test completed, 1 failed FAILURE: Build failed with an exception. FRONTEND.md README.md SETUP.md assumptions.pdf build build.gradle config_template.json credits.md design.pdf extract_coverage.sh gradle gradlew gradlew.bat images planning.pdf setup src testing.pdf What went wrong: Execution failed for task ':test'. > There were failing tests. See the report at: file:///W15B_DONUT/build/reports/tests/test/index.html FRONTEND.md README.md SETUP.md assumptions.pdf build build.gradle config_template.json credits.md design.pdf extract_coverage.sh gradle gradlew gradlew.bat images planning.pdf setup src testing.pdf Try: > Run with --stacktrace option to get the stack trace. > Run with --info or --debug option to get more log output. > Run with --scan to get full insights. FRONTEND.md README.md SETUP.md assumptions.pdf build build.gradle config_template.json credits.md design.pdf extract_coverage.sh gradle gradlew gradlew.bat images planning.pdf setup src testing.pdf Get more help at https://help.gradle.org BUILD FAILED in 10s

19. Time Travel

Test 19-1: Testing rewinding fails with illegal ticks
TimeTravelTest > Testing rewinding fails with illegal ticks FAILED org.opentest4j.AssertionFailedError: Unexpected exception type thrown ==> expected: <java.lang.reflect.InvocationTargetException> but was: <java.lang.RuntimeException> at app//org.junit.jupiter.api.AssertThrows.assertThrows(AssertThrows.java:65) at app//org.junit.jupiter.api.AssertThrows.assertThrows(AssertThrows.java:37) at app//org.junit.jupiter.api.Assertions.assertThrows(Assertions.java:3082) at app//dungeonmania.automarkingM3.TimeTravelTest.testRewindMethod(TimeTravelTest.java:48) Caused by: java.lang.RuntimeException: rewind(int) doesn't exist at dungeonmania.automarkingM3.TimeTravelTest.attemptRewind(TimeTravelTest.java:27) at dungeonmania.automarkingM3.TimeTravelTest.lambda$testRewindMethod$0(TimeTravelTest.java:49) at org.junit.jupiter.api.AssertThrows.assertThrows(AssertThrows.java:55) ... 3 more FAILURE DONE 1 test completed, 1 failed FAILURE: Build failed with an exception. FRONTEND.md README.md SETUP.md assumptions.pdf build build.gradle config_template.json credits.md design.pdf extract_coverage.sh gradle gradlew gradlew.bat images planning.pdf setup src testing.pdf What went wrong: Execution failed for task ':test'. > There were failing tests. See the report at: file:///W15B_DONUT/build/reports/tests/test/index.html FRONTEND.md README.md SETUP.md assumptions.pdf build build.gradle config_template.json credits.md design.pdf extract_coverage.sh gradle gradlew gradlew.bat images planning.pdf setup src testing.pdf Try: > Run with --stacktrace option to get the stack trace. > Run with --info or --debug option to get more log output. > Run with --scan to get full insights. FRONTEND.md README.md SETUP.md assumptions.pdf build build.gradle config_template.json credits.md design.pdf extract_coverage.sh gradle gradlew gradlew.bat images planning.pdf setup src testing.pdf Get more help at https://help.gradle.org BUILD FAILED in 12s

Test 19-2: Test picking up a time turner adds to inventory
TimeTravelTest > Test picking up a time turner adds to inventory FAILED org.opentest4j.AssertionFailedError: expected: <1> but was: <0> at app//org.junit.jupiter.api.AssertionUtils.fail(AssertionUtils.java:55) at app//org.junit.jupiter.api.AssertionUtils.failNotEqual(AssertionUtils.java:62) at app//org.junit.jupiter.api.AssertEquals.assertEquals(AssertEquals.java:150) at app//org.junit.jupiter.api.AssertEquals.assertEquals(AssertEquals.java:145) at app//org.junit.jupiter.api.Assertions.assertEquals(Assertions.java:527) at app//dungeonmania.automarkingM3.TimeTravelTest.testPickUpTimeTurner(TimeTravelTest.java:61) FAILURE DONE 1 test completed, 1 failed FAILURE: Build failed with an exception. FRONTEND.md README.md SETUP.md assumptions.pdf build build.gradle config_template.json credits.md design.pdf extract_coverage.sh gradle gradlew gradlew.bat images planning.pdf setup src testing.pdf What went wrong: Execution failed for task ':test'. > There were failing tests. See the report at: file:///W15B_DONUT/build/reports/tests/test/index.html FRONTEND.md README.md SETUP.md assumptions.pdf build build.gradle config_template.json credits.md design.pdf extract_coverage.sh gradle gradlew gradlew.bat images planning.pdf setup src testing.pdf Try: > Run with --stacktrace option to get the stack trace. > Run with --info or --debug option to get more log output. > Run with --scan to get full insights. FRONTEND.md README.md SETUP.md assumptions.pdf build build.gradle config_template.json credits.md design.pdf extract_coverage.sh gradle gradlew gradlew.bat images planning.pdf setup src testing.pdf Get more help at https://help.gradle.org BUILD FAILED in 11s

Test 19-3: Test using a time turner 1 tick back
TimeTravelTest > Test using a time turner, 1 tick back FAILED java.lang.RuntimeException: rewind(int) doesn't exist at dungeonmania.automarkingM3.TimeTravelTest.attemptRewind(TimeTravelTest.java:27) at dungeonmania.automarkingM3.TimeTravelTest.testUseTimeTurnerOneTick(TimeTravelTest.java:86) FAILURE DONE 1 test completed, 1 failed FAILURE: Build failed with an exception. FRONTEND.md README.md SETUP.md assumptions.pdf build build.gradle config_template.json credits.md design.pdf extract_coverage.sh gradle gradlew gradlew.bat images planning.pdf setup src testing.pdf What went wrong: Execution failed for task ':test'. > There were failing tests. See the report at: file:///W15B_DONUT/build/reports/tests/test/index.html FRONTEND.md README.md SETUP.md assumptions.pdf build build.gradle config_template.json credits.md design.pdf extract_coverage.sh gradle gradlew gradlew.bat images planning.pdf setup src testing.pdf Try: > Run with --stacktrace option to get the stack trace. > Run with --info or --debug option to get more log output. > Run with --scan to get full insights. FRONTEND.md README.md SETUP.md assumptions.pdf build build.gradle config_template.json credits.md design.pdf extract_coverage.sh gradle gradlew gradlew.bat images planning.pdf setup src testing.pdf Get more help at https://help.gradle.org BUILD FAILED in 11s

Test 19-4: Test using a time turner 5 ticks back
TimeTravelTest > Test using a time turner, 5 ticks back FAILED org.opentest4j.AssertionFailedError: expected: <1> but was: <0> at app//org.junit.jupiter.api.AssertionUtils.fail(AssertionUtils.java:55) at app//org.junit.jupiter.api.AssertionUtils.failNotEqual(AssertionUtils.java:62) at app//org.junit.jupiter.api.AssertEquals.assertEquals(AssertEquals.java:150) at app//org.junit.jupiter.api.AssertEquals.assertEquals(AssertEquals.java:145) at app//org.junit.jupiter.api.Assertions.assertEquals(Assertions.java:527) at app//dungeonmania.automarkingM3.TimeTravelTest.testUseTimeTurnerFiveTicks(TimeTravelTest.java:106) FAILURE DONE 1 test completed, 1 failed FAILURE: Build failed with an exception. FRONTEND.md README.md SETUP.md assumptions.pdf build build.gradle config_template.json credits.md design.pdf extract_coverage.sh gradle gradlew gradlew.bat images planning.pdf setup src testing.pdf What went wrong: Execution failed for task ':test'. > There were failing tests. See the report at: file:///W15B_DONUT/build/reports/tests/test/index.html FRONTEND.md README.md SETUP.md assumptions.pdf build build.gradle config_template.json credits.md design.pdf extract_coverage.sh gradle gradlew gradlew.bat images planning.pdf setup src testing.pdf Try: > Run with --stacktrace option to get the stack trace. > Run with --info or --debug option to get more log output. > Run with --scan to get full insights. FRONTEND.md README.md SETUP.md assumptions.pdf build build.gradle config_template.json credits.md design.pdf extract_coverage.sh gradle gradlew gradlew.bat images planning.pdf setup src testing.pdf Get more help at https://help.gradle.org BUILD FAILED in 12s

Test 19-5: Test time travel portals less than 30 ticks takes game back to beginning state
TimeTravelTest > Test time travel portals less than 30 ticks takes game back to beginning state FAILED org.opentest4j.AssertionFailedError: expected: <1> but was: <0> at app//org.junit.jupiter.api.AssertionUtils.fail(AssertionUtils.java:55) at app//org.junit.jupiter.api.AssertionUtils.failNotEqual(AssertionUtils.java:62) at app//org.junit.jupiter.api.AssertEquals.assertEquals(AssertEquals.java:150) at app//org.junit.jupiter.api.AssertEquals.assertEquals(AssertEquals.java:145) at app//org.junit.jupiter.api.Assertions.assertEquals(Assertions.java:527) at app//dungeonmania.automarkingM3.TimeTravelTest.testTimeTravellingPortalLessThan30Ticks(TimeTravelTest.java:149) FAILURE DONE 1 test completed, 1 failed FAILURE: Build failed with an exception. FRONTEND.md README.md SETUP.md assumptions.pdf build build.gradle config_template.json credits.md design.pdf extract_coverage.sh gradle gradlew gradlew.bat images planning.pdf setup src testing.pdf What went wrong: Execution failed for task ':test'. > There were failing tests. See the report at: file:///W15B_DONUT/build/reports/tests/test/index.html FRONTEND.md README.md SETUP.md assumptions.pdf build build.gradle config_template.json credits.md design.pdf extract_coverage.sh gradle gradlew gradlew.bat images planning.pdf setup src testing.pdf Try: > Run with --stacktrace option to get the stack trace. > Run with --info or --debug option to get more log output. > Run with --scan to get full insights. FRONTEND.md README.md SETUP.md assumptions.pdf build build.gradle config_template.json credits.md design.pdf extract_coverage.sh gradle gradlew gradlew.bat images planning.pdf setup src testing.pdf Get more help at https://help.gradle.org BUILD FAILED in 11s

Test 19-6: Test time travel portals more than 30 ticks takes game back 30 ticks
TimeTravelTest > Test time travel portals more than 30 ticks takes game back 30 ticks FAILED org.opentest4j.AssertionFailedError: expected: <1> but was: <0> at app//org.junit.jupiter.api.AssertionUtils.fail(AssertionUtils.java:55) at app//org.junit.jupiter.api.AssertionUtils.failNotEqual(AssertionUtils.java:62) at app//org.junit.jupiter.api.AssertEquals.assertEquals(AssertEquals.java:150) at app//org.junit.jupiter.api.AssertEquals.assertEquals(AssertEquals.java:145) at app//org.junit.jupiter.api.Assertions.assertEquals(Assertions.java:527) at app//dungeonmania.automarkingM3.TimeTravelTest.testTimeTravellingPortalMoreThan30Ticks(TimeTravelTest.java:194) FAILURE DONE 1 test completed, 1 failed FAILURE: Build failed with an exception. FRONTEND.md README.md SETUP.md assumptions.pdf build build.gradle config_template.json credits.md design.pdf extract_coverage.sh gradle gradlew gradlew.bat images planning.pdf setup src testing.pdf What went wrong: Execution failed for task ':test'. > There were failing tests. See the report at: file:///W15B_DONUT/build/reports/tests/test/index.html FRONTEND.md README.md SETUP.md assumptions.pdf build build.gradle config_template.json credits.md design.pdf extract_coverage.sh gradle gradlew gradlew.bat images planning.pdf setup src testing.pdf Try: > Run with --stacktrace option to get the stack trace. > Run with --info or --debug option to get more log output. > Run with --scan to get full insights. FRONTEND.md README.md SETUP.md assumptions.pdf build build.gradle config_template.json credits.md design.pdf extract_coverage.sh gradle gradlew gradlew.bat images planning.pdf setup src testing.pdf Get more help at https://help.gradle.org BUILD FAILED in 12s

Test 19-7: Test non player moving entities cannot move through time travel portal
SUCCESS DONE

Test 19-8: Test older self is present when time travelling through portal
TimeTravelTest > Test older self is present when time travelling through portal FAILED org.opentest4j.AssertionFailedError: expected: <1> but was: <0> at app//org.junit.jupiter.api.AssertionUtils.fail(AssertionUtils.java:55) at app//org.junit.jupiter.api.AssertionUtils.failNotEqual(AssertionUtils.java:62) at app//org.junit.jupiter.api.AssertEquals.assertEquals(AssertEquals.java:150) at app//org.junit.jupiter.api.AssertEquals.assertEquals(AssertEquals.java:145) at app//org.junit.jupiter.api.Assertions.assertEquals(Assertions.java:527) at app//dungeonmania.automarkingM3.TimeTravelTest.testOlderSelfTimeTravellingPortal(TimeTravelTest.java:254) FAILURE DONE 1 test completed, 1 failed FAILURE: Build failed with an exception. FRONTEND.md README.md SETUP.md assumptions.pdf build build.gradle config_template.json credits.md design.pdf extract_coverage.sh gradle gradlew gradlew.bat images planning.pdf setup src testing.pdf What went wrong: Execution failed for task ':test'. > There were failing tests. See the report at: file:///W15B_DONUT/build/reports/tests/test/index.html FRONTEND.md README.md SETUP.md assumptions.pdf build build.gradle config_template.json credits.md design.pdf extract_coverage.sh gradle gradlew gradlew.bat images planning.pdf setup src testing.pdf Try: > Run with --stacktrace option to get the stack trace. > Run with --info or --debug option to get more log output. > Run with --scan to get full insights. FRONTEND.md README.md SETUP.md assumptions.pdf build build.gradle config_template.json credits.md design.pdf extract_coverage.sh gradle gradlew gradlew.bat images planning.pdf setup src testing.pdf Get more help at https://help.gradle.org BUILD FAILED in 13s

Test 19-9: Test battle with older self occurs afters time travelling through portal
TimeTravelTest > Test battle with older self occurs afters time travelling through portal FAILED org.opentest4j.AssertionFailedError: expected: <1> but was: <0> at app//org.junit.jupiter.api.AssertionUtils.fail(AssertionUtils.java:55) at app//org.junit.jupiter.api.AssertionUtils.failNotEqual(AssertionUtils.java:62) at app//org.junit.jupiter.api.AssertEquals.assertEquals(AssertEquals.java:150) at app//org.junit.jupiter.api.AssertEquals.assertEquals(AssertEquals.java:145) at app//org.junit.jupiter.api.Assertions.assertEquals(Assertions.java:527) at app//dungeonmania.automarkingM3.TimeTravelTest.testBattleOlderSelfTimeTravellingPortal(TimeTravelTest.java:276) FAILURE DONE 1 test completed, 1 failed FAILURE: Build failed with an exception. FRONTEND.md README.md SETUP.md assumptions.pdf build build.gradle config_template.json credits.md design.pdf extract_coverage.sh gradle gradlew gradlew.bat images planning.pdf setup src testing.pdf What went wrong: Execution failed for task ':test'. > There were failing tests. See the report at: file:///W15B_DONUT/build/reports/tests/test/index.html FRONTEND.md README.md SETUP.md assumptions.pdf build build.gradle config_template.json credits.md design.pdf extract_coverage.sh gradle gradlew gradlew.bat images planning.pdf setup src testing.pdf Try: > Run with --stacktrace option to get the stack trace. > Run with --info or --debug option to get more log output. > Run with --scan to get full insights. FRONTEND.md README.md SETUP.md assumptions.pdf build build.gradle config_template.json credits.md design.pdf extract_coverage.sh gradle gradlew gradlew.bat images planning.pdf setup src testing.pdf Get more help at https://help.gradle.org BUILD FAILED in 12s

Test 19-10: Test time travelling portals don't teleport player
SUCCESS DONE

Test 19-11: Test time travelling portals no battle with invisibility potion
TimeTravelTest > Test time travelling portals no battle with invisibility potion FAILED org.opentest4j.AssertionFailedError: expected: <1> but was: <0> at app//org.junit.jupiter.api.AssertionUtils.fail(AssertionUtils.java:55) at app//org.junit.jupiter.api.AssertionUtils.failNotEqual(AssertionUtils.java:62) at app//org.junit.jupiter.api.AssertEquals.assertEquals(AssertEquals.java:150) at app//org.junit.jupiter.api.AssertEquals.assertEquals(AssertEquals.java:145) at app//org.junit.jupiter.api.Assertions.assertEquals(Assertions.java:527) at app//dungeonmania.automarkingM3.TimeTravelTest.testTimeTravellingPortalNoBattleInvisibilityPotion(TimeTravelTest.java:341) FAILURE DONE 1 test completed, 1 failed FAILURE: Build failed with an exception. FRONTEND.md README.md SETUP.md assumptions.pdf build build.gradle config_template.json credits.md design.pdf extract_coverage.sh gradle gradlew gradlew.bat images planning.pdf setup src testing.pdf What went wrong: Execution failed for task ':test'. > There were failing tests. See the report at: file:///W15B_DONUT/build/reports/tests/test/index.html FRONTEND.md README.md SETUP.md assumptions.pdf build build.gradle config_template.json credits.md design.pdf extract_coverage.sh gradle gradlew gradlew.bat images planning.pdf setup src testing.pdf Try: > Run with --stacktrace option to get the stack trace. > Run with --info or --debug option to get more log output. > Run with --scan to get full insights. FRONTEND.md README.md SETUP.md assumptions.pdf build build.gradle config_template.json credits.md design.pdf extract_coverage.sh gradle gradlew gradlew.bat images planning.pdf setup src testing.pdf Get more help at https://help.gradle.org BUILD FAILED in 14s

Test 19-12: Test older self follows correct path
TimeTravelTest > Test older self follows correct path FAILED java.lang.IndexOutOfBoundsException: Index 0 out of bounds for length 0 at java.base/jdk.internal.util.Preconditions.outOfBounds(Preconditions.java:64) at java.base/jdk.internal.util.Preconditions.outOfBoundsCheckIndex(Preconditions.java:70) at java.base/jdk.internal.util.Preconditions.checkIndex(Preconditions.java:248) at java.base/java.util.Objects.checkIndex(Objects.java:372) at java.base/java.util.ArrayList.get(ArrayList.java:459) at dungeonmania.automarkingM3.TimeTravelTest.testOlderSelfTimeTravellingPortalFollowsCorrectPath(TimeTravelTest.java:398) FAILURE DONE 1 test completed, 1 failed FAILURE: Build failed with an exception. FRONTEND.md README.md SETUP.md assumptions.pdf build build.gradle config_template.json credits.md design.pdf extract_coverage.sh gradle gradlew gradlew.bat images planning.pdf setup src testing.pdf What went wrong: Execution failed for task ':test'. > There were failing tests. See the report at: file:///W15B_DONUT/build/reports/tests/test/index.html FRONTEND.md README.md SETUP.md assumptions.pdf build build.gradle config_template.json credits.md design.pdf extract_coverage.sh gradle gradlew gradlew.bat images planning.pdf setup src testing.pdf Try: > Run with --stacktrace option to get the stack trace. > Run with --info or --debug option to get more log output. > Run with --scan to get full insights. FRONTEND.md README.md SETUP.md assumptions.pdf build build.gradle config_template.json credits.md design.pdf extract_coverage.sh gradle gradlew gradlew.bat images planning.pdf setup src testing.pdf Get more help at https://help.gradle.org BUILD FAILED in 16s

Test 19-14: Test no battle with older self if sunstone in inventory
TimeTravelTest > Test no battle with older self if sunstone in inventory FAILED org.opentest4j.AssertionFailedError: expected: <1> but was: <0> at app//org.junit.jupiter.api.AssertionUtils.fail(AssertionUtils.java:55) at app//org.junit.jupiter.api.AssertionUtils.failNotEqual(AssertionUtils.java:62) at app//org.junit.jupiter.api.AssertEquals.assertEquals(AssertEquals.java:150) at app//org.junit.jupiter.api.AssertEquals.assertEquals(AssertEquals.java:145) at app//org.junit.jupiter.api.Assertions.assertEquals(Assertions.java:527) at app//dungeonmania.automarkingM3.TimeTravelTest.testOlderSelfTimeTravellingPortalNoBattleWithSunstone(TimeTravelTest.java:461) FAILURE DONE 1 test completed, 1 failed FAILURE: Build failed with an exception. FRONTEND.md README.md SETUP.md assumptions.pdf build build.gradle config_template.json credits.md design.pdf extract_coverage.sh gradle gradlew gradlew.bat images planning.pdf setup src testing.pdf What went wrong: Execution failed for task ':test'. > There were failing tests. See the report at: file:///W15B_DONUT/build/reports/tests/test/index.html FRONTEND.md README.md SETUP.md assumptions.pdf build build.gradle config_template.json credits.md design.pdf extract_coverage.sh gradle gradlew gradlew.bat images planning.pdf setup src testing.pdf Try: > Run with --stacktrace option to get the stack trace. > Run with --info or --debug option to get more log output. > Run with --scan to get full insights. FRONTEND.md README.md SETUP.md assumptions.pdf build build.gradle config_template.json credits.md design.pdf extract_coverage.sh gradle gradlew gradlew.bat images planning.pdf setup src testing.pdf Get more help at https://help.gradle.org BUILD FAILED in 17s

Test 19-15: Test no battle with older self if midnight armour in inventory
TimeTravelTest > Test no battle with older self if midnight armour in inventory FAILED org.opentest4j.AssertionFailedError: Unexpected exception thrown: java.lang.IllegalArgumentException at app//org.junit.jupiter.api.AssertDoesNotThrow.createAssertionFailedError(AssertDoesNotThrow.java:83) at app//org.junit.jupiter.api.AssertDoesNotThrow.assertDoesNotThrow(AssertDoesNotThrow.java:76) at app//org.junit.jupiter.api.AssertDoesNotThrow.assertDoesNotThrow(AssertDoesNotThrow.java:59) at app//org.junit.jupiter.api.Assertions.assertDoesNotThrow(Assertions.java:3195) at app//dungeonmania.automarkingM3.TimeTravelTest.testOlderSelfTimeTravellingPortalNoBattleWithMidnightArmour(TimeTravelTest.java:487) Caused by: java.lang.IllegalArgumentException at dungeonmania.DungeonManiaController.build(DungeonManiaController.java:167) at dungeonmania.automarkingM3.TimeTravelTest.lambda$testOlderSelfTimeTravellingPortalNoBattleWithMidnightArmour$1(TimeTravelTest.java:487) at org.junit.jupiter.api.AssertDoesNotThrow.assertDoesNotThrow(AssertDoesNotThrow.java:72) ... 3 more FAILURE DONE 1 test completed, 1 failed FAILURE: Build failed with an exception. FRONTEND.md README.md SETUP.md assumptions.pdf build build.gradle config_template.json credits.md design.pdf extract_coverage.sh gradle gradlew gradlew.bat images planning.pdf setup src testing.pdf What went wrong: Execution failed for task ':test'. > There were failing tests. See the report at: file:///W15B_DONUT/build/reports/tests/test/index.html FRONTEND.md README.md SETUP.md assumptions.pdf build build.gradle config_template.json credits.md design.pdf extract_coverage.sh gradle gradlew gradlew.bat images planning.pdf setup src testing.pdf Try: > Run with --stacktrace option to get the stack trace. > Run with --info or --debug option to get more log output. > Run with --scan to get full insights. FRONTEND.md README.md SETUP.md assumptions.pdf build build.gradle config_template.json credits.md design.pdf extract_coverage.sh gradle gradlew gradlew.bat images planning.pdf setup src testing.pdf Get more help at https://help.gradle.org BUILD FAILED in 15s

Test 19-16: Test battle with older self if sunstone not in inventory
TimeTravelTest > Test battle with older self if sunstone not in inventory FAILED org.opentest4j.AssertionFailedError: Unexpected exception thrown: java.lang.IllegalArgumentException at app//org.junit.jupiter.api.AssertDoesNotThrow.createAssertionFailedError(AssertDoesNotThrow.java:83) at app//org.junit.jupiter.api.AssertDoesNotThrow.assertDoesNotThrow(AssertDoesNotThrow.java:76) at app//org.junit.jupiter.api.AssertDoesNotThrow.assertDoesNotThrow(AssertDoesNotThrow.java:59) at app//org.junit.jupiter.api.Assertions.assertDoesNotThrow(Assertions.java:3195) at app//dungeonmania.automarkingM3.TimeTravelTest.testOlderSelfTimeTravellingPortalBattleWithNoSunstone(TimeTravelTest.java:522) Caused by: java.lang.IllegalArgumentException at dungeonmania.DungeonManiaController.build(DungeonManiaController.java:167) at dungeonmania.automarkingM3.TimeTravelTest.lambda$testOlderSelfTimeTravellingPortalBattleWithNoSunstone$2(TimeTravelTest.java:522) at org.junit.jupiter.api.AssertDoesNotThrow.assertDoesNotThrow(AssertDoesNotThrow.java:72) ... 3 more FAILURE DONE 1 test completed, 1 failed FAILURE: Build failed with an exception. FRONTEND.md README.md SETUP.md assumptions.pdf build build.gradle config_template.json credits.md design.pdf extract_coverage.sh gradle gradlew gradlew.bat images planning.pdf setup src testing.pdf What went wrong: Execution failed for task ':test'. > There were failing tests. See the report at: file:///W15B_DONUT/build/reports/tests/test/index.html FRONTEND.md README.md SETUP.md assumptions.pdf build build.gradle config_template.json credits.md design.pdf extract_coverage.sh gradle gradlew gradlew.bat images planning.pdf setup src testing.pdf Try: > Run with --stacktrace option to get the stack trace. > Run with --info or --debug option to get more log output. > Run with --scan to get full insights. FRONTEND.md README.md SETUP.md assumptions.pdf build build.gradle config_template.json credits.md design.pdf extract_coverage.sh gradle gradlew gradlew.bat images planning.pdf setup src testing.pdf Get more help at https://help.gradle.org BUILD FAILED in 14s

Test 19-17: Test saving with Time Travel Extensions entities
SaveLoadTest > Test saving with Time Travel Extensions entities FAILED java.lang.NullPointerException at dungeonmania.automarking.TestHelpers.getEntitiesStream(TestHelpers.java:36) at dungeonmania.automarking.Utils.entityAtPosition(Utils.java:47) at dungeonmania.automarkingM3.SaveLoadTest.testSaveTimeTravelExtensions(SaveLoadTest.java:152) FAILURE DONE 1 test completed, 1 failed FAILURE: Build failed with an exception. FRONTEND.md README.md SETUP.md assumptions.pdf build build.gradle config_template.json credits.md design.pdf extract_coverage.sh gradle gradlew gradlew.bat images planning.pdf setup src testing.pdf What went wrong: Execution failed for task ':test'. > There were failing tests. See the report at: file:///W15B_DONUT/build/reports/tests/test/index.html FRONTEND.md README.md SETUP.md assumptions.pdf build build.gradle config_template.json credits.md design.pdf extract_coverage.sh gradle gradlew gradlew.bat images planning.pdf setup src testing.pdf Try: > Run with --stacktrace option to get the stack trace. > Run with --info or --debug option to get more log output. > Run with --scan to get full insights. FRONTEND.md README.md SETUP.md assumptions.pdf build build.gradle config_template.json credits.md design.pdf extract_coverage.sh gradle gradlew gradlew.bat images planning.pdf setup src testing.pdf Get more help at https://help.gradle.org BUILD FAILED in 11s

Test 19-18: Test save load with time travel portal - before time travel
SaveLoadTest > Test save load with time travel portal - before time travel FAILED org.opentest4j.AssertionFailedError: expected: <1> but was: <0> at app//org.junit.jupiter.api.AssertionUtils.fail(AssertionUtils.java:55) at app//org.junit.jupiter.api.AssertionUtils.failNotEqual(AssertionUtils.java:62) at app//org.junit.jupiter.api.AssertEquals.assertEquals(AssertEquals.java:150) at app//org.junit.jupiter.api.AssertEquals.assertEquals(AssertEquals.java:145) at app//org.junit.jupiter.api.Assertions.assertEquals(Assertions.java:527) at app//dungeonmania.automarkingM3.SaveLoadTest.TimeTravelPortalBefore(SaveLoadTest.java:456) FAILURE DONE 1 test completed, 1 failed FAILURE: Build failed with an exception. FRONTEND.md README.md SETUP.md assumptions.pdf build build.gradle config_template.json credits.md design.pdf extract_coverage.sh gradle gradlew gradlew.bat images planning.pdf setup src testing.pdf What went wrong: Execution failed for task ':test'. > There were failing tests. See the report at: file:///W15B_DONUT/build/reports/tests/test/index.html FRONTEND.md README.md SETUP.md assumptions.pdf build build.gradle config_template.json credits.md design.pdf extract_coverage.sh gradle gradlew gradlew.bat images planning.pdf setup src testing.pdf Try: > Run with --stacktrace option to get the stack trace. > Run with --info or --debug option to get more log output. > Run with --scan to get full insights. FRONTEND.md README.md SETUP.md assumptions.pdf build build.gradle config_template.json credits.md design.pdf extract_coverage.sh gradle gradlew gradlew.bat images planning.pdf setup src testing.pdf Get more help at https://help.gradle.org BUILD FAILED in 11s

Test 19-19: Test save load with time travel portal - after time travel
SaveLoadTest > Test save load with time travel portal - after time travel FAILED org.opentest4j.AssertionFailedError: expected: <1> but was: <0> at app//org.junit.jupiter.api.AssertionUtils.fail(AssertionUtils.java:55) at app//org.junit.jupiter.api.AssertionUtils.failNotEqual(AssertionUtils.java:62) at app//org.junit.jupiter.api.AssertEquals.assertEquals(AssertEquals.java:150) at app//org.junit.jupiter.api.AssertEquals.assertEquals(AssertEquals.java:145) at app//org.junit.jupiter.api.Assertions.assertEquals(Assertions.java:527) at app//dungeonmania.automarkingM3.SaveLoadTest.TimeTravelPortalAfter(SaveLoadTest.java:497) FAILURE DONE 1 test completed, 1 failed FAILURE: Build failed with an exception. FRONTEND.md README.md SETUP.md assumptions.pdf build build.gradle config_template.json credits.md design.pdf extract_coverage.sh gradle gradlew gradlew.bat images planning.pdf setup src testing.pdf What went wrong: Execution failed for task ':test'. > There were failing tests. See the report at: file:///W15B_DONUT/build/reports/tests/test/index.html FRONTEND.md README.md SETUP.md assumptions.pdf build build.gradle config_template.json credits.md design.pdf extract_coverage.sh gradle gradlew gradlew.bat images planning.pdf setup src testing.pdf Try: > Run with --stacktrace option to get the stack trace. > Run with --info or --debug option to get more log output. > Run with --scan to get full insights. FRONTEND.md README.md SETUP.md assumptions.pdf build build.gradle config_template.json credits.md design.pdf extract_coverage.sh gradle gradlew gradlew.bat images planning.pdf setup src testing.pdf Get more help at https://help.gradle.org BUILD FAILED in 12s

Test 19-20: Test save before time travelling
SaveLoadTest > Test save before time travelling FAILED java.lang.RuntimeException: rewind(int) doesn't exist at dungeonmania.automarkingM3.SaveLoadTest.testSaveBeforeTimeTravel(SaveLoadTest.java:316) FAILURE DONE 1 test completed, 1 failed FAILURE: Build failed with an exception. FRONTEND.md README.md SETUP.md assumptions.pdf build build.gradle config_template.json credits.md design.pdf extract_coverage.sh gradle gradlew gradlew.bat images planning.pdf setup src testing.pdf What went wrong: Execution failed for task ':test'. > There were failing tests. See the report at: file:///W15B_DONUT/build/reports/tests/test/index.html FRONTEND.md README.md SETUP.md assumptions.pdf build build.gradle config_template.json credits.md design.pdf extract_coverage.sh gradle gradlew gradlew.bat images planning.pdf setup src testing.pdf Try: > Run with --stacktrace option to get the stack trace. > Run with --info or --debug option to get more log output. > Run with --scan to get full insights. FRONTEND.md README.md SETUP.md assumptions.pdf build build.gradle config_template.json credits.md design.pdf extract_coverage.sh gradle gradlew gradlew.bat images planning.pdf setup src testing.pdf Get more help at https://help.gradle.org BUILD FAILED in 12s

Test 19-21: Test game continues as normal after time travel then immediately save
SaveLoadTest > Test game continues as normal after time travel, then immediately save FAILED java.lang.RuntimeException: rewind(int) doesn't exist at dungeonmania.automarkingM3.SaveLoadTest.testAfterTimeTravel(SaveLoadTest.java:247) FAILURE DONE 1 test completed, 1 failed FAILURE: Build failed with an exception. FRONTEND.md README.md SETUP.md assumptions.pdf build build.gradle config_template.json credits.md design.pdf extract_coverage.sh gradle gradlew gradlew.bat images planning.pdf setup src testing.pdf What went wrong: Execution failed for task ':test'. > There were failing tests. See the report at: file:///W15B_DONUT/build/reports/tests/test/index.html FRONTEND.md README.md SETUP.md assumptions.pdf build build.gradle config_template.json credits.md design.pdf extract_coverage.sh gradle gradlew gradlew.bat images planning.pdf setup src testing.pdf Try: > Run with --stacktrace option to get the stack trace. > Run with --info or --debug option to get more log output. > Run with --scan to get full insights. FRONTEND.md README.md SETUP.md assumptions.pdf build build.gradle config_template.json credits.md design.pdf extract_coverage.sh gradle gradlew gradlew.bat images planning.pdf setup src testing.pdf Get more help at https://help.gradle.org BUILD FAILED in 29m 50s

20. Logical Switches

Test 20-1: Test turning on a light bulb
LogicGatesTest > Test turning on a light bulb FAILED org.opentest4j.AssertionFailedError: expected: <1> but was: <0> at app//org.junit.jupiter.api.AssertionUtils.fail(AssertionUtils.java:55) at app//org.junit.jupiter.api.AssertionUtils.failNotEqual(AssertionUtils.java:62) at app//org.junit.jupiter.api.AssertEquals.assertEquals(AssertEquals.java:150) at app//org.junit.jupiter.api.AssertEquals.assertEquals(AssertEquals.java:145) at app//org.junit.jupiter.api.Assertions.assertEquals(Assertions.java:527) at app//dungeonmania.automarkingM3.LogicGatesTest.TurnOnLightBulb(LogicGatesTest.java:35) FAILURE DONE 1 test completed, 1 failed FAILURE: Build failed with an exception. FRONTEND.md README.md SETUP.md assumptions.pdf build build.gradle config_template.json credits.md design.pdf extract_coverage.sh gradle gradlew gradlew.bat images planning.pdf setup src testing.pdf What went wrong: Execution failed for task ':test'. > There were failing tests. See the report at: file:///W15B_DONUT/build/reports/tests/test/index.html FRONTEND.md README.md SETUP.md assumptions.pdf build build.gradle config_template.json credits.md design.pdf extract_coverage.sh gradle gradlew gradlew.bat images planning.pdf setup src testing.pdf Try: > Run with --stacktrace option to get the stack trace. > Run with --info or --debug option to get more log output. > Run with --scan to get full insights. FRONTEND.md README.md SETUP.md assumptions.pdf build build.gradle config_template.json credits.md design.pdf extract_coverage.sh gradle gradlew gradlew.bat images planning.pdf setup src testing.pdf Get more help at https://help.gradle.org BUILD FAILED in 3s

Test 20-2: Test activating a wire and exploding a bomb
LogicGatesTest > Test activating a wire and exploding a bomb FAILED org.opentest4j.AssertionFailedError: expected: <1> but was: <0> at app//org.junit.jupiter.api.AssertionUtils.fail(AssertionUtils.java:55) at app//org.junit.jupiter.api.AssertionUtils.failNotEqual(AssertionUtils.java:62) at app//org.junit.jupiter.api.AssertEquals.assertEquals(AssertEquals.java:150) at app//org.junit.jupiter.api.AssertEquals.assertEquals(AssertEquals.java:145) at app//org.junit.jupiter.api.Assertions.assertEquals(Assertions.java:527) at app//dungeonmania.automarkingM3.LogicGatesTest.ActivateWireAndExplodeBomb(LogicGatesTest.java:67) FAILURE DONE 1 test completed, 1 failed FAILURE: Build failed with an exception. FRONTEND.md README.md SETUP.md assumptions.pdf build build.gradle config_template.json credits.md design.pdf extract_coverage.sh gradle gradlew gradlew.bat images planning.pdf setup src testing.pdf What went wrong: Execution failed for task ':test'. > There were failing tests. See the report at: file:///W15B_DONUT/build/reports/tests/test/index.html FRONTEND.md README.md SETUP.md assumptions.pdf build build.gradle config_template.json credits.md design.pdf extract_coverage.sh gradle gradlew gradlew.bat images planning.pdf setup src testing.pdf Try: > Run with --stacktrace option to get the stack trace. > Run with --info or --debug option to get more log output. > Run with --scan to get full insights. FRONTEND.md README.md SETUP.md assumptions.pdf build build.gradle config_template.json credits.md design.pdf extract_coverage.sh gradle gradlew gradlew.bat images planning.pdf setup src testing.pdf Get more help at https://help.gradle.org BUILD FAILED in 3s

Test 20-3: Test complex logic switches with AND light bulb
LogicGatesTest > Test complex logic switches with AND light bulb FAILED org.opentest4j.AssertionFailedError: expected: <1> but was: <0> at app//org.junit.jupiter.api.AssertionUtils.fail(AssertionUtils.java:55) at app//org.junit.jupiter.api.AssertionUtils.failNotEqual(AssertionUtils.java:62) at app//org.junit.jupiter.api.AssertEquals.assertEquals(AssertEquals.java:150) at app//org.junit.jupiter.api.AssertEquals.assertEquals(AssertEquals.java:145) at app//org.junit.jupiter.api.Assertions.assertEquals(Assertions.java:527) at app//dungeonmania.automarkingM3.LogicGatesTest.LightBulbAnd(LogicGatesTest.java:89) FAILURE DONE 1 test completed, 1 failed FAILURE: Build failed with an exception. FRONTEND.md README.md SETUP.md assumptions.pdf build build.gradle config_template.json credits.md design.pdf extract_coverage.sh gradle gradlew gradlew.bat images planning.pdf setup src testing.pdf What went wrong: Execution failed for task ':test'. > There were failing tests. See the report at: file:///W15B_DONUT/build/reports/tests/test/index.html FRONTEND.md README.md SETUP.md assumptions.pdf build build.gradle config_template.json credits.md design.pdf extract_coverage.sh gradle gradlew gradlew.bat images planning.pdf setup src testing.pdf Try: > Run with --stacktrace option to get the stack trace. > Run with --info or --debug option to get more log output. > Run with --scan to get full insights. FRONTEND.md README.md SETUP.md assumptions.pdf build build.gradle config_template.json credits.md design.pdf extract_coverage.sh gradle gradlew gradlew.bat images planning.pdf setup src testing.pdf Get more help at https://help.gradle.org BUILD FAILED in 11s

Test 20-4: Test complex logic switches with XOR light bulb
LogicGatesTest > Test complex logic switches with XOR light bulb FAILED org.opentest4j.AssertionFailedError: expected: <1> but was: <0> at app//org.junit.jupiter.api.AssertionUtils.fail(AssertionUtils.java:55) at app//org.junit.jupiter.api.AssertionUtils.failNotEqual(AssertionUtils.java:62) at app//org.junit.jupiter.api.AssertEquals.assertEquals(AssertEquals.java:150) at app//org.junit.jupiter.api.AssertEquals.assertEquals(AssertEquals.java:145) at app//org.junit.jupiter.api.Assertions.assertEquals(Assertions.java:527) at app//dungeonmania.automarkingM3.LogicGatesTest.LightBulbXor(LogicGatesTest.java:116) FAILURE DONE 1 test completed, 1 failed FAILURE: Build failed with an exception. FRONTEND.md README.md SETUP.md assumptions.pdf build build.gradle config_template.json credits.md design.pdf extract_coverage.sh gradle gradlew gradlew.bat images planning.pdf setup src testing.pdf What went wrong: Execution failed for task ':test'. > There were failing tests. See the report at: file:///W15B_DONUT/build/reports/tests/test/index.html FRONTEND.md README.md SETUP.md assumptions.pdf build build.gradle config_template.json credits.md design.pdf extract_coverage.sh gradle gradlew gradlew.bat images planning.pdf setup src testing.pdf Try: > Run with --stacktrace option to get the stack trace. > Run with --info or --debug option to get more log output. > Run with --scan to get full insights. FRONTEND.md README.md SETUP.md assumptions.pdf build build.gradle config_template.json credits.md design.pdf extract_coverage.sh gradle gradlew gradlew.bat images planning.pdf setup src testing.pdf Get more help at https://help.gradle.org BUILD FAILED in 12s

Test 20-5: Test complex logic switches with CO_AND light bulb
LogicGatesTest > Test complex logic switches with CO_AND light bulb FAILED org.opentest4j.AssertionFailedError: expected: <1> but was: <0> at app//org.junit.jupiter.api.AssertionUtils.fail(AssertionUtils.java:55) at app//org.junit.jupiter.api.AssertionUtils.failNotEqual(AssertionUtils.java:62) at app//org.junit.jupiter.api.AssertEquals.assertEquals(AssertEquals.java:150) at app//org.junit.jupiter.api.AssertEquals.assertEquals(AssertEquals.java:145) at app//org.junit.jupiter.api.Assertions.assertEquals(Assertions.java:527) at app//dungeonmania.automarkingM3.LogicGatesTest.LightBulbCoAnd(LogicGatesTest.java:136) FAILURE DONE 1 test completed, 1 failed FAILURE: Build failed with an exception. FRONTEND.md README.md SETUP.md assumptions.pdf build build.gradle config_template.json credits.md design.pdf extract_coverage.sh gradle gradlew gradlew.bat images planning.pdf setup src testing.pdf What went wrong: Execution failed for task ':test'. > There were failing tests. See the report at: file:///W15B_DONUT/build/reports/tests/test/index.html FRONTEND.md README.md SETUP.md assumptions.pdf build build.gradle config_template.json credits.md design.pdf extract_coverage.sh gradle gradlew gradlew.bat images planning.pdf setup src testing.pdf Try: > Run with --stacktrace option to get the stack trace. > Run with --info or --debug option to get more log output. > Run with --scan to get full insights. FRONTEND.md README.md SETUP.md assumptions.pdf build build.gradle config_template.json credits.md design.pdf extract_coverage.sh gradle gradlew gradlew.bat images planning.pdf setup src testing.pdf Get more help at https://help.gradle.org BUILD FAILED in 11s

Test 20-6: Test opening a switch door
LogicGatesTest > Test opening a switch door FAILED org.opentest4j.AssertionFailedError: expected: <Position [x=2, y=2, z=0]> but was: <Position [x=3, y=2, z=0]> at app//org.junit.jupiter.api.AssertionUtils.fail(AssertionUtils.java:55) at app//org.junit.jupiter.api.AssertionUtils.failNotEqual(AssertionUtils.java:62) at app//org.junit.jupiter.api.AssertEquals.assertEquals(AssertEquals.java:182) at app//org.junit.jupiter.api.AssertEquals.assertEquals(AssertEquals.java:177) at app//org.junit.jupiter.api.Assertions.assertEquals(Assertions.java:1141) at app//dungeonmania.automarkingM3.LogicGatesTest.SwitchDoor(LogicGatesTest.java:160) FAILURE DONE 1 test completed, 1 failed FAILURE: Build failed with an exception. FRONTEND.md README.md SETUP.md assumptions.pdf build build.gradle config_template.json credits.md design.pdf extract_coverage.sh gradle gradlew gradlew.bat images planning.pdf setup src testing.pdf What went wrong: Execution failed for task ':test'. > There were failing tests. See the report at: file:///W15B_DONUT/build/reports/tests/test/index.html FRONTEND.md README.md SETUP.md assumptions.pdf build build.gradle config_template.json credits.md design.pdf extract_coverage.sh gradle gradlew gradlew.bat images planning.pdf setup src testing.pdf Try: > Run with --stacktrace option to get the stack trace. > Run with --info or --debug option to get more log output. > Run with --scan to get full insights. FRONTEND.md README.md SETUP.md assumptions.pdf build build.gradle config_template.json credits.md design.pdf extract_coverage.sh gradle gradlew gradlew.bat images planning.pdf setup src testing.pdf Get more help at https://help.gradle.org BUILD FAILED in 11s

Test 20-7: Test an XOR switch door does not remain open
LogicGatesTest > Test an XOR switch door does not remain open FAILED org.opentest4j.AssertionFailedError: expected: <Position [x=2, y=2, z=0]> but was: <Position [x=3, y=2, z=0]> at app//org.junit.jupiter.api.AssertionUtils.fail(AssertionUtils.java:55) at app//org.junit.jupiter.api.AssertionUtils.failNotEqual(AssertionUtils.java:62) at app//org.junit.jupiter.api.AssertEquals.assertEquals(AssertEquals.java:182) at app//org.junit.jupiter.api.AssertEquals.assertEquals(AssertEquals.java:177) at app//org.junit.jupiter.api.Assertions.assertEquals(Assertions.java:1141) at app//dungeonmania.automarkingM3.LogicGatesTest.SwitchDoorCloses(LogicGatesTest.java:191) FAILURE DONE 1 test completed, 1 failed FAILURE: Build failed with an exception. FRONTEND.md README.md SETUP.md assumptions.pdf build build.gradle config_template.json credits.md design.pdf extract_coverage.sh gradle gradlew gradlew.bat images planning.pdf setup src testing.pdf What went wrong: Execution failed for task ':test'. > There were failing tests. See the report at: file:///W15B_DONUT/build/reports/tests/test/index.html FRONTEND.md README.md SETUP.md assumptions.pdf build build.gradle config_template.json credits.md design.pdf extract_coverage.sh gradle gradlew gradlew.bat images planning.pdf setup src testing.pdf Try: > Run with --stacktrace option to get the stack trace. > Run with --info or --debug option to get more log output. > Run with --scan to get full insights. FRONTEND.md README.md SETUP.md assumptions.pdf build build.gradle config_template.json credits.md design.pdf extract_coverage.sh gradle gradlew gradlew.bat images planning.pdf setup src testing.pdf Get more help at https://help.gradle.org BUILD FAILED in 12s

Test 20-8: Test activating one switch actives and interconnected Or Switch
LogicGatesTest > Test activating one switch actives and interconnected Or Switch FAILED org.opentest4j.AssertionFailedError: expected: <1> but was: <0> at app//org.junit.jupiter.api.AssertionUtils.fail(AssertionUtils.java:55) at app//org.junit.jupiter.api.AssertionUtils.failNotEqual(AssertionUtils.java:62) at app//org.junit.jupiter.api.AssertEquals.assertEquals(AssertEquals.java:150) at app//org.junit.jupiter.api.AssertEquals.assertEquals(AssertEquals.java:145) at app//org.junit.jupiter.api.Assertions.assertEquals(Assertions.java:527) at app//dungeonmania.automarkingM3.LogicGatesTest.ActivateOrSwitch(LogicGatesTest.java:226) FAILURE DONE 1 test completed, 1 failed FAILURE: Build failed with an exception. FRONTEND.md README.md SETUP.md assumptions.pdf build build.gradle config_template.json credits.md design.pdf extract_coverage.sh gradle gradlew gradlew.bat images planning.pdf setup src testing.pdf What went wrong: Execution failed for task ':test'. > There were failing tests. See the report at: file:///W15B_DONUT/build/reports/tests/test/index.html FRONTEND.md README.md SETUP.md assumptions.pdf build build.gradle config_template.json credits.md design.pdf extract_coverage.sh gradle gradlew gradlew.bat images planning.pdf setup src testing.pdf Try: > Run with --stacktrace option to get the stack trace. > Run with --info or --debug option to get more log output. > Run with --scan to get full insights. FRONTEND.md README.md SETUP.md assumptions.pdf build build.gradle config_template.json credits.md design.pdf extract_coverage.sh gradle gradlew gradlew.bat images planning.pdf setup src testing.pdf Get more help at https://help.gradle.org BUILD FAILED in 13s

21. Dungeon Generation

Test 21-1: Testing dungeon generation throws exception with invalid config file
GenerateTest > Testing dungeon generation throws exception with invalid config file FAILED org.opentest4j.AssertionFailedError: Unexpected exception type thrown ==> expected: <java.lang.reflect.InvocationTargetException> but was: <java.lang.RuntimeException> at app//org.junit.jupiter.api.AssertThrows.assertThrows(AssertThrows.java:65) at app//org.junit.jupiter.api.AssertThrows.assertThrows(AssertThrows.java:37) at app//org.junit.jupiter.api.Assertions.assertThrows(Assertions.java:3082) at app//dungeonmania.automarkingM3.GenerateTest.testGenerateInvalidConfig(GenerateTest.java:62) Caused by: java.lang.RuntimeException: generateDungeon(int, int, int, int, string) doesn't exist at dungeonmania.automarkingM3.GenerateTest.genDungeon(GenerateTest.java:47) at dungeonmania.automarkingM3.GenerateTest.lambda$testGenerateInvalidConfig$0(GenerateTest.java:62) at org.junit.jupiter.api.AssertThrows.assertThrows(AssertThrows.java:55) ... 3 more FAILURE DONE 1 test completed, 1 failed FAILURE: Build failed with an exception. FRONTEND.md README.md SETUP.md assumptions.pdf build build.gradle config_template.json credits.md design.pdf extract_coverage.sh gradle gradlew gradlew.bat images planning.pdf setup src testing.pdf What went wrong: Execution failed for task ':test'. > There were failing tests. See the report at: file:///W15B_DONUT/build/reports/tests/test/index.html FRONTEND.md README.md SETUP.md assumptions.pdf build build.gradle config_template.json credits.md design.pdf extract_coverage.sh gradle gradlew gradlew.bat images planning.pdf setup src testing.pdf Try: > Run with --stacktrace option to get the stack trace. > Run with --info or --debug option to get more log output. > Run with --scan to get full insights. FRONTEND.md README.md SETUP.md assumptions.pdf build build.gradle config_template.json credits.md design.pdf extract_coverage.sh gradle gradlew gradlew.bat images planning.pdf setup src testing.pdf Get more help at https://help.gradle.org BUILD FAILED in 13s

Test 21-2: Testing dungeon generation creates reasonable proportion of walls
GenerateTest > Testing dungeon generation creates reasonable proportion of walls > dungeonmania.automarkingM3.GenerateTest.testGenerateDungeon(int, int, int, int)[1] FAILED java.lang.RuntimeException: generateDungeon(int, int, int, int, string) doesn't exist at dungeonmania.automarkingM3.GenerateTest.genDungeon(GenerateTest.java:47) at dungeonmania.automarkingM3.GenerateTest.genDungeon(GenerateTest.java:34) at dungeonmania.automarkingM3.GenerateTest.genDungeon(GenerateTest.java:55) at dungeonmania.automarkingM3.GenerateTest.testGenerateDungeon(GenerateTest.java:70) GenerateTest > Testing dungeon generation creates reasonable proportion of walls > dungeonmania.automarkingM3.GenerateTest.testGenerateDungeon(int, int, int, int)[2] FAILED java.lang.RuntimeException: generateDungeon(int, int, int, int, string) doesn't exist at dungeonmania.automarkingM3.GenerateTest.genDungeon(GenerateTest.java:47) at dungeonmania.automarkingM3.GenerateTest.genDungeon(GenerateTest.java:34) at dungeonmania.automarkingM3.GenerateTest.genDungeon(GenerateTest.java:55) at dungeonmania.automarkingM3.GenerateTest.testGenerateDungeon(GenerateTest.java:70) GenerateTest > Testing dungeon generation creates reasonable proportion of walls > dungeonmania.automarkingM3.GenerateTest.testGenerateDungeon(int, int, int, int)[3] FAILED java.lang.RuntimeException: generateDungeon(int, int, int, int, string) doesn't exist at dungeonmania.automarkingM3.GenerateTest.genDungeon(GenerateTest.java:47) at dungeonmania.automarkingM3.GenerateTest.genDungeon(GenerateTest.java:34) at dungeonmania.automarkingM3.GenerateTest.genDungeon(GenerateTest.java:55) at dungeonmania.automarkingM3.GenerateTest.testGenerateDungeon(GenerateTest.java:70) FAILURE DONE 3 tests completed, 3 failed FAILURE: Build failed with an exception. FRONTEND.md README.md SETUP.md assumptions.pdf build build.gradle config_template.json credits.md design.pdf extract_coverage.sh gradle gradlew gradlew.bat images planning.pdf setup src testing.pdf What went wrong: Execution failed for task ':test'. > There were failing tests. See the report at: file:///W15B_DONUT/build/reports/tests/test/index.html FRONTEND.md README.md SETUP.md assumptions.pdf build build.gradle config_template.json credits.md design.pdf extract_coverage.sh gradle gradlew gradlew.bat images planning.pdf setup src testing.pdf Try: > Run with --stacktrace option to get the stack trace. > Run with --info or --debug option to get more log output. > Run with --scan to get full insights. FRONTEND.md README.md SETUP.md assumptions.pdf build build.gradle config_template.json credits.md design.pdf extract_coverage.sh gradle gradlew gradlew.bat images planning.pdf setup src testing.pdf Get more help at https://help.gradle.org BUILD FAILED in 15s

Test 21-3: Testing generated dungeons are solvable
GenerateTest > Testing generated dungeons are solvable > dungeonmania.automarkingM3.GenerateTest.testGeneratedDungeonPath(int, int, int, int)[1] FAILED java.lang.RuntimeException: generateDungeon(int, int, int, int, string) doesn't exist at dungeonmania.automarkingM3.GenerateTest.genDungeon(GenerateTest.java:47) at dungeonmania.automarkingM3.GenerateTest.genDungeon(GenerateTest.java:34) at dungeonmania.automarkingM3.GenerateTest.genDungeon(GenerateTest.java:55) at dungeonmania.automarkingM3.GenerateTest.testGeneratedDungeonPath(GenerateTest.java:97) GenerateTest > Testing generated dungeons are solvable > dungeonmania.automarkingM3.GenerateTest.testGeneratedDungeonPath(int, int, int, int)[2] FAILED java.lang.RuntimeException: generateDungeon(int, int, int, int, string) doesn't exist at dungeonmania.automarkingM3.GenerateTest.genDungeon(GenerateTest.java:47) at dungeonmania.automarkingM3.GenerateTest.genDungeon(GenerateTest.java:34) at dungeonmania.automarkingM3.GenerateTest.genDungeon(GenerateTest.java:55) at dungeonmania.automarkingM3.GenerateTest.testGeneratedDungeonPath(GenerateTest.java:97) GenerateTest > Testing generated dungeons are solvable > dungeonmania.automarkingM3.GenerateTest.testGeneratedDungeonPath(int, int, int, int)[3] FAILED java.lang.RuntimeException: generateDungeon(int, int, int, int, string) doesn't exist at dungeonmania.automarkingM3.GenerateTest.genDungeon(GenerateTest.java:47) at dungeonmania.automarkingM3.GenerateTest.genDungeon(GenerateTest.java:34) at dungeonmania.automarkingM3.GenerateTest.genDungeon(GenerateTest.java:55) at dungeonmania.automarkingM3.GenerateTest.testGeneratedDungeonPath(GenerateTest.java:97) FAILURE DONE 3 tests completed, 3 failed FAILURE: Build failed with an exception. FRONTEND.md README.md SETUP.md assumptions.pdf build build.gradle config_template.json credits.md design.pdf extract_coverage.sh gradle gradlew gradlew.bat images planning.pdf setup src testing.pdf What went wrong: Execution failed for task ':test'. > There were failing tests. See the report at: file:///W15B_DONUT/build/reports/tests/test/index.html FRONTEND.md README.md SETUP.md assumptions.pdf build build.gradle config_template.json credits.md design.pdf extract_coverage.sh gradle gradlew gradlew.bat images planning.pdf setup src testing.pdf Try: > Run with --stacktrace option to get the stack trace. > Run with --info or --debug option to get more log output. > Run with --scan to get full insights. FRONTEND.md README.md SETUP.md assumptions.pdf build build.gradle config_template.json credits.md design.pdf extract_coverage.sh gradle gradlew gradlew.bat images planning.pdf setup src testing.pdf Get more help at https://help.gradle.org BUILD FAILED in 54s

Test 21-4: Testing all non-wall grids are reachable
GenerateTest > Testing all non-wall grids are reachable > dungeonmania.automarkingM3.GenerateTest.testGeneratedDungeonReachable(int, int, int, int)[1] FAILED java.lang.RuntimeException: generateDungeon(int, int, int, int, string) doesn't exist at dungeonmania.automarkingM3.GenerateTest.genDungeon(GenerateTest.java:47) at dungeonmania.automarkingM3.GenerateTest.genDungeon(GenerateTest.java:34) at dungeonmania.automarkingM3.GenerateTest.genDungeon(GenerateTest.java:55) at dungeonmania.automarkingM3.GenerateTest.testGeneratedDungeonReachable(GenerateTest.java:109) GenerateTest > Testing all non-wall grids are reachable > dungeonmania.automarkingM3.GenerateTest.testGeneratedDungeonReachable(int, int, int, int)[2] FAILED java.lang.RuntimeException: generateDungeon(int, int, int, int, string) doesn't exist at dungeonmania.automarkingM3.GenerateTest.genDungeon(GenerateTest.java:47) at dungeonmania.automarkingM3.GenerateTest.genDungeon(GenerateTest.java:34) at dungeonmania.automarkingM3.GenerateTest.genDungeon(GenerateTest.java:55) at dungeonmania.automarkingM3.GenerateTest.testGeneratedDungeonReachable(GenerateTest.java:109) GenerateTest > Testing all non-wall grids are reachable > dungeonmania.automarkingM3.GenerateTest.testGeneratedDungeonReachable(int, int, int, int)[3] FAILED java.lang.RuntimeException: generateDungeon(int, int, int, int, string) doesn't exist at dungeonmania.automarkingM3.GenerateTest.genDungeon(GenerateTest.java:47) at dungeonmania.automarkingM3.GenerateTest.genDungeon(GenerateTest.java:34) at dungeonmania.automarkingM3.GenerateTest.genDungeon(GenerateTest.java:55) at dungeonmania.automarkingM3.GenerateTest.testGeneratedDungeonReachable(GenerateTest.java:109) FAILURE DONE 3 tests completed, 3 failed FAILURE: Build failed with an exception. FRONTEND.md README.md SETUP.md assumptions.pdf build build.gradle config_template.json credits.md design.pdf extract_coverage.sh gradle gradlew gradlew.bat images planning.pdf setup src testing.pdf What went wrong: Execution failed for task ':test'. > There were failing tests. See the report at: file:///W15B_DONUT/build/reports/tests/test/index.html FRONTEND.md README.md SETUP.md assumptions.pdf build build.gradle config_template.json credits.md design.pdf extract_coverage.sh gradle gradlew gradlew.bat images planning.pdf setup src testing.pdf Try: > Run with --stacktrace option to get the stack trace. > Run with --info or --debug option to get more log output. > Run with --scan to get full insights. FRONTEND.md README.md SETUP.md assumptions.pdf build build.gradle config_template.json credits.md design.pdf extract_coverage.sh gradle gradlew gradlew.bat images planning.pdf setup src testing.pdf Get more help at https://help.gradle.org BUILD FAILED in 12s

Test 21-5: Testing there's a surrounding wall
GenerateTest > Testing there's a surrounding wall > dungeonmania.automarkingM3.GenerateTest.testGeneratedDungeonSurroundingWalls(int, int, int, int)[1] FAILED java.lang.RuntimeException: generateDungeon(int, int, int, int, string) doesn't exist at dungeonmania.automarkingM3.GenerateTest.genDungeon(GenerateTest.java:47) at dungeonmania.automarkingM3.GenerateTest.genDungeon(GenerateTest.java:34) at dungeonmania.automarkingM3.GenerateTest.genDungeon(GenerateTest.java:55) at dungeonmania.automarkingM3.GenerateTest.testGeneratedDungeonSurroundingWalls(GenerateTest.java:130) GenerateTest > Testing there's a surrounding wall > dungeonmania.automarkingM3.GenerateTest.testGeneratedDungeonSurroundingWalls(int, int, int, int)[2] FAILED java.lang.RuntimeException: generateDungeon(int, int, int, int, string) doesn't exist at dungeonmania.automarkingM3.GenerateTest.genDungeon(GenerateTest.java:47) at dungeonmania.automarkingM3.GenerateTest.genDungeon(GenerateTest.java:34) at dungeonmania.automarkingM3.GenerateTest.genDungeon(GenerateTest.java:55) at dungeonmania.automarkingM3.GenerateTest.testGeneratedDungeonSurroundingWalls(GenerateTest.java:130) GenerateTest > Testing there's a surrounding wall > dungeonmania.automarkingM3.GenerateTest.testGeneratedDungeonSurroundingWalls(int, int, int, int)[3] FAILED java.lang.RuntimeException: generateDungeon(int, int, int, int, string) doesn't exist at dungeonmania.automarkingM3.GenerateTest.genDungeon(GenerateTest.java:47) at dungeonmania.automarkingM3.GenerateTest.genDungeon(GenerateTest.java:34) at dungeonmania.automarkingM3.GenerateTest.genDungeon(GenerateTest.java:55) at dungeonmania.automarkingM3.GenerateTest.testGeneratedDungeonSurroundingWalls(GenerateTest.java:130) FAILURE DONE 3 tests completed, 3 failed FAILURE: Build failed with an exception. FRONTEND.md README.md SETUP.md assumptions.pdf build build.gradle config_template.json credits.md design.pdf extract_coverage.sh gradle gradlew gradlew.bat images planning.pdf setup src testing.pdf What went wrong: Execution failed for task ':test'. > There were failing tests. See the report at: file:///W15B_DONUT/build/reports/tests/test/index.html FRONTEND.md README.md SETUP.md assumptions.pdf build build.gradle config_template.json credits.md design.pdf extract_coverage.sh gradle gradlew gradlew.bat images planning.pdf setup src testing.pdf Try: > Run with --stacktrace option to get the stack trace. > Run with --info or --debug option to get more log output. > Run with --scan to get full insights. FRONTEND.md README.md SETUP.md assumptions.pdf build build.gradle config_template.json credits.md design.pdf extract_coverage.sh gradle gradlew gradlew.bat images planning.pdf setup src testing.pdf Get more help at https://help.gradle.org BUILD FAILED in 11s

Test 21-6: Testing the generated game can be saved & loaded
GenerateTest > Testing the generated game can be saved & loaded FAILED java.lang.RuntimeException: generateDungeon(int, int, int, int, string) doesn't exist at dungeonmania.automarkingM3.GenerateTest.genDungeon(GenerateTest.java:47) at dungeonmania.automarkingM3.GenerateTest.genDungeon(GenerateTest.java:34) at dungeonmania.automarkingM3.GenerateTest.testGeneratedDungeonSaveAndLoad(GenerateTest.java:153) FAILURE DONE 1 test completed, 1 failed FAILURE: Build failed with an exception. FRONTEND.md README.md SETUP.md assumptions.pdf build build.gradle config_template.json credits.md design.pdf extract_coverage.sh gradle gradlew gradlew.bat images planning.pdf setup src testing.pdf What went wrong: Execution failed for task ':test'. > There were failing tests. See the report at: file:///W15B_DONUT/build/reports/tests/test/index.html FRONTEND.md README.md SETUP.md assumptions.pdf build build.gradle config_template.json credits.md design.pdf extract_coverage.sh gradle gradlew gradlew.bat images planning.pdf setup src testing.pdf Try: > Run with --stacktrace option to get the stack trace. > Run with --info or --debug option to get more log output. > Run with --scan to get full insights. FRONTEND.md README.md SETUP.md assumptions.pdf build build.gradle config_template.json credits.md design.pdf extract_coverage.sh gradle gradlew gradlew.bat images planning.pdf setup src testing.pdf Get more help at https://help.gradle.org BUILD FAILED in 11s

Test 21-7: Testing player can win
GenerateTest > Testing player can win FAILED java.lang.RuntimeException: generateDungeon(int, int, int, int, string) doesn't exist at dungeonmania.automarkingM3.GenerateTest.genDungeon(GenerateTest.java:47) at dungeonmania.automarkingM3.GenerateTest.genDungeon(GenerateTest.java:34) at dungeonmania.automarkingM3.GenerateTest.testGeneratedPlayable(GenerateTest.java:171) FAILURE DONE 1 test completed, 1 failed FAILURE: Build failed with an exception. FRONTEND.md README.md SETUP.md assumptions.pdf build build.gradle config_template.json credits.md design.pdf extract_coverage.sh gradle gradlew gradlew.bat images planning.pdf setup src testing.pdf What went wrong: Execution failed for task ':test'. > There were failing tests. See the report at: file:///W15B_DONUT/build/reports/tests/test/index.html FRONTEND.md README.md SETUP.md assumptions.pdf build build.gradle config_template.json credits.md design.pdf extract_coverage.sh gradle gradlew gradlew.bat images planning.pdf setup src testing.pdf Try: > Run with --stacktrace option to get the stack trace. > Run with --info or --debug option to get more log output. > Run with --scan to get full insights. FRONTEND.md README.md SETUP.md assumptions.pdf build build.gradle config_template.json credits.md design.pdf extract_coverage.sh gradle gradlew gradlew.bat images planning.pdf setup src testing.pdf Get more help at https://help.gradle.org BUILD FAILED in 11s

Test 21-8: Testing large tests are unlikely to be the same
GenerateTest > Testing large tests are unlikely to be the same FAILED java.lang.RuntimeException: generateDungeon(int, int, int, int, string) doesn't exist at dungeonmania.automarkingM3.GenerateTest.genDungeon(GenerateTest.java:47) at dungeonmania.automarkingM3.GenerateTest.genDungeon(GenerateTest.java:34) at dungeonmania.automarkingM3.GenerateTest.testGeneratedRandom(GenerateTest.java:226) FAILURE DONE 1 test completed, 1 failed FAILURE: Build failed with an exception. FRONTEND.md README.md SETUP.md assumptions.pdf build build.gradle config_template.json credits.md design.pdf extract_coverage.sh gradle gradlew gradlew.bat images planning.pdf setup src testing.pdf What went wrong: Execution failed for task ':test'. > There were failing tests. See the report at: file:///W15B_DONUT/build/reports/tests/test/index.html FRONTEND.md README.md SETUP.md assumptions.pdf build build.gradle config_template.json credits.md design.pdf extract_coverage.sh gradle gradlew gradlew.bat images planning.pdf setup src testing.pdf Try: > Run with --stacktrace option to get the stack trace. > Run with --info or --debug option to get more log output. > Run with --scan to get full insights. FRONTEND.md README.md SETUP.md assumptions.pdf build build.gradle config_template.json credits.md design.pdf extract_coverage.sh gradle gradlew gradlew.bat images planning.pdf setup src testing.pdf Get more help at https://help.gradle.org BUILD FAILED in 10s

22. Hidden Tests

